{"/workspaces/Leidy-cleaner/backend/src/app.ts": {"path":"/workspaces/Leidy-cleaner/backend/src/app.ts","statementMap":{"0":{"start":{"line":1,"column":0},"end":{"line":1,"column":62}},"1":{"start":{"line":2,"column":0},"end":{"line":2,"column":24}},"2":{"start":{"line":3,"column":0},"end":{"line":3,"column":28}},"3":{"start":{"line":4,"column":0},"end":{"line":4,"column":28}},"4":{"start":{"line":5,"column":0},"end":{"line":5,"column":41}},"5":{"start":{"line":6,"column":0},"end":{"line":6,"column":24}},"6":{"start":{"line":7,"column":0},"end":{"line":7,"column":49}},"7":{"start":{"line":8,"column":0},"end":{"line":8,"column":47}},"8":{"start":{"line":9,"column":0},"end":{"line":9,"column":54}},"9":{"start":{"line":10,"column":0},"end":{"line":10,"column":57}},"10":{"start":{"line":11,"column":0},"end":{"line":11,"column":74}},"11":{"start":{"line":12,"column":0},"end":{"line":12,"column":null}},"12":{"start":{"line":27,"column":0},"end":{"line":27,"column":64}},"13":{"start":{"line":29,"column":21},"end":{"line":29,"column":30}},"14":{"start":{"line":32,"column":0},"end":{"line":32,"column":26}},"15":{"start":{"line":35,"column":0},"end":{"line":51,"column":4}},"16":{"start":{"line":53,"column":0},"end":{"line":65,"column":4}},"17":{"start":{"line":55,"column":4},"end":{"line":55,"column":45}},"18":{"start":{"line":55,"column":17},"end":{"line":55,"column":45}},"19":{"start":{"line":56,"column":20},"end":{"line":56,"column":100}},"20":{"start":{"line":57,"column":4},"end":{"line":59,"column":5}},"21":{"start":{"line":57,"column":54},"end":{"line":57,"column":74}},"22":{"start":{"line":58,"column":6},"end":{"line":58,"column":34}},"23":{"start":{"line":60,"column":4},"end":{"line":60,"column":54}},"24":{"start":{"line":67,"column":0},"end":{"line":67,"column":24}},"25":{"start":{"line":69,"column":0},"end":{"line":73,"column":4}},"26":{"start":{"line":71,"column":32},"end":{"line":71,"column":59}},"27":{"start":{"line":76,"column":0},"end":{"line":76,"column":39}},"28":{"start":{"line":77,"column":0},"end":{"line":77,"column":34}},"29":{"start":{"line":79,"column":0},"end":{"line":79,"column":41}},"30":{"start":{"line":80,"column":0},"end":{"line":80,"column":63}},"31":{"start":{"line":81,"column":0},"end":{"line":81,"column":23}},"32":{"start":{"line":83,"column":0},"end":{"line":83,"column":75}},"33":{"start":{"line":85,"column":0},"end":{"line":85,"column":18}},"34":{"start":{"line":87,"column":0},"end":{"line":171,"column":3}},"35":{"start":{"line":88,"column":27},"end":{"line":88,"column":66}},"36":{"start":{"line":89,"column":30},"end":{"line":89,"column":72}},"37":{"start":{"line":90,"column":34},"end":{"line":90,"column":80}},"38":{"start":{"line":92,"column":17},"end":{"line":110,"column":4}},"39":{"start":{"line":112,"column":2},"end":{"line":125,"column":3}},"40":{"start":{"line":113,"column":22},"end":{"line":113,"column":49}},"41":{"start":{"line":114,"column":4},"end":{"line":114,"column":50}},"42":{"start":{"line":115,"column":4},"end":{"line":115,"column":59}},"43":{"start":{"line":115,"column":33},"end":{"line":115,"column":57}},"44":{"start":{"line":116,"column":19},"end":{"line":116,"column":50}},"45":{"start":{"line":117,"column":4},"end":{"line":117,"column":49}},"46":{"start":{"line":118,"column":4},"end":{"line":118,"column":34}},"47":{"start":{"line":120,"column":4},"end":{"line":120,"column":28}},"48":{"start":{"line":121,"column":4},"end":{"line":121,"column":35}},"49":{"start":{"line":122,"column":4},"end":{"line":122,"column":92}},"50":{"start":{"line":123,"column":4},"end":{"line":123,"column":50}},"51":{"start":{"line":124,"column":4},"end":{"line":124,"column":64}},"52":{"start":{"line":128,"column":2},"end":{"line":134,"column":3}},"53":{"start":{"line":129,"column":23},"end":{"line":129,"column":52}},"54":{"start":{"line":130,"column":4},"end":{"line":130,"column":47}},"55":{"start":{"line":131,"column":4},"end":{"line":131,"column":39}},"56":{"start":{"line":133,"column":4},"end":{"line":133,"column":54}},"57":{"start":{"line":137,"column":2},"end":{"line":142,"column":3}},"58":{"start":{"line":138,"column":26},"end":{"line":138,"column":52}},"59":{"start":{"line":139,"column":4},"end":{"line":139,"column":46}},"60":{"start":{"line":141,"column":4},"end":{"line":141,"column":58}},"61":{"start":{"line":145,"column":2},"end":{"line":151,"column":3}},"62":{"start":{"line":146,"column":19},"end":{"line":146,"column":61}},"63":{"start":{"line":147,"column":4},"end":{"line":147,"column":41}},"64":{"start":{"line":148,"column":4},"end":{"line":148,"column":48}},"65":{"start":{"line":150,"column":4},"end":{"line":150,"column":62}},"66":{"start":{"line":153,"column":19},"end":{"line":153,"column":40}},"67":{"start":{"line":154,"column":21},"end":{"line":159,"column":4}},"68":{"start":{"line":161,"column":2},"end":{"line":164,"column":3}},"69":{"start":{"line":162,"column":4},"end":{"line":162,"column":33}},"70":{"start":{"line":163,"column":4},"end":{"line":163,"column":30}},"71":{"start":{"line":166,"column":21},"end":{"line":166,"column":91}},"72":{"start":{"line":167,"column":2},"end":{"line":170,"column":5}},"73":{"start":{"line":174,"column":0},"end":{"line":174,"column":36}},"74":{"start":{"line":175,"column":0},"end":{"line":175,"column":43}},"75":{"start":{"line":176,"column":0},"end":{"line":176,"column":44}},"76":{"start":{"line":177,"column":0},"end":{"line":177,"column":44}},"77":{"start":{"line":178,"column":0},"end":{"line":178,"column":42}},"78":{"start":{"line":179,"column":0},"end":{"line":179,"column":38}},"79":{"start":{"line":180,"column":0},"end":{"line":180,"column":42}},"80":{"start":{"line":181,"column":0},"end":{"line":181,"column":38}},"81":{"start":{"line":182,"column":0},"end":{"line":182,"column":36}},"82":{"start":{"line":183,"column":0},"end":{"line":183,"column":46}},"83":{"start":{"line":184,"column":0},"end":{"line":184,"column":40}},"84":{"start":{"line":185,"column":0},"end":{"line":185,"column":32}},"85":{"start":{"line":187,"column":0},"end":{"line":189,"column":1}},"86":{"start":{"line":188,"column":2},"end":{"line":188,"column":38}},"87":{"start":{"line":191,"column":0},"end":{"line":203,"column":3}},"88":{"start":{"line":192,"column":2},"end":{"line":202,"column":5}},"89":{"start":{"line":206,"column":0},"end":{"line":212,"column":3}},"90":{"start":{"line":207,"column":2},"end":{"line":211,"column":5}},"91":{"start":{"line":215,"column":0},"end":{"line":215,"column":22}},"92":{"start":{"line":218,"column":0},"end":{"line":218,"column":19}}},"fnMap":{"0":{"name":"(anonymous_10)","decl":{"start":{"line":54,"column":10},"end":{"line":54,"column":20}},"loc":{"start":{"line":54,"column":36},"end":{"line":61,"column":3}}},"1":{"name":"(anonymous_11)","decl":{"start":{"line":57,"column":49},"end":{"line":57,"column":50}},"loc":{"start":{"line":57,"column":54},"end":{"line":57,"column":74}}},"2":{"name":"(anonymous_12)","decl":{"start":{"line":71,"column":11},"end":{"line":71,"column":12}},"loc":{"start":{"line":71,"column":32},"end":{"line":71,"column":59}}},"3":{"name":"(anonymous_13)","decl":{"start":{"line":87,"column":19},"end":{"line":87,"column":24}},"loc":{"start":{"line":87,"column":58},"end":{"line":171,"column":1}}},"4":{"name":"(anonymous_14)","decl":{"start":{"line":88,"column":27},"end":{"line":88,"column":40}},"loc":{"start":{"line":88,"column":27},"end":{"line":88,"column":66}}},"5":{"name":"(anonymous_15)","decl":{"start":{"line":89,"column":30},"end":{"line":89,"column":43}},"loc":{"start":{"line":89,"column":30},"end":{"line":89,"column":72}}},"6":{"name":"(anonymous_16)","decl":{"start":{"line":90,"column":34},"end":{"line":90,"column":47}},"loc":{"start":{"line":90,"column":34},"end":{"line":90,"column":80}}},"7":{"name":"(anonymous_17)","decl":{"start":{"line":115,"column":22},"end":{"line":115,"column":29}},"loc":{"start":{"line":115,"column":33},"end":{"line":115,"column":57}}},"8":{"name":"(anonymous_18)","decl":{"start":{"line":191,"column":26},"end":{"line":191,"column":27}},"loc":{"start":{"line":191,"column":59},"end":{"line":203,"column":1}}},"9":{"name":"(anonymous_19)","decl":{"start":{"line":206,"column":8},"end":{"line":206,"column":9}},"loc":{"start":{"line":206,"column":40},"end":{"line":212,"column":1}}}},"branchMap":{"0":{"loc":{"start":{"line":55,"column":4},"end":{"line":55,"column":45}},"type":"if","locations":[{"start":{"line":55,"column":4},"end":{"line":55,"column":45}}]},"1":{"loc":{"start":{"line":57,"column":4},"end":{"line":59,"column":5}},"type":"if","locations":[{"start":{"line":57,"column":4},"end":{"line":59,"column":5}}]},"2":{"loc":{"start":{"line":57,"column":8},"end":{"line":57,"column":75}},"type":"binary-expr","locations":[{"start":{"line":57,"column":8},"end":{"line":57,"column":32}},{"start":{"line":57,"column":36},"end":{"line":57,"column":75}}]},"3":{"loc":{"start":{"line":96,"column":13},"end":{"line":96,"column":55}},"type":"binary-expr","locations":[{"start":{"line":96,"column":13},"end":{"line":96,"column":44}},{"start":{"line":96,"column":48},"end":{"line":96,"column":55}}]},"4":{"loc":{"start":{"line":161,"column":2},"end":{"line":164,"column":3}},"type":"if","locations":[{"start":{"line":161,"column":2},"end":{"line":164,"column":3}}]},"5":{"loc":{"start":{"line":166,"column":21},"end":{"line":166,"column":91}},"type":"cond-expr","locations":[{"start":{"line":166,"column":46},"end":{"line":166,"column":49}},{"start":{"line":166,"column":52},"end":{"line":166,"column":91}}]},"6":{"loc":{"start":{"line":166,"column":52},"end":{"line":166,"column":91}},"type":"cond-expr","locations":[{"start":{"line":166,"column":82},"end":{"line":166,"column":85}},{"start":{"line":166,"column":88},"end":{"line":166,"column":91}}]},"7":{"loc":{"start":{"line":187,"column":0},"end":{"line":189,"column":1}},"type":"if","locations":[{"start":{"line":187,"column":0},"end":{"line":189,"column":1}}]}},"s":{"0":5,"1":5,"2":5,"3":5,"4":5,"5":5,"6":5,"7":5,"8":5,"9":5,"10":5,"11":5,"12":5,"13":5,"14":5,"15":5,"16":5,"17":0,"18":0,"19":0,"20":0,"21":0,"22":0,"23":0,"24":5,"25":5,"26":0,"27":5,"28":5,"29":5,"30":5,"31":5,"32":5,"33":5,"34":5,"35":0,"36":0,"37":0,"38":0,"39":0,"40":0,"41":0,"42":0,"43":0,"44":0,"45":0,"46":0,"47":0,"48":0,"49":0,"50":0,"51":0,"52":0,"53":0,"54":0,"55":0,"56":0,"57":0,"58":0,"59":0,"60":0,"61":0,"62":0,"63":0,"64":0,"65":0,"66":0,"67":0,"68":0,"69":0,"70":0,"71":0,"72":0,"73":5,"74":5,"75":5,"76":5,"77":5,"78":5,"79":5,"80":5,"81":5,"82":5,"83":5,"84":5,"85":5,"86":5,"87":5,"88":0,"89":5,"90":0,"91":5,"92":5},"f":{"0":0,"1":0,"2":0,"3":0,"4":0,"5":0,"6":0,"7":0,"8":0,"9":0},"b":{"0":[0],"1":[0],"2":[0,0],"3":[0,0],"4":[0],"5":[0,0],"6":[0,0],"7":[5]}}
,"/workspaces/Leidy-cleaner/backend/src/config.ts": {"path":"/workspaces/Leidy-cleaner/backend/src/config.ts","statementMap":{"0":{"start":{"line":1,"column":0},"end":{"line":1,"column":28}},"1":{"start":{"line":4,"column":0},"end":{"line":4,"column":16}},"2":{"start":{"line":6,"column":13},"end":{"line":6,"column":53}},"3":{"start":{"line":7,"column":13},"end":{"line":7,"column":62}},"4":{"start":{"line":8,"column":13},"end":{"line":8,"column":80}},"5":{"start":{"line":9,"column":13},"end":{"line":9,"column":57}},"6":{"start":{"line":10,"column":13},"end":{"line":14,"column":30}}},"fnMap":{},"branchMap":{"0":{"loc":{"start":{"line":6,"column":20},"end":{"line":6,"column":52}},"type":"binary-expr","locations":[{"start":{"line":6,"column":20},"end":{"line":6,"column":44}},{"start":{"line":6,"column":48},"end":{"line":6,"column":52}}]},"1":{"loc":{"start":{"line":7,"column":24},"end":{"line":7,"column":61}},"type":"binary-expr","locations":[{"start":{"line":7,"column":24},"end":{"line":7,"column":44}},{"start":{"line":7,"column":48},"end":{"line":7,"column":61}}]},"2":{"loc":{"start":{"line":8,"column":28},"end":{"line":8,"column":79}},"type":"binary-expr","locations":[{"start":{"line":8,"column":28},"end":{"line":8,"column":52}},{"start":{"line":8,"column":56},"end":{"line":8,"column":79}}]},"3":{"loc":{"start":{"line":9,"column":23},"end":{"line":9,"column":56}},"type":"binary-expr","locations":[{"start":{"line":9,"column":23},"end":{"line":9,"column":42}},{"start":{"line":9,"column":46},"end":{"line":9,"column":56}}]}},"s":{"0":5,"1":5,"2":5,"3":5,"4":5,"5":5,"6":5},"f":{},"b":{"0":[5,0],"1":[5,0],"2":[5,0],"3":[5,0]}}
,"/workspaces/Leidy-cleaner/backend/src/main.ts": {"path":"/workspaces/Leidy-cleaner/backend/src/main.ts","statementMap":{"0":{"start":{"line":93,"column":17},"end":{"line":93,"column":28}},"1":{"start":{"line":93,"column":30},"end":{"line":93,"column":40}},"2":{"start":{"line":1,"column":0},"end":{"line":1,"column":24}},"3":{"start":{"line":2,"column":0},"end":{"line":2,"column":24}},"4":{"start":{"line":3,"column":0},"end":{"line":3,"column":32}},"5":{"start":{"line":4,"column":0},"end":{"line":4,"column":49}},"6":{"start":{"line":5,"column":0},"end":{"line":5,"column":51}},"7":{"start":{"line":6,"column":0},"end":{"line":6,"column":52}},"8":{"start":{"line":7,"column":0},"end":{"line":7,"column":61}},"9":{"start":{"line":8,"column":0},"end":{"line":8,"column":55}},"10":{"start":{"line":9,"column":0},"end":{"line":9,"column":51}},"11":{"start":{"line":10,"column":0},"end":{"line":10,"column":41}},"12":{"start":{"line":11,"column":0},"end":{"line":11,"column":51}},"13":{"start":{"line":13,"column":33},"end":{"line":13,"column":37}},"14":{"start":{"line":93,"column":9},"end":{"line":93,"column":15}},"15":{"start":{"line":14,"column":30},"end":{"line":14,"column":34}},"16":{"start":{"line":93,"column":42},"end":{"line":93,"column":44}},"17":{"start":{"line":19,"column":2},"end":{"line":24,"column":3}},"18":{"start":{"line":20,"column":4},"end":{"line":20,"column":48}},"19":{"start":{"line":21,"column":4},"end":{"line":21,"column":55}},"20":{"start":{"line":23,"column":4},"end":{"line":23,"column":66}},"21":{"start":{"line":27,"column":2},"end":{"line":33,"column":3}},"22":{"start":{"line":28,"column":4},"end":{"line":28,"column":26}},"23":{"start":{"line":29,"column":4},"end":{"line":29,"column":50}},"24":{"start":{"line":31,"column":4},"end":{"line":31,"column":44}},"25":{"start":{"line":36,"column":2},"end":{"line":36,"column":46}},"26":{"start":{"line":36,"column":25},"end":{"line":36,"column":44}},"27":{"start":{"line":39,"column":2},"end":{"line":47,"column":3}},"28":{"start":{"line":40,"column":4},"end":{"line":46,"column":5}},"29":{"start":{"line":41,"column":6},"end":{"line":41,"column":27}},"30":{"start":{"line":42,"column":6},"end":{"line":42,"column":44}},"31":{"start":{"line":44,"column":6},"end":{"line":44,"column":59}},"32":{"start":{"line":49,"column":2},"end":{"line":49,"column":34}},"33":{"start":{"line":52,"column":2},"end":{"line":57,"column":5}},"34":{"start":{"line":60,"column":2},"end":{"line":60,"column":26}},"35":{"start":{"line":63,"column":2},"end":{"line":76,"column":5}},"36":{"start":{"line":64,"column":4},"end":{"line":75,"column":7}},"37":{"start":{"line":65,"column":6},"end":{"line":65,"column":67}},"38":{"start":{"line":66,"column":6},"end":{"line":66,"column":60}},"39":{"start":{"line":69,"column":6},"end":{"line":69,"column":58}},"40":{"start":{"line":72,"column":6},"end":{"line":72,"column":35}},"41":{"start":{"line":74,"column":6},"end":{"line":74,"column":16}},"42":{"start":{"line":79,"column":0},"end":{"line":85,"column":1}},"43":{"start":{"line":81,"column":2},"end":{"line":84,"column":5}},"44":{"start":{"line":82,"column":4},"end":{"line":82,"column":49}},"45":{"start":{"line":83,"column":4},"end":{"line":83,"column":20}},"46":{"start":{"line":88,"column":2},"end":{"line":90,"column":3}},"47":{"start":{"line":89,"column":4},"end":{"line":89,"column":73}},"48":{"start":{"line":89,"column":41},"end":{"line":89,"column":71}},"49":{"start":{"line":89,"column":61},"end":{"line":89,"column":70}}},"fnMap":{"0":{"name":"startServer","decl":{"start":{"line":16,"column":15},"end":{"line":16,"column":26}},"loc":{"start":{"line":16,"column":26},"end":{"line":77,"column":1}}},"1":{"name":"(anonymous_2)","decl":{"start":{"line":36,"column":20},"end":{"line":36,"column":21}},"loc":{"start":{"line":36,"column":25},"end":{"line":36,"column":44}}},"2":{"name":"(anonymous_3)","decl":{"start":{"line":63,"column":21},"end":{"line":63,"column":22}},"loc":{"start":{"line":63,"column":33},"end":{"line":76,"column":3}}},"3":{"name":"(anonymous_4)","decl":{"start":{"line":64,"column":31},"end":{"line":64,"column":36}},"loc":{"start":{"line":64,"column":42},"end":{"line":75,"column":5}}},"4":{"name":"(anonymous_5)","decl":{"start":{"line":81,"column":22},"end":{"line":81,"column":25}},"loc":{"start":{"line":81,"column":28},"end":{"line":84,"column":3}}},"5":{"name":"stopServer","decl":{"start":{"line":87,"column":15},"end":{"line":87,"column":25}},"loc":{"start":{"line":87,"column":25},"end":{"line":91,"column":1}}},"6":{"name":"(anonymous_7)","decl":{"start":{"line":89,"column":28},"end":{"line":89,"column":29}},"loc":{"start":{"line":89,"column":41},"end":{"line":89,"column":71}}},"7":{"name":"(anonymous_8)","decl":{"start":{"line":89,"column":55},"end":{"line":89,"column":58}},"loc":{"start":{"line":89,"column":61},"end":{"line":89,"column":70}}}},"branchMap":{"0":{"loc":{"start":{"line":39,"column":2},"end":{"line":47,"column":3}},"type":"if","locations":[{"start":{"line":39,"column":2},"end":{"line":47,"column":3}}]},"1":{"loc":{"start":{"line":54,"column":14},"end":{"line":54,"column":65}},"type":"binary-expr","locations":[{"start":{"line":54,"column":14},"end":{"line":54,"column":38}},{"start":{"line":54,"column":42},"end":{"line":54,"column":65}}]},"2":{"loc":{"start":{"line":79,"column":0},"end":{"line":85,"column":1}},"type":"if","locations":[{"start":{"line":79,"column":0},"end":{"line":85,"column":1}}]},"3":{"loc":{"start":{"line":88,"column":2},"end":{"line":90,"column":3}},"type":"if","locations":[{"start":{"line":88,"column":2},"end":{"line":90,"column":3}}]}},"s":{"0":5,"1":5,"2":5,"3":5,"4":5,"5":5,"6":5,"7":5,"8":5,"9":5,"10":5,"11":5,"12":5,"13":5,"14":5,"15":5,"16":5,"17":0,"18":0,"19":0,"20":0,"21":0,"22":0,"23":0,"24":0,"25":0,"26":0,"27":0,"28":0,"29":0,"30":0,"31":0,"32":0,"33":0,"34":0,"35":0,"36":0,"37":0,"38":0,"39":0,"40":0,"41":0,"42":5,"43":0,"44":0,"45":0,"46":0,"47":0,"48":0,"49":0},"f":{"0":0,"1":0,"2":0,"3":0,"4":0,"5":0,"6":0,"7":0},"b":{"0":[0],"1":[0,0],"2":[0],"3":[0]}}
,"/workspaces/Leidy-cleaner/backend/src/controllers/AIController.ts": {"path":"/workspaces/Leidy-cleaner/backend/src/controllers/AIController.ts","statementMap":{"0":{"start":{"line":2,"column":0},"end":{"line":2,"column":67}},"1":{"start":{"line":3,"column":0},"end":{"line":3,"column":50}},"2":{"start":{"line":4,"column":0},"end":{"line":4,"column":50}},"3":{"start":{"line":6,"column":18},"end":{"line":6,"column":33}},"4":{"start":{"line":11,"column":4},"end":{"line":27,"column":5}},"5":{"start":{"line":12,"column":21},"end":{"line":12,"column":33}},"6":{"start":{"line":13,"column":6},"end":{"line":15,"column":7}},"7":{"start":{"line":14,"column":8},"end":{"line":14,"column":55}},"8":{"start":{"line":17,"column":20},"end":{"line":17,"column":60}},"9":{"start":{"line":18,"column":30},"end":{"line":18,"column":78}},"10":{"start":{"line":20,"column":6},"end":{"line":23,"column":9}},"11":{"start":{"line":25,"column":6},"end":{"line":25,"column":68}},"12":{"start":{"line":26,"column":6},"end":{"line":26,"column":59}},"13":{"start":{"line":32,"column":4},"end":{"line":50,"column":5}},"14":{"start":{"line":33,"column":28},"end":{"line":33,"column":38}},"15":{"start":{"line":34,"column":45},"end":{"line":34,"column":54}},"16":{"start":{"line":36,"column":30},"end":{"line":40,"column":null}},"17":{"start":{"line":43,"column":6},"end":{"line":46,"column":9}},"18":{"start":{"line":48,"column":6},"end":{"line":48,"column":66}},"19":{"start":{"line":49,"column":6},"end":{"line":49,"column":65}},"20":{"start":{"line":55,"column":4},"end":{"line":71,"column":5}},"21":{"start":{"line":56,"column":24},"end":{"line":56,"column":32}},"22":{"start":{"line":58,"column":6},"end":{"line":60,"column":7}},"23":{"start":{"line":59,"column":8},"end":{"line":59,"column":49}},"24":{"start":{"line":62,"column":23},"end":{"line":62,"column":65}},"25":{"start":{"line":64,"column":6},"end":{"line":67,"column":9}},"26":{"start":{"line":69,"column":6},"end":{"line":69,"column":61}},"27":{"start":{"line":70,"column":6},"end":{"line":70,"column":53}},"28":{"start":{"line":76,"column":4},"end":{"line":95,"column":5}},"29":{"start":{"line":78,"column":6},"end":{"line":80,"column":7}},"30":{"start":{"line":79,"column":8},"end":{"line":79,"column":53}},"31":{"start":{"line":82,"column":24},"end":{"line":82,"column":64}},"32":{"start":{"line":84,"column":6},"end":{"line":86,"column":7}},"33":{"start":{"line":85,"column":8},"end":{"line":85,"column":60}},"34":{"start":{"line":88,"column":6},"end":{"line":91,"column":9}},"35":{"start":{"line":93,"column":6},"end":{"line":93,"column":62}},"36":{"start":{"line":94,"column":6},"end":{"line":94,"column":53}},"37":{"start":{"line":8,"column":0},"end":{"line":8,"column":13}}},"fnMap":{"0":{"name":"(anonymous_0)","decl":{"start":{"line":10,"column":2},"end":{"line":10,"column":7}},"loc":{"start":{"line":10,"column":65},"end":{"line":28,"column":3}}},"1":{"name":"(anonymous_1)","decl":{"start":{"line":31,"column":2},"end":{"line":31,"column":7}},"loc":{"start":{"line":31,"column":63},"end":{"line":51,"column":3}}},"2":{"name":"(anonymous_2)","decl":{"start":{"line":54,"column":2},"end":{"line":54,"column":7}},"loc":{"start":{"line":54,"column":59},"end":{"line":72,"column":3}}},"3":{"name":"(anonymous_3)","decl":{"start":{"line":75,"column":2},"end":{"line":75,"column":7}},"loc":{"start":{"line":75,"column":59},"end":{"line":96,"column":3}}}},"branchMap":{"0":{"loc":{"start":{"line":13,"column":6},"end":{"line":15,"column":7}},"type":"if","locations":[{"start":{"line":13,"column":6},"end":{"line":15,"column":7}}]},"1":{"loc":{"start":{"line":17,"column":20},"end":{"line":17,"column":60}},"type":"binary-expr","locations":[{"start":{"line":17,"column":20},"end":{"line":17,"column":55}},{"start":{"line":17,"column":59},"end":{"line":17,"column":60}}]},"2":{"loc":{"start":{"line":38,"column":8},"end":{"line":38,"column":61}},"type":"cond-expr","locations":[{"start":{"line":38,"column":19},"end":{"line":38,"column":49}},{"start":{"line":38,"column":52},"end":{"line":38,"column":61}}]},"3":{"loc":{"start":{"line":39,"column":8},"end":{"line":39,"column":63}},"type":"cond-expr","locations":[{"start":{"line":39,"column":20},"end":{"line":39,"column":51}},{"start":{"line":39,"column":54},"end":{"line":39,"column":63}}]},"4":{"loc":{"start":{"line":40,"column":8},"end":{"line":40,"column":38}},"type":"binary-expr","locations":[{"start":{"line":40,"column":8},"end":{"line":40,"column":33}},{"start":{"line":40,"column":37},"end":{"line":40,"column":38}}]},"5":{"loc":{"start":{"line":58,"column":6},"end":{"line":60,"column":7}},"type":"if","locations":[{"start":{"line":58,"column":6},"end":{"line":60,"column":7}}]},"6":{"loc":{"start":{"line":58,"column":10},"end":{"line":58,"column":45}},"type":"binary-expr","locations":[{"start":{"line":58,"column":10},"end":{"line":58,"column":16}},{"start":{"line":58,"column":20},"end":{"line":58,"column":45}}]},"7":{"loc":{"start":{"line":78,"column":6},"end":{"line":80,"column":7}},"type":"if","locations":[{"start":{"line":78,"column":6},"end":{"line":80,"column":7}}]},"8":{"loc":{"start":{"line":84,"column":6},"end":{"line":86,"column":7}},"type":"if","locations":[{"start":{"line":84,"column":6},"end":{"line":86,"column":7}}]}},"s":{"0":5,"1":5,"2":5,"3":5,"4":0,"5":0,"6":0,"7":0,"8":0,"9":0,"10":0,"11":0,"12":0,"13":0,"14":0,"15":0,"16":0,"17":0,"18":0,"19":0,"20":0,"21":0,"22":0,"23":0,"24":0,"25":0,"26":0,"27":0,"28":0,"29":0,"30":0,"31":0,"32":0,"33":0,"34":0,"35":0,"36":0,"37":5},"f":{"0":0,"1":0,"2":0,"3":0},"b":{"0":[0],"1":[0,0],"2":[0,0],"3":[0,0],"4":[0,0],"5":[0],"6":[0,0],"7":[0],"8":[0]}}
,"/workspaces/Leidy-cleaner/backend/src/controllers/AdminController.ts": {"path":"/workspaces/Leidy-cleaner/backend/src/controllers/AdminController.ts","statementMap":{"0":{"start":{"line":2,"column":0},"end":{"line":2,"column":81}},"1":{"start":{"line":3,"column":0},"end":{"line":3,"column":52}},"2":{"start":{"line":5,"column":0},"end":{"line":5,"column":13}},"3":{"start":{"line":6,"column":9},"end":{"line":6,"column":20}},"4":{"start":{"line":7,"column":4},"end":{"line":9,"column":5}},"5":{"start":{"line":8,"column":6},"end":{"line":8,"column":58}},"6":{"start":{"line":11,"column":18},"end":{"line":11,"column":47}},"7":{"start":{"line":12,"column":4},"end":{"line":12,"column":74}},"8":{"start":{"line":16,"column":0},"end":{"line":16,"column":31}}},"fnMap":{"0":{"name":"(anonymous_1)","decl":{"start":{"line":6,"column":33},"end":{"line":6,"column":38}},"loc":{"start":{"line":6,"column":75},"end":{"line":13,"column":3}}}},"branchMap":{"0":{"loc":{"start":{"line":7,"column":4},"end":{"line":9,"column":5}},"type":"if","locations":[{"start":{"line":7,"column":4},"end":{"line":9,"column":5}}]}},"s":{"0":5,"1":5,"2":5,"3":5,"4":0,"5":0,"6":0,"7":0,"8":5},"f":{"0":0},"b":{"0":[0]}}
,"/workspaces/Leidy-cleaner/backend/src/controllers/AnalyticsController.ts": {"path":"/workspaces/Leidy-cleaner/backend/src/controllers/AnalyticsController.ts","statementMap":{"0":{"start":{"line":2,"column":0},"end":{"line":2,"column":81}},"1":{"start":{"line":3,"column":0},"end":{"line":3,"column":64}},"2":{"start":{"line":4,"column":0},"end":{"line":4,"column":56}},"3":{"start":{"line":6,"column":0},"end":{"line":6,"column":13}},"4":{"start":{"line":10,"column":9},"end":{"line":10,"column":22}},"5":{"start":{"line":11,"column":4},"end":{"line":13,"column":5}},"6":{"start":{"line":12,"column":6},"end":{"line":12,"column":62}},"7":{"start":{"line":15,"column":29},"end":{"line":15,"column":69}},"8":{"start":{"line":16,"column":4},"end":{"line":18,"column":5}},"9":{"start":{"line":17,"column":6},"end":{"line":17,"column":52}},"10":{"start":{"line":20,"column":35},"end":{"line":20,"column":40}},"11":{"start":{"line":21,"column":20},"end":{"line":21,"column":73}},"12":{"start":{"line":23,"column":4},"end":{"line":26,"column":7}},"13":{"start":{"line":32,"column":9},"end":{"line":32,"column":29}},"14":{"start":{"line":33,"column":4},"end":{"line":35,"column":5}},"15":{"start":{"line":34,"column":6},"end":{"line":34,"column":68}},"16":{"start":{"line":37,"column":18},"end":{"line":37,"column":60}},"17":{"start":{"line":39,"column":4},"end":{"line":42,"column":7}},"18":{"start":{"line":48,"column":9},"end":{"line":48,"column":31}},"19":{"start":{"line":49,"column":4},"end":{"line":51,"column":5}},"20":{"start":{"line":50,"column":6},"end":{"line":50,"column":70}},"21":{"start":{"line":53,"column":24},"end":{"line":53,"column":68}},"22":{"start":{"line":55,"column":4},"end":{"line":58,"column":7}},"23":{"start":{"line":64,"column":9},"end":{"line":64,"column":29}},"24":{"start":{"line":65,"column":4},"end":{"line":67,"column":5}},"25":{"start":{"line":66,"column":6},"end":{"line":66,"column":57}},"26":{"start":{"line":69,"column":29},"end":{"line":69,"column":69}},"27":{"start":{"line":70,"column":4},"end":{"line":72,"column":5}},"28":{"start":{"line":71,"column":6},"end":{"line":71,"column":52}},"29":{"start":{"line":74,"column":35},"end":{"line":74,"column":40}},"30":{"start":{"line":75,"column":20},"end":{"line":75,"column":80}},"31":{"start":{"line":78,"column":4},"end":{"line":78,"column":46}},"32":{"start":{"line":79,"column":4},"end":{"line":79,"column":122}},"33":{"start":{"line":81,"column":4},"end":{"line":81,"column":34}},"34":{"start":{"line":87,"column":9},"end":{"line":87,"column":28}},"35":{"start":{"line":88,"column":4},"end":{"line":90,"column":5}},"36":{"start":{"line":89,"column":6},"end":{"line":89,"column":68}},"37":{"start":{"line":92,"column":29},"end":{"line":92,"column":69}},"38":{"start":{"line":93,"column":4},"end":{"line":95,"column":5}},"39":{"start":{"line":94,"column":6},"end":{"line":94,"column":52}},"40":{"start":{"line":97,"column":35},"end":{"line":97,"column":40}},"41":{"start":{"line":98,"column":20},"end":{"line":98,"column":73}},"42":{"start":{"line":101,"column":24},"end":{"line":106,"column":6}},"43":{"start":{"line":108,"column":4},"end":{"line":111,"column":7}},"44":{"start":{"line":117,"column":9},"end":{"line":117,"column":25}},"45":{"start":{"line":118,"column":4},"end":{"line":120,"column":5}},"46":{"start":{"line":119,"column":6},"end":{"line":119,"column":65}},"47":{"start":{"line":122,"column":29},"end":{"line":122,"column":69}},"48":{"start":{"line":123,"column":4},"end":{"line":125,"column":5}},"49":{"start":{"line":124,"column":6},"end":{"line":124,"column":52}},"50":{"start":{"line":127,"column":35},"end":{"line":127,"column":40}},"51":{"start":{"line":128,"column":20},"end":{"line":128,"column":73}},"52":{"start":{"line":131,"column":21},"end":{"line":135,"column":6}},"53":{"start":{"line":137,"column":4},"end":{"line":140,"column":7}},"54":{"start":{"line":146,"column":9},"end":{"line":146,"column":41}},"55":{"start":{"line":147,"column":4},"end":{"line":149,"column":5}},"56":{"start":{"line":148,"column":6},"end":{"line":148,"column":82}},"57":{"start":{"line":151,"column":20},"end":{"line":151,"column":55}},"58":{"start":{"line":154,"column":29},"end":{"line":158,"column":6}},"59":{"start":{"line":160,"column":4},"end":{"line":163,"column":7}}},"fnMap":{"0":{"name":"(anonymous_0)","decl":{"start":{"line":10,"column":35},"end":{"line":10,"column":40}},"loc":{"start":{"line":10,"column":77},"end":{"line":27,"column":3}}},"1":{"name":"(anonymous_1)","decl":{"start":{"line":32,"column":42},"end":{"line":32,"column":47}},"loc":{"start":{"line":32,"column":84},"end":{"line":43,"column":3}}},"2":{"name":"(anonymous_2)","decl":{"start":{"line":48,"column":44},"end":{"line":48,"column":49}},"loc":{"start":{"line":48,"column":86},"end":{"line":59,"column":3}}},"3":{"name":"(anonymous_3)","decl":{"start":{"line":64,"column":42},"end":{"line":64,"column":47}},"loc":{"start":{"line":64,"column":84},"end":{"line":82,"column":3}}},"4":{"name":"(anonymous_4)","decl":{"start":{"line":87,"column":41},"end":{"line":87,"column":46}},"loc":{"start":{"line":87,"column":83},"end":{"line":112,"column":3}}},"5":{"name":"(anonymous_5)","decl":{"start":{"line":117,"column":38},"end":{"line":117,"column":43}},"loc":{"start":{"line":117,"column":80},"end":{"line":141,"column":3}}},"6":{"name":"(anonymous_6)","decl":{"start":{"line":146,"column":54},"end":{"line":146,"column":59}},"loc":{"start":{"line":146,"column":96},"end":{"line":164,"column":3}}}},"branchMap":{"0":{"loc":{"start":{"line":11,"column":4},"end":{"line":13,"column":5}},"type":"if","locations":[{"start":{"line":11,"column":4},"end":{"line":13,"column":5}}]},"1":{"loc":{"start":{"line":16,"column":4},"end":{"line":18,"column":5}},"type":"if","locations":[{"start":{"line":16,"column":4},"end":{"line":18,"column":5}}]},"2":{"loc":{"start":{"line":33,"column":4},"end":{"line":35,"column":5}},"type":"if","locations":[{"start":{"line":33,"column":4},"end":{"line":35,"column":5}}]},"3":{"loc":{"start":{"line":49,"column":4},"end":{"line":51,"column":5}},"type":"if","locations":[{"start":{"line":49,"column":4},"end":{"line":51,"column":5}}]},"4":{"loc":{"start":{"line":65,"column":4},"end":{"line":67,"column":5}},"type":"if","locations":[{"start":{"line":65,"column":4},"end":{"line":67,"column":5}}]},"5":{"loc":{"start":{"line":70,"column":4},"end":{"line":72,"column":5}},"type":"if","locations":[{"start":{"line":70,"column":4},"end":{"line":72,"column":5}}]},"6":{"loc":{"start":{"line":88,"column":4},"end":{"line":90,"column":5}},"type":"if","locations":[{"start":{"line":88,"column":4},"end":{"line":90,"column":5}}]},"7":{"loc":{"start":{"line":93,"column":4},"end":{"line":95,"column":5}},"type":"if","locations":[{"start":{"line":93,"column":4},"end":{"line":95,"column":5}}]},"8":{"loc":{"start":{"line":118,"column":4},"end":{"line":120,"column":5}},"type":"if","locations":[{"start":{"line":118,"column":4},"end":{"line":120,"column":5}}]},"9":{"loc":{"start":{"line":123,"column":4},"end":{"line":125,"column":5}},"type":"if","locations":[{"start":{"line":123,"column":4},"end":{"line":125,"column":5}}]},"10":{"loc":{"start":{"line":147,"column":4},"end":{"line":149,"column":5}},"type":"if","locations":[{"start":{"line":147,"column":4},"end":{"line":149,"column":5}}]}},"s":{"0":5,"1":5,"2":5,"3":5,"4":5,"5":0,"6":0,"7":0,"8":0,"9":0,"10":0,"11":0,"12":0,"13":5,"14":0,"15":0,"16":0,"17":0,"18":5,"19":0,"20":0,"21":0,"22":0,"23":5,"24":0,"25":0,"26":0,"27":0,"28":0,"29":0,"30":0,"31":0,"32":0,"33":0,"34":5,"35":0,"36":0,"37":0,"38":0,"39":0,"40":0,"41":0,"42":0,"43":0,"44":5,"45":0,"46":0,"47":0,"48":0,"49":0,"50":0,"51":0,"52":0,"53":0,"54":5,"55":0,"56":0,"57":0,"58":0,"59":0},"f":{"0":0,"1":0,"2":0,"3":0,"4":0,"5":0,"6":0},"b":{"0":[0],"1":[0],"2":[0],"3":[0],"4":[0],"5":[0],"6":[0],"7":[0],"8":[0],"9":[0],"10":[0]}}
,"/workspaces/Leidy-cleaner/backend/src/controllers/AuthController.ts": {"path":"/workspaces/Leidy-cleaner/backend/src/controllers/AuthController.ts","statementMap":{"0":{"start":{"line":2,"column":0},"end":{"line":2,"column":81}},"1":{"start":{"line":3,"column":0},"end":{"line":3,"column":54}},"2":{"start":{"line":4,"column":0},"end":{"line":4,"column":63}},"3":{"start":{"line":6,"column":0},"end":{"line":6,"column":13}},"4":{"start":{"line":7,"column":9},"end":{"line":7,"column":20}},"5":{"start":{"line":8,"column":29},"end":{"line":8,"column":62}},"6":{"start":{"line":10,"column":4},"end":{"line":12,"column":5}},"7":{"start":{"line":11,"column":6},"end":{"line":11,"column":52}},"8":{"start":{"line":14,"column":45},"end":{"line":14,"column":50}},"9":{"start":{"line":16,"column":19},"end":{"line":16,"column":75}},"10":{"start":{"line":19,"column":32},"end":{"line":19,"column":101}},"11":{"start":{"line":20,"column":34},"end":{"line":27,"column":6}},"12":{"start":{"line":28,"column":4},"end":{"line":28,"column":70}},"13":{"start":{"line":30,"column":4},"end":{"line":39,"column":7}},"14":{"start":{"line":42,"column":9},"end":{"line":42,"column":17}},"15":{"start":{"line":43,"column":29},"end":{"line":43,"column":59}},"16":{"start":{"line":45,"column":4},"end":{"line":47,"column":5}},"17":{"start":{"line":46,"column":6},"end":{"line":46,"column":52}},"18":{"start":{"line":49,"column":32},"end":{"line":49,"column":37}},"19":{"start":{"line":51,"column":19},"end":{"line":51,"column":59}},"20":{"start":{"line":53,"column":32},"end":{"line":53,"column":101}},"21":{"start":{"line":54,"column":36},"end":{"line":61,"column":6}},"22":{"start":{"line":62,"column":4},"end":{"line":62,"column":72}},"23":{"start":{"line":64,"column":4},"end":{"line":73,"column":7}},"24":{"start":{"line":76,"column":9},"end":{"line":76,"column":24}},"25":{"start":{"line":78,"column":25},"end":{"line":78,"column":123}},"26":{"start":{"line":80,"column":4},"end":{"line":82,"column":5}},"27":{"start":{"line":81,"column":6},"end":{"line":81,"column":52}},"28":{"start":{"line":84,"column":19},"end":{"line":84,"column":63}},"29":{"start":{"line":86,"column":32},"end":{"line":86,"column":101}},"30":{"start":{"line":87,"column":38},"end":{"line":94,"column":6}},"31":{"start":{"line":95,"column":4},"end":{"line":95,"column":74}},"32":{"start":{"line":97,"column":4},"end":{"line":100,"column":7}},"33":{"start":{"line":103,"column":9},"end":{"line":103,"column":18}},"34":{"start":{"line":105,"column":25},"end":{"line":105,"column":123}},"35":{"start":{"line":107,"column":4},"end":{"line":113,"column":5}},"36":{"start":{"line":108,"column":6},"end":{"line":112,"column":7}},"37":{"start":{"line":109,"column":8},"end":{"line":109,"column":59}},"38":{"start":{"line":116,"column":37},"end":{"line":123,"column":6}},"39":{"start":{"line":124,"column":4},"end":{"line":124,"column":57}},"40":{"start":{"line":126,"column":4},"end":{"line":126,"column":52}},"41":{"start":{"line":129,"column":9},"end":{"line":129,"column":22}},"42":{"start":{"line":130,"column":4},"end":{"line":132,"column":5}},"43":{"start":{"line":131,"column":6},"end":{"line":131,"column":47}},"44":{"start":{"line":134,"column":17},"end":{"line":134,"column":59}},"45":{"start":{"line":136,"column":4},"end":{"line":138,"column":5}},"46":{"start":{"line":137,"column":6},"end":{"line":137,"column":44}},"47":{"start":{"line":141,"column":25},"end":{"line":144,"column":6}},"48":{"start":{"line":145,"column":4},"end":{"line":145,"column":43}},"49":{"start":{"line":147,"column":4},"end":{"line":150,"column":7}},"50":{"start":{"line":153,"column":9},"end":{"line":153,"column":25}},"51":{"start":{"line":154,"column":4},"end":{"line":156,"column":5}},"52":{"start":{"line":155,"column":6},"end":{"line":155,"column":47}},"53":{"start":{"line":158,"column":28},"end":{"line":158,"column":36}},"54":{"start":{"line":160,"column":17},"end":{"line":160,"column":75}},"55":{"start":{"line":162,"column":4},"end":{"line":164,"column":5}},"56":{"start":{"line":163,"column":6},"end":{"line":163,"column":44}},"57":{"start":{"line":167,"column":25},"end":{"line":170,"column":6}},"58":{"start":{"line":171,"column":4},"end":{"line":171,"column":43}},"59":{"start":{"line":173,"column":4},"end":{"line":176,"column":7}},"60":{"start":{"line":180,"column":9},"end":{"line":180,"column":22}},"61":{"start":{"line":181,"column":4},"end":{"line":183,"column":5}},"62":{"start":{"line":182,"column":6},"end":{"line":182,"column":56}},"63":{"start":{"line":184,"column":18},"end":{"line":184,"column":49}},"64":{"start":{"line":185,"column":4},"end":{"line":187,"column":5}},"65":{"start":{"line":186,"column":6},"end":{"line":186,"column":59}},"66":{"start":{"line":188,"column":18},"end":{"line":188,"column":56}},"67":{"start":{"line":189,"column":4},"end":{"line":189,"column":74}}},"fnMap":{"0":{"name":"(anonymous_0)","decl":{"start":{"line":7,"column":33},"end":{"line":7,"column":38}},"loc":{"start":{"line":7,"column":75},"end":{"line":40,"column":3}}},"1":{"name":"(anonymous_1)","decl":{"start":{"line":42,"column":30},"end":{"line":42,"column":35}},"loc":{"start":{"line":42,"column":72},"end":{"line":74,"column":3}}},"2":{"name":"(anonymous_2)","decl":{"start":{"line":76,"column":37},"end":{"line":76,"column":42}},"loc":{"start":{"line":76,"column":79},"end":{"line":101,"column":3}}},"3":{"name":"(anonymous_3)","decl":{"start":{"line":103,"column":31},"end":{"line":103,"column":36}},"loc":{"start":{"line":103,"column":73},"end":{"line":127,"column":3}}},"4":{"name":"(anonymous_4)","decl":{"start":{"line":129,"column":35},"end":{"line":129,"column":40}},"loc":{"start":{"line":129,"column":77},"end":{"line":151,"column":3}}},"5":{"name":"(anonymous_5)","decl":{"start":{"line":153,"column":38},"end":{"line":153,"column":43}},"loc":{"start":{"line":153,"column":80},"end":{"line":177,"column":3}}},"6":{"name":"(anonymous_6)","decl":{"start":{"line":180,"column":35},"end":{"line":180,"column":40}},"loc":{"start":{"line":180,"column":77},"end":{"line":190,"column":3}}}},"branchMap":{"0":{"loc":{"start":{"line":10,"column":4},"end":{"line":12,"column":5}},"type":"if","locations":[{"start":{"line":10,"column":4},"end":{"line":12,"column":5}}]},"1":{"loc":{"start":{"line":19,"column":32},"end":{"line":19,"column":101}},"type":"binary-expr","locations":[{"start":{"line":19,"column":32},"end":{"line":19,"column":74}},{"start":{"line":19,"column":78},"end":{"line":19,"column":101}}]},"2":{"loc":{"start":{"line":22,"column":14},"end":{"line":22,"column":91}},"type":"binary-expr","locations":[{"start":{"line":22,"column":14},"end":{"line":22,"column":50}},{"start":{"line":22,"column":54},"end":{"line":22,"column":91}}]},"3":{"loc":{"start":{"line":23,"column":17},"end":{"line":23,"column":53}},"type":"binary-expr","locations":[{"start":{"line":23,"column":17},"end":{"line":23,"column":44}},{"start":{"line":23,"column":48},"end":{"line":23,"column":53}}]},"4":{"loc":{"start":{"line":25,"column":14},"end":{"line":25,"column":52}},"type":"binary-expr","locations":[{"start":{"line":25,"column":14},"end":{"line":25,"column":39}},{"start":{"line":25,"column":43},"end":{"line":25,"column":52}}]},"5":{"loc":{"start":{"line":26,"column":12},"end":{"line":26,"column":42}},"type":"binary-expr","locations":[{"start":{"line":26,"column":12},"end":{"line":26,"column":35}},{"start":{"line":26,"column":39},"end":{"line":26,"column":42}}]},"6":{"loc":{"start":{"line":45,"column":4},"end":{"line":47,"column":5}},"type":"if","locations":[{"start":{"line":45,"column":4},"end":{"line":47,"column":5}}]},"7":{"loc":{"start":{"line":53,"column":32},"end":{"line":53,"column":101}},"type":"binary-expr","locations":[{"start":{"line":53,"column":32},"end":{"line":53,"column":74}},{"start":{"line":53,"column":78},"end":{"line":53,"column":101}}]},"8":{"loc":{"start":{"line":56,"column":14},"end":{"line":56,"column":91}},"type":"binary-expr","locations":[{"start":{"line":56,"column":14},"end":{"line":56,"column":50}},{"start":{"line":56,"column":54},"end":{"line":56,"column":91}}]},"9":{"loc":{"start":{"line":57,"column":17},"end":{"line":57,"column":53}},"type":"binary-expr","locations":[{"start":{"line":57,"column":17},"end":{"line":57,"column":44}},{"start":{"line":57,"column":48},"end":{"line":57,"column":53}}]},"10":{"loc":{"start":{"line":59,"column":14},"end":{"line":59,"column":52}},"type":"binary-expr","locations":[{"start":{"line":59,"column":14},"end":{"line":59,"column":39}},{"start":{"line":59,"column":43},"end":{"line":59,"column":52}}]},"11":{"loc":{"start":{"line":60,"column":12},"end":{"line":60,"column":42}},"type":"binary-expr","locations":[{"start":{"line":60,"column":12},"end":{"line":60,"column":35}},{"start":{"line":60,"column":39},"end":{"line":60,"column":42}}]},"12":{"loc":{"start":{"line":78,"column":25},"end":{"line":78,"column":123}},"type":"binary-expr","locations":[{"start":{"line":78,"column":26},"end":{"line":78,"column":34}},{"start":{"line":78,"column":39},"end":{"line":78,"column":68}},{"start":{"line":78,"column":74},"end":{"line":78,"column":85}},{"start":{"line":78,"column":90},"end":{"line":78,"column":122}}]},"13":{"loc":{"start":{"line":80,"column":4},"end":{"line":82,"column":5}},"type":"if","locations":[{"start":{"line":80,"column":4},"end":{"line":82,"column":5}}]},"14":{"loc":{"start":{"line":86,"column":32},"end":{"line":86,"column":101}},"type":"binary-expr","locations":[{"start":{"line":86,"column":32},"end":{"line":86,"column":74}},{"start":{"line":86,"column":78},"end":{"line":86,"column":101}}]},"15":{"loc":{"start":{"line":89,"column":14},"end":{"line":89,"column":91}},"type":"binary-expr","locations":[{"start":{"line":89,"column":14},"end":{"line":89,"column":50}},{"start":{"line":89,"column":54},"end":{"line":89,"column":91}}]},"16":{"loc":{"start":{"line":90,"column":17},"end":{"line":90,"column":53}},"type":"binary-expr","locations":[{"start":{"line":90,"column":17},"end":{"line":90,"column":44}},{"start":{"line":90,"column":48},"end":{"line":90,"column":53}}]},"17":{"loc":{"start":{"line":92,"column":14},"end":{"line":92,"column":52}},"type":"binary-expr","locations":[{"start":{"line":92,"column":14},"end":{"line":92,"column":39}},{"start":{"line":92,"column":43},"end":{"line":92,"column":52}}]},"18":{"loc":{"start":{"line":93,"column":12},"end":{"line":93,"column":42}},"type":"binary-expr","locations":[{"start":{"line":93,"column":12},"end":{"line":93,"column":35}},{"start":{"line":93,"column":39},"end":{"line":93,"column":42}}]},"19":{"loc":{"start":{"line":105,"column":25},"end":{"line":105,"column":123}},"type":"binary-expr","locations":[{"start":{"line":105,"column":26},"end":{"line":105,"column":34}},{"start":{"line":105,"column":39},"end":{"line":105,"column":68}},{"start":{"line":105,"column":74},"end":{"line":105,"column":85}},{"start":{"line":105,"column":90},"end":{"line":105,"column":122}}]},"20":{"loc":{"start":{"line":107,"column":4},"end":{"line":113,"column":5}},"type":"if","locations":[{"start":{"line":107,"column":4},"end":{"line":113,"column":5}}]},"21":{"loc":{"start":{"line":118,"column":14},"end":{"line":118,"column":91}},"type":"binary-expr","locations":[{"start":{"line":118,"column":14},"end":{"line":118,"column":50}},{"start":{"line":118,"column":54},"end":{"line":118,"column":91}}]},"22":{"loc":{"start":{"line":119,"column":17},"end":{"line":119,"column":53}},"type":"binary-expr","locations":[{"start":{"line":119,"column":17},"end":{"line":119,"column":44}},{"start":{"line":119,"column":48},"end":{"line":119,"column":53}}]},"23":{"loc":{"start":{"line":121,"column":14},"end":{"line":121,"column":52}},"type":"binary-expr","locations":[{"start":{"line":121,"column":14},"end":{"line":121,"column":39}},{"start":{"line":121,"column":43},"end":{"line":121,"column":52}}]},"24":{"loc":{"start":{"line":122,"column":12},"end":{"line":122,"column":42}},"type":"binary-expr","locations":[{"start":{"line":122,"column":12},"end":{"line":122,"column":35}},{"start":{"line":122,"column":39},"end":{"line":122,"column":42}}]},"25":{"loc":{"start":{"line":130,"column":4},"end":{"line":132,"column":5}},"type":"if","locations":[{"start":{"line":130,"column":4},"end":{"line":132,"column":5}}]},"26":{"loc":{"start":{"line":136,"column":4},"end":{"line":138,"column":5}},"type":"if","locations":[{"start":{"line":136,"column":4},"end":{"line":138,"column":5}}]},"27":{"loc":{"start":{"line":154,"column":4},"end":{"line":156,"column":5}},"type":"if","locations":[{"start":{"line":154,"column":4},"end":{"line":156,"column":5}}]},"28":{"loc":{"start":{"line":162,"column":4},"end":{"line":164,"column":5}},"type":"if","locations":[{"start":{"line":162,"column":4},"end":{"line":164,"column":5}}]},"29":{"loc":{"start":{"line":181,"column":4},"end":{"line":183,"column":5}},"type":"if","locations":[{"start":{"line":181,"column":4},"end":{"line":183,"column":5}}]},"30":{"loc":{"start":{"line":184,"column":18},"end":{"line":184,"column":49}},"type":"binary-expr","locations":[{"start":{"line":184,"column":18},"end":{"line":184,"column":43}},{"start":{"line":184,"column":47},"end":{"line":184,"column":49}}]},"31":{"loc":{"start":{"line":185,"column":4},"end":{"line":187,"column":5}},"type":"if","locations":[{"start":{"line":185,"column":4},"end":{"line":187,"column":5}}]}},"s":{"0":6,"1":6,"2":6,"3":6,"4":6,"5":42,"6":42,"7":2,"8":40,"9":40,"10":0,"11":0,"12":0,"13":0,"14":6,"15":7,"16":7,"17":0,"18":7,"19":7,"20":0,"21":0,"22":0,"23":0,"24":6,"25":1,"26":1,"27":1,"28":0,"29":0,"30":0,"31":0,"32":0,"33":6,"34":0,"35":0,"36":0,"37":0,"38":0,"39":0,"40":0,"41":6,"42":0,"43":0,"44":0,"45":0,"46":0,"47":0,"48":0,"49":0,"50":6,"51":0,"52":0,"53":0,"54":0,"55":0,"56":0,"57":0,"58":0,"59":0,"60":6,"61":0,"62":0,"63":0,"64":0,"65":0,"66":0,"67":0},"f":{"0":42,"1":7,"2":1,"3":0,"4":0,"5":0,"6":0},"b":{"0":[2],"1":[0,0],"2":[0,0],"3":[0,0],"4":[0,0],"5":[0,0],"6":[0],"7":[0,0],"8":[0,0],"9":[0,0],"10":[0,0],"11":[0,0],"12":[1,1,1,0],"13":[1],"14":[0,0],"15":[0,0],"16":[0,0],"17":[0,0],"18":[0,0],"19":[0,0,0,0],"20":[0],"21":[0,0],"22":[0,0],"23":[0,0],"24":[0,0],"25":[0],"26":[0],"27":[0],"28":[0],"29":[0],"30":[0,0],"31":[0]}}
,"/workspaces/Leidy-cleaner/backend/src/controllers/BookingController.ts": {"path":"/workspaces/Leidy-cleaner/backend/src/controllers/BookingController.ts","statementMap":{"0":{"start":{"line":2,"column":0},"end":{"line":2,"column":81}},"1":{"start":{"line":3,"column":0},"end":{"line":3,"column":42}},"2":{"start":{"line":4,"column":0},"end":{"line":4,"column":56}},"3":{"start":{"line":5,"column":0},"end":{"line":5,"column":65}},"4":{"start":{"line":6,"column":0},"end":{"line":6,"column":49}},"5":{"start":{"line":7,"column":0},"end":{"line":7,"column":62}},"6":{"start":{"line":9,"column":0},"end":{"line":9,"column":13}},"7":{"start":{"line":10,"column":9},"end":{"line":10,"column":18}},"8":{"start":{"line":11,"column":4},"end":{"line":11,"column":60}},"9":{"start":{"line":11,"column":19},"end":{"line":11,"column":60}},"10":{"start":{"line":14,"column":30},"end":{"line":14,"column":57}},"11":{"start":{"line":15,"column":29},"end":{"line":15,"column":61}},"12":{"start":{"line":16,"column":4},"end":{"line":18,"column":5}},"13":{"start":{"line":17,"column":6},"end":{"line":17,"column":52}},"14":{"start":{"line":20,"column":64},"end":{"line":20,"column":69}},"15":{"start":{"line":23,"column":4},"end":{"line":28,"column":5}},"16":{"start":{"line":24,"column":23},"end":{"line":24,"column":85}},"17":{"start":{"line":25,"column":6},"end":{"line":27,"column":7}},"18":{"start":{"line":26,"column":8},"end":{"line":26,"column":52}},"19":{"start":{"line":31,"column":31},"end":{"line":31,"column":68}},"20":{"start":{"line":32,"column":20},"end":{"line":32,"column":59}},"21":{"start":{"line":33,"column":4},"end":{"line":35,"column":5}},"22":{"start":{"line":34,"column":6},"end":{"line":34,"column":47}},"23":{"start":{"line":38,"column":28},"end":{"line":38,"column":93}},"24":{"start":{"line":39,"column":23},"end":{"line":39,"column":68}},"25":{"start":{"line":41,"column":20},"end":{"line":48,"column":null}},"26":{"start":{"line":52,"column":4},"end":{"line":82,"column":7}},"27":{"start":{"line":53,"column":6},"end":{"line":81,"column":7}},"28":{"start":{"line":55,"column":8},"end":{"line":64,"column":11}},"29":{"start":{"line":67,"column":28},"end":{"line":77,"column":10}},"30":{"start":{"line":78,"column":8},"end":{"line":78,"column":55}},"31":{"start":{"line":80,"column":8},"end":{"line":80,"column":76}},"32":{"start":{"line":84,"column":4},"end":{"line":84,"column":95}},"33":{"start":{"line":87,"column":9},"end":{"line":87,"column":22}},"34":{"start":{"line":88,"column":4},"end":{"line":88,"column":60}},"35":{"start":{"line":88,"column":19},"end":{"line":88,"column":60}},"36":{"start":{"line":90,"column":21},"end":{"line":90,"column":72}},"37":{"start":{"line":91,"column":4},"end":{"line":91,"column":100}},"38":{"start":{"line":94,"column":9},"end":{"line":94,"column":19}},"39":{"start":{"line":95,"column":19},"end":{"line":95,"column":47}},"40":{"start":{"line":96,"column":20},"end":{"line":96,"column":52}},"41":{"start":{"line":98,"column":4},"end":{"line":98,"column":59}},"42":{"start":{"line":98,"column":18},"end":{"line":98,"column":59}},"43":{"start":{"line":101,"column":4},"end":{"line":101,"column":60}},"44":{"start":{"line":101,"column":19},"end":{"line":101,"column":60}},"45":{"start":{"line":102,"column":4},"end":{"line":104,"column":5}},"46":{"start":{"line":103,"column":6},"end":{"line":103,"column":54}},"47":{"start":{"line":106,"column":24},"end":{"line":106,"column":41}},"48":{"start":{"line":107,"column":4},"end":{"line":107,"column":91}},"49":{"start":{"line":110,"column":9},"end":{"line":110,"column":24}},"50":{"start":{"line":111,"column":19},"end":{"line":111,"column":47}},"51":{"start":{"line":112,"column":23},"end":{"line":112,"column":31}},"52":{"start":{"line":114,"column":4},"end":{"line":114,"column":60}},"53":{"start":{"line":114,"column":19},"end":{"line":114,"column":60}},"54":{"start":{"line":115,"column":4},"end":{"line":115,"column":90}},"55":{"start":{"line":115,"column":35},"end":{"line":115,"column":90}},"56":{"start":{"line":117,"column":20},"end":{"line":117,"column":65}},"57":{"start":{"line":118,"column":4},"end":{"line":118,"column":59}},"58":{"start":{"line":118,"column":18},"end":{"line":118,"column":59}},"59":{"start":{"line":120,"column":4},"end":{"line":120,"column":102}},"60":{"start":{"line":123,"column":9},"end":{"line":123,"column":18}},"61":{"start":{"line":124,"column":19},"end":{"line":124,"column":47}},"62":{"start":{"line":126,"column":4},"end":{"line":126,"column":60}},"63":{"start":{"line":126,"column":19},"end":{"line":126,"column":60}},"64":{"start":{"line":128,"column":20},"end":{"line":128,"column":52}},"65":{"start":{"line":129,"column":4},"end":{"line":129,"column":59}},"66":{"start":{"line":129,"column":18},"end":{"line":129,"column":59}},"67":{"start":{"line":130,"column":4},"end":{"line":132,"column":5}},"68":{"start":{"line":131,"column":6},"end":{"line":131,"column":54}},"69":{"start":{"line":134,"column":4},"end":{"line":134,"column":36}},"70":{"start":{"line":135,"column":4},"end":{"line":135,"column":57}},"71":{"start":{"line":139,"column":9},"end":{"line":139,"column":19}},"72":{"start":{"line":140,"column":4},"end":{"line":142,"column":5}},"73":{"start":{"line":141,"column":6},"end":{"line":141,"column":63}},"74":{"start":{"line":144,"column":21},"end":{"line":144,"column":58}},"75":{"start":{"line":145,"column":4},"end":{"line":145,"column":100}},"76":{"start":{"line":149,"column":9},"end":{"line":149,"column":23}},"77":{"start":{"line":150,"column":4},"end":{"line":152,"column":5}},"78":{"start":{"line":151,"column":6},"end":{"line":151,"column":58}},"79":{"start":{"line":153,"column":34},"end":{"line":153,"column":61}},"80":{"start":{"line":154,"column":29},"end":{"line":154,"column":65}},"81":{"start":{"line":155,"column":4},"end":{"line":155,"column":61}},"82":{"start":{"line":155,"column":15},"end":{"line":155,"column":61}},"83":{"start":{"line":157,"column":35},"end":{"line":157,"column":40}},"84":{"start":{"line":158,"column":20},"end":{"line":158,"column":72}},"85":{"start":{"line":159,"column":4},"end":{"line":161,"column":5}},"86":{"start":{"line":160,"column":6},"end":{"line":160,"column":47}},"87":{"start":{"line":162,"column":4},"end":{"line":162,"column":94}},"88":{"start":{"line":165,"column":9},"end":{"line":165,"column":23}},"89":{"start":{"line":166,"column":4},"end":{"line":166,"column":60}},"90":{"start":{"line":166,"column":19},"end":{"line":166,"column":60}},"91":{"start":{"line":168,"column":4},"end":{"line":170,"column":5}},"92":{"start":{"line":169,"column":6},"end":{"line":169,"column":64}},"93":{"start":{"line":171,"column":20},"end":{"line":171,"column":31}},"94":{"start":{"line":172,"column":21},"end":{"line":172,"column":69}},"95":{"start":{"line":173,"column":4},"end":{"line":173,"column":100}},"96":{"start":{"line":177,"column":0},"end":{"line":177,"column":33}}},"fnMap":{"0":{"name":"(anonymous_1)","decl":{"start":{"line":10,"column":31},"end":{"line":10,"column":36}},"loc":{"start":{"line":10,"column":73},"end":{"line":85,"column":3}}},"1":{"name":"(anonymous_2)","decl":{"start":{"line":52,"column":17},"end":{"line":52,"column":22}},"loc":{"start":{"line":52,"column":28},"end":{"line":82,"column":5}}},"2":{"name":"(anonymous_3)","decl":{"start":{"line":87,"column":35},"end":{"line":87,"column":40}},"loc":{"start":{"line":87,"column":77},"end":{"line":92,"column":3}}},"3":{"name":"(anonymous_4)","decl":{"start":{"line":94,"column":32},"end":{"line":94,"column":37}},"loc":{"start":{"line":94,"column":74},"end":{"line":108,"column":3}}},"4":{"name":"(anonymous_5)","decl":{"start":{"line":110,"column":37},"end":{"line":110,"column":42}},"loc":{"start":{"line":110,"column":79},"end":{"line":121,"column":3}}},"5":{"name":"(anonymous_6)","decl":{"start":{"line":123,"column":31},"end":{"line":123,"column":36}},"loc":{"start":{"line":123,"column":73},"end":{"line":136,"column":3}}},"6":{"name":"(anonymous_7)","decl":{"start":{"line":139,"column":32},"end":{"line":139,"column":37}},"loc":{"start":{"line":139,"column":74},"end":{"line":146,"column":3}}},"7":{"name":"(anonymous_8)","decl":{"start":{"line":149,"column":36},"end":{"line":149,"column":41}},"loc":{"start":{"line":149,"column":78},"end":{"line":163,"column":3}}},"8":{"name":"(anonymous_9)","decl":{"start":{"line":165,"column":36},"end":{"line":165,"column":41}},"loc":{"start":{"line":165,"column":78},"end":{"line":174,"column":3}}}},"branchMap":{"0":{"loc":{"start":{"line":11,"column":4},"end":{"line":11,"column":60}},"type":"if","locations":[{"start":{"line":11,"column":4},"end":{"line":11,"column":60}}]},"1":{"loc":{"start":{"line":16,"column":4},"end":{"line":18,"column":5}},"type":"if","locations":[{"start":{"line":16,"column":4},"end":{"line":18,"column":5}}]},"2":{"loc":{"start":{"line":23,"column":4},"end":{"line":28,"column":5}},"type":"if","locations":[{"start":{"line":23,"column":4},"end":{"line":28,"column":5}}]},"3":{"loc":{"start":{"line":25,"column":6},"end":{"line":27,"column":7}},"type":"if","locations":[{"start":{"line":25,"column":6},"end":{"line":27,"column":7}}]},"4":{"loc":{"start":{"line":25,"column":10},"end":{"line":25,"column":63}},"type":"binary-expr","locations":[{"start":{"line":25,"column":10},"end":{"line":25,"column":31}},{"start":{"line":25,"column":35},"end":{"line":25,"column":63}}]},"5":{"loc":{"start":{"line":33,"column":4},"end":{"line":35,"column":5}},"type":"if","locations":[{"start":{"line":33,"column":4},"end":{"line":35,"column":5}}]},"6":{"loc":{"start":{"line":38,"column":35},"end":{"line":38,"column":92}},"type":"binary-expr","locations":[{"start":{"line":38,"column":35},"end":{"line":38,"column":58}},{"start":{"line":38,"column":62},"end":{"line":38,"column":86}},{"start":{"line":38,"column":90},"end":{"line":38,"column":92}}]},"7":{"loc":{"start":{"line":88,"column":4},"end":{"line":88,"column":60}},"type":"if","locations":[{"start":{"line":88,"column":4},"end":{"line":88,"column":60}}]},"8":{"loc":{"start":{"line":98,"column":4},"end":{"line":98,"column":59}},"type":"if","locations":[{"start":{"line":98,"column":4},"end":{"line":98,"column":59}}]},"9":{"loc":{"start":{"line":101,"column":4},"end":{"line":101,"column":60}},"type":"if","locations":[{"start":{"line":101,"column":4},"end":{"line":101,"column":60}}]},"10":{"loc":{"start":{"line":102,"column":4},"end":{"line":104,"column":5}},"type":"if","locations":[{"start":{"line":102,"column":4},"end":{"line":104,"column":5}}]},"11":{"loc":{"start":{"line":102,"column":8},"end":{"line":102,"column":76}},"type":"binary-expr","locations":[{"start":{"line":102,"column":8},"end":{"line":102,"column":33}},{"start":{"line":102,"column":37},"end":{"line":102,"column":76}}]},"12":{"loc":{"start":{"line":114,"column":4},"end":{"line":114,"column":60}},"type":"if","locations":[{"start":{"line":114,"column":4},"end":{"line":114,"column":60}}]},"13":{"loc":{"start":{"line":115,"column":4},"end":{"line":115,"column":90}},"type":"if","locations":[{"start":{"line":115,"column":4},"end":{"line":115,"column":90}}]},"14":{"loc":{"start":{"line":118,"column":4},"end":{"line":118,"column":59}},"type":"if","locations":[{"start":{"line":118,"column":4},"end":{"line":118,"column":59}}]},"15":{"loc":{"start":{"line":126,"column":4},"end":{"line":126,"column":60}},"type":"if","locations":[{"start":{"line":126,"column":4},"end":{"line":126,"column":60}}]},"16":{"loc":{"start":{"line":129,"column":4},"end":{"line":129,"column":59}},"type":"if","locations":[{"start":{"line":129,"column":4},"end":{"line":129,"column":59}}]},"17":{"loc":{"start":{"line":130,"column":4},"end":{"line":132,"column":5}},"type":"if","locations":[{"start":{"line":130,"column":4},"end":{"line":132,"column":5}}]},"18":{"loc":{"start":{"line":130,"column":8},"end":{"line":130,"column":76}},"type":"binary-expr","locations":[{"start":{"line":130,"column":8},"end":{"line":130,"column":33}},{"start":{"line":130,"column":37},"end":{"line":130,"column":76}}]},"19":{"loc":{"start":{"line":140,"column":4},"end":{"line":142,"column":5}},"type":"if","locations":[{"start":{"line":140,"column":4},"end":{"line":142,"column":5}}]},"20":{"loc":{"start":{"line":150,"column":4},"end":{"line":152,"column":5}},"type":"if","locations":[{"start":{"line":150,"column":4},"end":{"line":152,"column":5}}]},"21":{"loc":{"start":{"line":155,"column":4},"end":{"line":155,"column":61}},"type":"if","locations":[{"start":{"line":155,"column":4},"end":{"line":155,"column":61}}]},"22":{"loc":{"start":{"line":159,"column":4},"end":{"line":161,"column":5}},"type":"if","locations":[{"start":{"line":159,"column":4},"end":{"line":161,"column":5}}]},"23":{"loc":{"start":{"line":166,"column":4},"end":{"line":166,"column":60}},"type":"if","locations":[{"start":{"line":166,"column":4},"end":{"line":166,"column":60}}]},"24":{"loc":{"start":{"line":168,"column":4},"end":{"line":170,"column":5}},"type":"if","locations":[{"start":{"line":168,"column":4},"end":{"line":170,"column":5}}]},"25":{"loc":{"start":{"line":168,"column":8},"end":{"line":168,"column":62}},"type":"binary-expr","locations":[{"start":{"line":168,"column":8},"end":{"line":168,"column":33}},{"start":{"line":168,"column":37},"end":{"line":168,"column":62}}]}},"s":{"0":6,"1":6,"2":6,"3":6,"4":6,"5":6,"6":6,"7":6,"8":0,"9":0,"10":0,"11":0,"12":0,"13":0,"14":0,"15":0,"16":0,"17":0,"18":0,"19":0,"20":0,"21":0,"22":0,"23":0,"24":0,"25":0,"26":0,"27":0,"28":0,"29":0,"30":0,"31":0,"32":0,"33":6,"34":0,"35":0,"36":0,"37":0,"38":6,"39":0,"40":0,"41":0,"42":0,"43":0,"44":0,"45":0,"46":0,"47":0,"48":0,"49":6,"50":0,"51":0,"52":0,"53":0,"54":0,"55":0,"56":0,"57":0,"58":0,"59":0,"60":6,"61":0,"62":0,"63":0,"64":0,"65":0,"66":0,"67":0,"68":0,"69":0,"70":0,"71":6,"72":0,"73":0,"74":0,"75":0,"76":6,"77":0,"78":0,"79":0,"80":0,"81":0,"82":0,"83":0,"84":0,"85":0,"86":0,"87":0,"88":6,"89":0,"90":0,"91":0,"92":0,"93":0,"94":0,"95":0,"96":6},"f":{"0":0,"1":0,"2":0,"3":0,"4":0,"5":0,"6":0,"7":0,"8":0},"b":{"0":[0],"1":[0],"2":[0],"3":[0],"4":[0,0],"5":[0],"6":[0,0,0],"7":[0],"8":[0],"9":[0],"10":[0],"11":[0,0],"12":[0],"13":[0],"14":[0],"15":[0],"16":[0],"17":[0],"18":[0,0],"19":[0],"20":[0],"21":[0],"22":[0],"23":[0],"24":[0],"25":[0,0]}}
,"/workspaces/Leidy-cleaner/backend/src/controllers/ChatController.ts": {"path":"/workspaces/Leidy-cleaner/backend/src/controllers/ChatController.ts","statementMap":{"0":{"start":{"line":2,"column":0},"end":{"line":2,"column":81}},"1":{"start":{"line":3,"column":0},"end":{"line":3,"column":54}},"2":{"start":{"line":4,"column":0},"end":{"line":4,"column":53}},"3":{"start":{"line":5,"column":0},"end":{"line":5,"column":49}},"4":{"start":{"line":7,"column":0},"end":{"line":7,"column":13}},"5":{"start":{"line":11,"column":9},"end":{"line":11,"column":19}},"6":{"start":{"line":12,"column":26},"end":{"line":12,"column":61}},"7":{"start":{"line":15,"column":31},"end":{"line":15,"column":73}},"8":{"start":{"line":16,"column":20},"end":{"line":16,"column":59}},"9":{"start":{"line":18,"column":4},"end":{"line":20,"column":5}},"10":{"start":{"line":19,"column":6},"end":{"line":19,"column":47}},"11":{"start":{"line":23,"column":19},"end":{"line":23,"column":31}},"12":{"start":{"line":24,"column":21},"end":{"line":24,"column":35}},"13":{"start":{"line":26,"column":4},"end":{"line":30,"column":5}},"14":{"start":{"line":29,"column":6},"end":{"line":29,"column":64}},"15":{"start":{"line":32,"column":17},"end":{"line":32,"column":65}},"16":{"start":{"line":33,"column":4},"end":{"line":35,"column":5}},"17":{"start":{"line":34,"column":6},"end":{"line":34,"column":56}},"18":{"start":{"line":37,"column":4},"end":{"line":40,"column":7}},"19":{"start":{"line":46,"column":9},"end":{"line":46,"column":23}},"20":{"start":{"line":47,"column":26},"end":{"line":47,"column":61}},"21":{"start":{"line":48,"column":29},"end":{"line":48,"column":65}},"22":{"start":{"line":50,"column":4},"end":{"line":52,"column":5}},"23":{"start":{"line":51,"column":6},"end":{"line":51,"column":52}},"24":{"start":{"line":55,"column":31},"end":{"line":55,"column":73}},"25":{"start":{"line":56,"column":20},"end":{"line":56,"column":59}},"26":{"start":{"line":58,"column":4},"end":{"line":60,"column":5}},"27":{"start":{"line":59,"column":6},"end":{"line":59,"column":47}},"28":{"start":{"line":63,"column":19},"end":{"line":63,"column":31}},"29":{"start":{"line":64,"column":21},"end":{"line":64,"column":35}},"30":{"start":{"line":66,"column":4},"end":{"line":70,"column":5}},"31":{"start":{"line":69,"column":6},"end":{"line":69,"column":74}},"32":{"start":{"line":73,"column":53},"end":{"line":73,"column":63}},"33":{"start":{"line":74,"column":4},"end":{"line":78,"column":5}},"34":{"start":{"line":75,"column":6},"end":{"line":75,"column":27}},"35":{"start":{"line":76,"column":11},"end":{"line":78,"column":5}},"36":{"start":{"line":77,"column":6},"end":{"line":77,"column":27}},"37":{"start":{"line":80,"column":25},"end":{"line":86,"column":null}},"38":{"start":{"line":89,"column":4},"end":{"line":91,"column":5}},"39":{"start":{"line":90,"column":6},"end":{"line":90,"column":52}},"40":{"start":{"line":93,"column":4},"end":{"line":96,"column":7}},"41":{"start":{"line":102,"column":9},"end":{"line":102,"column":23}},"42":{"start":{"line":103,"column":26},"end":{"line":103,"column":61}},"43":{"start":{"line":104,"column":39},"end":{"line":104,"column":87}},"44":{"start":{"line":107,"column":31},"end":{"line":107,"column":73}},"45":{"start":{"line":108,"column":20},"end":{"line":108,"column":59}},"46":{"start":{"line":110,"column":4},"end":{"line":112,"column":5}},"47":{"start":{"line":111,"column":6},"end":{"line":111,"column":47}},"48":{"start":{"line":115,"column":19},"end":{"line":115,"column":31}},"49":{"start":{"line":116,"column":21},"end":{"line":116,"column":35}},"50":{"start":{"line":118,"column":4},"end":{"line":122,"column":5}},"51":{"start":{"line":121,"column":6},"end":{"line":121,"column":62}},"52":{"start":{"line":124,"column":21},"end":{"line":127,"column":null}},"53":{"start":{"line":130,"column":4},"end":{"line":133,"column":7}},"54":{"start":{"line":139,"column":9},"end":{"line":139,"column":22}},"55":{"start":{"line":140,"column":26},"end":{"line":140,"column":61}},"56":{"start":{"line":143,"column":31},"end":{"line":143,"column":73}},"57":{"start":{"line":144,"column":20},"end":{"line":144,"column":59}},"58":{"start":{"line":146,"column":4},"end":{"line":148,"column":5}},"59":{"start":{"line":147,"column":6},"end":{"line":147,"column":47}},"60":{"start":{"line":151,"column":19},"end":{"line":151,"column":31}},"61":{"start":{"line":152,"column":21},"end":{"line":152,"column":35}},"62":{"start":{"line":154,"column":4},"end":{"line":158,"column":5}},"63":{"start":{"line":157,"column":6},"end":{"line":157,"column":69}},"64":{"start":{"line":160,"column":4},"end":{"line":160,"column":52}},"65":{"start":{"line":162,"column":4},"end":{"line":164,"column":7}},"66":{"start":{"line":170,"column":9},"end":{"line":170,"column":24}},"67":{"start":{"line":171,"column":19},"end":{"line":171,"column":31}},"68":{"start":{"line":172,"column":21},"end":{"line":172,"column":35}},"69":{"start":{"line":174,"column":18},"end":{"line":174,"column":70}},"70":{"start":{"line":176,"column":4},"end":{"line":179,"column":7}},"71":{"start":{"line":185,"column":9},"end":{"line":185,"column":20}},"72":{"start":{"line":186,"column":4},"end":{"line":188,"column":5}},"73":{"start":{"line":187,"column":6},"end":{"line":187,"column":61}},"74":{"start":{"line":190,"column":18},"end":{"line":190,"column":46}},"75":{"start":{"line":192,"column":4},"end":{"line":195,"column":7}}},"fnMap":{"0":{"name":"(anonymous_9)","decl":{"start":{"line":11,"column":32},"end":{"line":11,"column":37}},"loc":{"start":{"line":11,"column":74},"end":{"line":41,"column":3}}},"1":{"name":"(anonymous_10)","decl":{"start":{"line":15,"column":31},"end":{"line":15,"column":44}},"loc":{"start":{"line":15,"column":31},"end":{"line":15,"column":73}}},"2":{"name":"(anonymous_11)","decl":{"start":{"line":46,"column":36},"end":{"line":46,"column":41}},"loc":{"start":{"line":46,"column":78},"end":{"line":97,"column":3}}},"3":{"name":"(anonymous_12)","decl":{"start":{"line":55,"column":31},"end":{"line":55,"column":44}},"loc":{"start":{"line":55,"column":31},"end":{"line":55,"column":73}}},"4":{"name":"(anonymous_13)","decl":{"start":{"line":102,"column":36},"end":{"line":102,"column":41}},"loc":{"start":{"line":102,"column":78},"end":{"line":134,"column":3}}},"5":{"name":"(anonymous_14)","decl":{"start":{"line":107,"column":31},"end":{"line":107,"column":44}},"loc":{"start":{"line":107,"column":31},"end":{"line":107,"column":73}}},"6":{"name":"(anonymous_15)","decl":{"start":{"line":139,"column":35},"end":{"line":139,"column":40}},"loc":{"start":{"line":139,"column":77},"end":{"line":165,"column":3}}},"7":{"name":"(anonymous_16)","decl":{"start":{"line":143,"column":31},"end":{"line":143,"column":44}},"loc":{"start":{"line":143,"column":31},"end":{"line":143,"column":73}}},"8":{"name":"(anonymous_17)","decl":{"start":{"line":170,"column":37},"end":{"line":170,"column":42}},"loc":{"start":{"line":170,"column":79},"end":{"line":180,"column":3}}},"9":{"name":"(anonymous_18)","decl":{"start":{"line":185,"column":33},"end":{"line":185,"column":38}},"loc":{"start":{"line":185,"column":75},"end":{"line":196,"column":3}}}},"branchMap":{"0":{"loc":{"start":{"line":18,"column":4},"end":{"line":20,"column":5}},"type":"if","locations":[{"start":{"line":18,"column":4},"end":{"line":20,"column":5}}]},"1":{"loc":{"start":{"line":26,"column":4},"end":{"line":30,"column":5}},"type":"if","locations":[{"start":{"line":26,"column":4},"end":{"line":30,"column":5}}]},"2":{"loc":{"start":{"line":26,"column":8},"end":{"line":28,"column":41}},"type":"binary-expr","locations":[{"start":{"line":26,"column":8},"end":{"line":26,"column":28}},{"start":{"line":27,"column":8},"end":{"line":27,"column":34}},{"start":{"line":28,"column":8},"end":{"line":28,"column":41}}]},"3":{"loc":{"start":{"line":33,"column":4},"end":{"line":35,"column":5}},"type":"if","locations":[{"start":{"line":33,"column":4},"end":{"line":35,"column":5}}]},"4":{"loc":{"start":{"line":50,"column":4},"end":{"line":52,"column":5}},"type":"if","locations":[{"start":{"line":50,"column":4},"end":{"line":52,"column":5}}]},"5":{"loc":{"start":{"line":58,"column":4},"end":{"line":60,"column":5}},"type":"if","locations":[{"start":{"line":58,"column":4},"end":{"line":60,"column":5}}]},"6":{"loc":{"start":{"line":66,"column":4},"end":{"line":70,"column":5}},"type":"if","locations":[{"start":{"line":66,"column":4},"end":{"line":70,"column":5}}]},"7":{"loc":{"start":{"line":66,"column":8},"end":{"line":68,"column":41}},"type":"binary-expr","locations":[{"start":{"line":66,"column":8},"end":{"line":66,"column":28}},{"start":{"line":67,"column":8},"end":{"line":67,"column":34}},{"start":{"line":68,"column":8},"end":{"line":68,"column":41}}]},"8":{"loc":{"start":{"line":74,"column":4},"end":{"line":78,"column":5}},"type":"if","locations":[{"start":{"line":74,"column":4},"end":{"line":78,"column":5}},{"start":{"line":76,"column":11},"end":{"line":78,"column":5}}]},"9":{"loc":{"start":{"line":76,"column":11},"end":{"line":78,"column":5}},"type":"if","locations":[{"start":{"line":76,"column":11},"end":{"line":78,"column":5}}]},"10":{"loc":{"start":{"line":85,"column":6},"end":{"line":85,"column":33}},"type":"binary-expr","locations":[{"start":{"line":85,"column":6},"end":{"line":85,"column":23}},{"start":{"line":85,"column":27},"end":{"line":85,"column":33}}]},"11":{"loc":{"start":{"line":89,"column":4},"end":{"line":91,"column":5}},"type":"if","locations":[{"start":{"line":89,"column":4},"end":{"line":91,"column":5}}]},"12":{"loc":{"start":{"line":104,"column":12},"end":{"line":104,"column":22}},"type":"default-arg","locations":[{"start":{"line":104,"column":20},"end":{"line":104,"column":22}}]},"13":{"loc":{"start":{"line":104,"column":24},"end":{"line":104,"column":34}},"type":"default-arg","locations":[{"start":{"line":104,"column":33},"end":{"line":104,"column":34}}]},"14":{"loc":{"start":{"line":110,"column":4},"end":{"line":112,"column":5}},"type":"if","locations":[{"start":{"line":110,"column":4},"end":{"line":112,"column":5}}]},"15":{"loc":{"start":{"line":118,"column":4},"end":{"line":122,"column":5}},"type":"if","locations":[{"start":{"line":118,"column":4},"end":{"line":122,"column":5}}]},"16":{"loc":{"start":{"line":118,"column":8},"end":{"line":120,"column":41}},"type":"binary-expr","locations":[{"start":{"line":118,"column":8},"end":{"line":118,"column":28}},{"start":{"line":119,"column":8},"end":{"line":119,"column":34}},{"start":{"line":120,"column":8},"end":{"line":120,"column":41}}]},"17":{"loc":{"start":{"line":146,"column":4},"end":{"line":148,"column":5}},"type":"if","locations":[{"start":{"line":146,"column":4},"end":{"line":148,"column":5}}]},"18":{"loc":{"start":{"line":154,"column":4},"end":{"line":158,"column":5}},"type":"if","locations":[{"start":{"line":154,"column":4},"end":{"line":158,"column":5}}]},"19":{"loc":{"start":{"line":154,"column":8},"end":{"line":156,"column":41}},"type":"binary-expr","locations":[{"start":{"line":154,"column":8},"end":{"line":154,"column":28}},{"start":{"line":155,"column":8},"end":{"line":155,"column":34}},{"start":{"line":156,"column":8},"end":{"line":156,"column":41}}]},"20":{"loc":{"start":{"line":186,"column":4},"end":{"line":188,"column":5}},"type":"if","locations":[{"start":{"line":186,"column":4},"end":{"line":188,"column":5}}]}},"s":{"0":6,"1":6,"2":6,"3":6,"4":6,"5":6,"6":0,"7":0,"8":0,"9":0,"10":0,"11":0,"12":0,"13":0,"14":0,"15":0,"16":0,"17":0,"18":0,"19":6,"20":0,"21":0,"22":0,"23":0,"24":0,"25":0,"26":0,"27":0,"28":0,"29":0,"30":0,"31":0,"32":0,"33":0,"34":0,"35":0,"36":0,"37":0,"38":0,"39":0,"40":0,"41":6,"42":0,"43":0,"44":0,"45":0,"46":0,"47":0,"48":0,"49":0,"50":0,"51":0,"52":0,"53":0,"54":6,"55":0,"56":0,"57":0,"58":0,"59":0,"60":0,"61":0,"62":0,"63":0,"64":0,"65":0,"66":6,"67":0,"68":0,"69":0,"70":0,"71":6,"72":0,"73":0,"74":0,"75":0},"f":{"0":0,"1":0,"2":0,"3":0,"4":0,"5":0,"6":0,"7":0,"8":0,"9":0},"b":{"0":[0],"1":[0],"2":[0,0,0],"3":[0],"4":[0],"5":[0],"6":[0],"7":[0,0,0],"8":[0,0],"9":[0],"10":[0,0],"11":[0],"12":[0],"13":[0],"14":[0],"15":[0],"16":[0,0,0],"17":[0],"18":[0],"19":[0,0,0],"20":[0]}}
,"/workspaces/Leidy-cleaner/backend/src/controllers/CompanyController.ts": {"path":"/workspaces/Leidy-cleaner/backend/src/controllers/CompanyController.ts","statementMap":{"0":{"start":{"line":2,"column":0},"end":{"line":2,"column":81}},"1":{"start":{"line":3,"column":0},"end":{"line":3,"column":56}},"2":{"start":{"line":5,"column":0},"end":{"line":5,"column":13}},"3":{"start":{"line":6,"column":9},"end":{"line":6,"column":19}},"4":{"start":{"line":7,"column":20},"end":{"line":7,"column":52}},"5":{"start":{"line":8,"column":4},"end":{"line":8,"column":64}},"6":{"start":{"line":8,"column":18},"end":{"line":8,"column":64}},"7":{"start":{"line":9,"column":4},"end":{"line":9,"column":83}},"8":{"start":{"line":12,"column":9},"end":{"line":12,"column":18}},"9":{"start":{"line":13,"column":4},"end":{"line":13,"column":107}},"10":{"start":{"line":13,"column":48},"end":{"line":13,"column":107}},"11":{"start":{"line":14,"column":17},"end":{"line":14,"column":25}},"12":{"start":{"line":15,"column":20},"end":{"line":15,"column":53}},"13":{"start":{"line":16,"column":4},"end":{"line":16,"column":90}},"14":{"start":{"line":20,"column":0},"end":{"line":20,"column":33}}},"fnMap":{"0":{"name":"(anonymous_1)","decl":{"start":{"line":6,"column":32},"end":{"line":6,"column":37}},"loc":{"start":{"line":6,"column":75},"end":{"line":10,"column":3}}},"1":{"name":"(anonymous_2)","decl":{"start":{"line":12,"column":31},"end":{"line":12,"column":36}},"loc":{"start":{"line":12,"column":73},"end":{"line":17,"column":3}}}},"branchMap":{"0":{"loc":{"start":{"line":8,"column":4},"end":{"line":8,"column":64}},"type":"if","locations":[{"start":{"line":8,"column":4},"end":{"line":8,"column":64}}]},"1":{"loc":{"start":{"line":13,"column":4},"end":{"line":13,"column":107}},"type":"if","locations":[{"start":{"line":13,"column":4},"end":{"line":13,"column":107}}]},"2":{"loc":{"start":{"line":13,"column":8},"end":{"line":13,"column":46}},"type":"binary-expr","locations":[{"start":{"line":13,"column":8},"end":{"line":13,"column":17}},{"start":{"line":13,"column":21},"end":{"line":13,"column":46}}]}},"s":{"0":5,"1":5,"2":5,"3":5,"4":0,"5":0,"6":0,"7":0,"8":5,"9":0,"10":0,"11":0,"12":0,"13":0,"14":5},"f":{"0":0,"1":0},"b":{"0":[0],"1":[0],"2":[0,0]}}
,"/workspaces/Leidy-cleaner/backend/src/controllers/PaymentController.ts": {"path":"/workspaces/Leidy-cleaner/backend/src/controllers/PaymentController.ts","statementMap":{"0":{"start":{"line":2,"column":0},"end":{"line":2,"column":81}},"1":{"start":{"line":3,"column":0},"end":{"line":3,"column":56}},"2":{"start":{"line":4,"column":0},"end":{"line":4,"column":56}},"3":{"start":{"line":6,"column":0},"end":{"line":6,"column":13}},"4":{"start":{"line":7,"column":9},"end":{"line":7,"column":22}},"5":{"start":{"line":8,"column":4},"end":{"line":8,"column":60}},"6":{"start":{"line":8,"column":19},"end":{"line":8,"column":60}},"7":{"start":{"line":10,"column":26},"end":{"line":10,"column":34}},"8":{"start":{"line":11,"column":4},"end":{"line":11,"column":65}},"9":{"start":{"line":11,"column":20},"end":{"line":11,"column":65}},"10":{"start":{"line":13,"column":20},"end":{"line":13,"column":59}},"11":{"start":{"line":14,"column":4},"end":{"line":14,"column":59}},"12":{"start":{"line":14,"column":18},"end":{"line":14,"column":59}},"13":{"start":{"line":16,"column":4},"end":{"line":18,"column":5}},"14":{"start":{"line":17,"column":6},"end":{"line":17,"column":54}},"15":{"start":{"line":20,"column":20},"end":{"line":20,"column":67}},"16":{"start":{"line":21,"column":4},"end":{"line":21,"column":66}},"17":{"start":{"line":21,"column":18},"end":{"line":21,"column":66}},"18":{"start":{"line":23,"column":4},"end":{"line":23,"column":82}},"19":{"start":{"line":26,"column":9},"end":{"line":26,"column":22}},"20":{"start":{"line":27,"column":4},"end":{"line":27,"column":60}},"21":{"start":{"line":27,"column":19},"end":{"line":27,"column":60}},"22":{"start":{"line":29,"column":26},"end":{"line":29,"column":34}},"23":{"start":{"line":30,"column":4},"end":{"line":30,"column":65}},"24":{"start":{"line":30,"column":20},"end":{"line":30,"column":65}},"25":{"start":{"line":32,"column":20},"end":{"line":32,"column":59}},"26":{"start":{"line":33,"column":4},"end":{"line":33,"column":59}},"27":{"start":{"line":33,"column":18},"end":{"line":33,"column":59}},"28":{"start":{"line":35,"column":4},"end":{"line":37,"column":5}},"29":{"start":{"line":36,"column":6},"end":{"line":36,"column":72}},"30":{"start":{"line":39,"column":4},"end":{"line":41,"column":5}},"31":{"start":{"line":40,"column":6},"end":{"line":40,"column":54}},"32":{"start":{"line":43,"column":20},"end":{"line":48,"column":6}},"33":{"start":{"line":50,"column":4},"end":{"line":53,"column":7}},"34":{"start":{"line":56,"column":9},"end":{"line":56,"column":29}},"35":{"start":{"line":57,"column":4},"end":{"line":57,"column":60}},"36":{"start":{"line":57,"column":19},"end":{"line":57,"column":60}},"37":{"start":{"line":59,"column":26},"end":{"line":59,"column":34}},"38":{"start":{"line":60,"column":4},"end":{"line":60,"column":65}},"39":{"start":{"line":60,"column":20},"end":{"line":60,"column":65}},"40":{"start":{"line":62,"column":20},"end":{"line":62,"column":59}},"41":{"start":{"line":63,"column":4},"end":{"line":63,"column":59}},"42":{"start":{"line":63,"column":18},"end":{"line":63,"column":59}},"43":{"start":{"line":65,"column":4},"end":{"line":67,"column":5}},"44":{"start":{"line":66,"column":6},"end":{"line":66,"column":54}},"45":{"start":{"line":69,"column":4},"end":{"line":71,"column":5}},"46":{"start":{"line":70,"column":6},"end":{"line":70,"column":50}},"47":{"start":{"line":73,"column":20},"end":{"line":73,"column":67}},"48":{"start":{"line":74,"column":4},"end":{"line":74,"column":66}},"49":{"start":{"line":74,"column":18},"end":{"line":74,"column":66}},"50":{"start":{"line":76,"column":4},"end":{"line":76,"column":91}},"51":{"start":{"line":79,"column":9},"end":{"line":79,"column":20}},"52":{"start":{"line":80,"column":4},"end":{"line":80,"column":60}},"53":{"start":{"line":80,"column":19},"end":{"line":80,"column":60}},"54":{"start":{"line":82,"column":26},"end":{"line":82,"column":34}},"55":{"start":{"line":83,"column":4},"end":{"line":83,"column":65}},"56":{"start":{"line":83,"column":20},"end":{"line":83,"column":65}},"57":{"start":{"line":85,"column":20},"end":{"line":85,"column":59}},"58":{"start":{"line":86,"column":4},"end":{"line":86,"column":59}},"59":{"start":{"line":86,"column":18},"end":{"line":86,"
[...]
,"/workspaces/Leidy-cleaner/backend/src/utils/logger.ts": {"path":"/workspaces/Leidy-cleaner/backend/src/utils/logger.ts","statementMap":{"0":{"start":{"line":1,"column":0},"end":{"line":1,"column":30}},"1":{"start":{"line":3,"column":15},"end":{"line":9,"column":2}},"2":{"start":{"line":11,"column":15},"end":{"line":17,"column":2}},"3":{"start":{"line":19,"column":0},"end":{"line":19,"column":26}},"4":{"start":{"line":21,"column":15},"end":{"line":24,"column":null}},"5":{"start":{"line":24,"column":34},"end":{"line":24,"column":84}},"6":{"start":{"line":27,"column":19},"end":{"line":36,"column":2}},"7":{"start":{"line":38,"column":13},"end":{"line":43,"column":3}}},"fnMap":{"0":{"name":"(anonymous_1)","decl":{"start":{"line":24,"column":24},"end":{"line":24,"column":25}},"loc":{"start":{"line":24,"column":34},"end":{"line":24,"column":84}}}},"branchMap":{"0":{"loc":{"start":{"line":39,"column":9},"end":{"line":39,"column":41}},"type":"binary-expr","locations":[{"start":{"line":39,"column":9},"end":{"line":39,"column":30}},{"start":{"line":39,"column":34},"end":{"line":39,"column":41}}]}},"s":{"0":6,"1":6,"2":6,"3":6,"4":6,"5":751,"6":6,"7":6},"f":{"0":751},"b":{"0":[6,6]}}
,"/workspaces/Leidy-cleaner/backend/src/utils/mockData.ts": {"path":"/workspaces/Leidy-cleaner/backend/src/utils/mockData.ts","statementMap":{"0":{"start":{"line":2,"column":13},"end":{"line":83,"column":2}},"1":{"start":{"line":85,"column":13},"end":{"line":95,"column":2}},"2":{"start":{"line":97,"column":13},"end":{"line":111,"column":2}}},"fnMap":{},"branchMap":{},"s":{"0":6,"1":6,"2":6},"f":{},"b":{}}
,"/workspaces/Leidy-cleaner/backend/src/utils/password.ts": {"path":"/workspaces/Leidy-cleaner/backend/src/utils/password.ts","statementMap":{"0":{"start":{"line":1,"column":0},"end":{"line":1,"column":30}},"1":{"start":{"line":2,"column":0},"end":{"line":2,"column":34}},"2":{"start":{"line":4,"column":20},"end":{"line":4,"column":22}},"3":{"start":{"line":6,"column":28},"end":{"line":13,"column":1}},"4":{"start":{"line":7,"column":2},"end":{"line":12,"column":3}},"5":{"start":{"line":8,"column":4},"end":{"line":8,"column":52}},"6":{"start":{"line":10,"column":4},"end":{"line":10,"column":51}},"7":{"start":{"line":11,"column":4},"end":{"line":11,"column":47}},"8":{"start":{"line":6,"column":13},"end":{"line":6,"column":28}},"9":{"start":{"line":15,"column":31},"end":{"line":22,"column":1}},"10":{"start":{"line":16,"column":2},"end":{"line":21,"column":3}},"11":{"start":{"line":17,"column":4},"end":{"line":17,"column":48}},"12":{"start":{"line":19,"column":4},"end":{"line":19,"column":53}},"13":{"start":{"line":20,"column":4},"end":{"line":20,"column":50}},"14":{"start":{"line":15,"column":13},"end":{"line":15,"column":31}}},"fnMap":{"0":{"name":"(anonymous_1)","decl":{"start":{"line":6,"column":28},"end":{"line":6,"column":33}},"loc":{"start":{"line":6,"column":72},"end":{"line":13,"column":1}}},"1":{"name":"(anonymous_2)","decl":{"start":{"line":15,"column":31},"end":{"line":15,"column":36}},"loc":{"start":{"line":15,"column":90},"end":{"line":22,"column":1}}}},"branchMap":{},"s":{"0":6,"1":6,"2":6,"3":6,"4":40,"5":40,"6":0,"7":0,"8":6,"9":6,"10":1,"11":1,"12":0,"13":0,"14":6},"f":{"0":40,"1":1},"b":{}}
,"/workspaces/Leidy-cleaner/backend/src/utils/priceCalculator.ts": {"path":"/workspaces/Leidy-cleaner/backend/src/utils/priceCalculator.ts","statementMap":{"0":{"start":{"line":2,"column":0},"end":{"line":2,"column":16}},"1":{"start":{"line":28,"column":0},"end":{"line":28,"column":16}},"2":{"start":{"line":7,"column":16},"end":{"line":7,"column":80}},"3":{"start":{"line":10,"column":22},"end":{"line":10,"column":40}},"4":{"start":{"line":13,"column":18},"end":{"line":13,"column":19}},"5":{"start":{"line":14,"column":2},"end":{"line":19,"column":3}},"6":{"start":{"line":15,"column":4},"end":{"line":15,"column":19}},"7":{"start":{"line":16,"column":4},"end":{"line":18,"column":5}},"8":{"start":{"line":17,"column":6},"end":{"line":17,"column":42}},"9":{"start":{"line":22,"column":14},"end":{"line":22,"column":29}},"10":{"start":{"line":23,"column":21},"end":{"line":23,"column":36}},"11":{"start":{"line":25,"column":2},"end":{"line":25,"column":44}},"12":{"start":{"line":37,"column":16},"end":{"line":37,"column":80}},"13":{"start":{"line":40,"column":22},"end":{"line":40,"column":40}},"14":{"start":{"line":43,"column":18},"end":{"line":43,"column":19}},"15":{"start":{"line":44,"column":2},"end":{"line":49,"column":3}},"16":{"start":{"line":45,"column":4},"end":{"line":45,"column":19}},"17":{"start":{"line":46,"column":4},"end":{"line":48,"column":5}},"18":{"start":{"line":47,"column":6},"end":{"line":47,"column":42}},"19":{"start":{"line":52,"column":14},"end":{"line":52,"column":53}},"20":{"start":{"line":53,"column":16},"end":{"line":53,"column":57}},"21":{"start":{"line":55,"column":2},"end":{"line":59,"column":4}}},"fnMap":{"0":{"name":"calculateServicePrice","decl":{"start":{"line":2,"column":16},"end":{"line":2,"column":37}},"loc":{"start":{"line":4,"column":28},"end":{"line":26,"column":1}}},"1":{"name":"calculatePriceBreakdown","decl":{"start":{"line":28,"column":16},"end":{"line":28,"column":39}},"loc":{"start":{"line":30,"column":28},"end":{"line":60,"column":1}}}},"branchMap":{"0":{"loc":{"start":{"line":4,"column":2},"end":{"line":4,"column":28}},"type":"default-arg","locations":[{"start":{"line":4,"column":23},"end":{"line":4,"column":28}}]},"1":{"loc":{"start":{"line":7,"column":16},"end":{"line":7,"column":80}},"type":"cond-expr","locations":[{"start":{"line":7,"column":28},"end":{"line":7,"column":50}},{"start":{"line":7,"column":53},"end":{"line":7,"column":80}}]},"2":{"loc":{"start":{"line":14,"column":2},"end":{"line":19,"column":3}},"type":"if","locations":[{"start":{"line":14,"column":2},"end":{"line":19,"column":3}}]},"3":{"loc":{"start":{"line":16,"column":4},"end":{"line":18,"column":5}},"type":"if","locations":[{"start":{"line":16,"column":4},"end":{"line":18,"column":5}}]},"4":{"loc":{"start":{"line":30,"column":2},"end":{"line":30,"column":28}},"type":"default-arg","locations":[{"start":{"line":30,"column":23},"end":{"line":30,"column":28}}]},"5":{"loc":{"start":{"line":37,"column":16},"end":{"line":37,"column":80}},"type":"cond-expr","locations":[{"start":{"line":37,"column":28},"end":{"line":37,"column":50}},{"start":{"line":37,"column":53},"end":{"line":37,"column":80}}]},"6":{"loc":{"start":{"line":44,"column":2},"end":{"line":49,"column":3}},"type":"if","locations":[{"start":{"line":44,"column":2},"end":{"line":49,"column":3}}]},"7":{"loc":{"start":{"line":46,"column":4},"end":{"line":48,"column":5}},"type":"if","locations":[{"start":{"line":46,"column":4},"end":{"line":48,"column":5}}]}},"s":{"0":6,"1":6,"2":0,"3":0,"4":0,"5":0,"6":0,"7":0,"8":0,"9":0,"10":0,"11":0,"12":0,"13":0,"14":0,"15":0,"16":0,"17":0,"18":0,"19":0,"20":0,"21":0},"f":{"0":0,"1":0},"b":{"0":[0],"1":[0,0],"2":[0],"3":[0],"4":[0],"5":[0,0],"6":[0],"7":[0]}}
,"/workspaces/Leidy-cleaner/backend/src/utils/schemas.ts": {"path":"/workspaces/Leidy-cleaner/backend/src/utils/schemas.ts","statementMap":{"0":{"start":{"line":1,"column":0},"end":{"line":1,"column":22}},"1":{"start":{"line":4,"column":13},"end":{"line":9,"column":3}},"2":{"start":{"line":11,"column":13},"end":{"line":14,"column":3}},"3":{"start":{"line":16,"column":13},"end":{"line":18,"column":3}},"4":{"start":{"line":21,"column":13},"end":{"line":27,"column":3}},"5":{"start":{"line":30,"column":13},"end":{"line":36,"column":3}},"6":{"start":{"line":39,"column":22},"end":{"line":39,"column":54}},"7":{"start":{"line":41,"column":13},"end":{"line":52,"column":3}},"8":{"start":{"line":55,"column":13},"end":{"line":60,"column":3}},"9":{"start":{"line":63,"column":13},"end":{"line":66,"column":3}},"10":{"start":{"line":69,"column":13},"end":{"line":74,"column":3}},"11":{"start":{"line":77,"column":13},"end":{"line":81,"column":3}},"12":{"start":{"line":83,"column":13},"end":{"line":83,"column":81}},"13":{"start":{"line":86,"column":13},"end":{"line":90,"column":3}},"14":{"start":{"line":93,"column":13},"end":{"line":96,"column":3}},"15":{"start":{"line":98,"column":13},"end":{"line":100,"column":3}},"16":{"start":{"line":102,"column":13},"end":{"line":104,"column":3}},"17":{"start":{"line":107,"column":13},"end":{"line":110,"column":3}}},"fnMap":{},"branchMap":{},"s":{"0":6,"1":6,"2":6,"3":6,"4":6,"5":6,"6":6,"7":6,"8":6,"9":6,"10":6,"11":6,"12":6,"13":6,"14":6,"15":6,"16":6,"17":6},"f":{},"b":{}}
,"/workspaces/Leidy-cleaner/backend/src/utils/sentry.ts": {"path":"/workspaces/Leidy-cleaner/backend/src/utils/sentry.ts","statementMap":{"0":{"start":{"line":3,"column":0},"end":{"line":3,"column":16}},"1":{"start":{"line":1,"column":0},"end":{"line":1,"column":39}},"2":{"start":{"line":4,"column":14},"end":{"line":4,"column":36}},"3":{"start":{"line":5,"column":2},"end":{"line":5,"column":19}},"4":{"start":{"line":5,"column":12},"end":{"line":5,"column":19}},"5":{"start":{"line":7,"column":2},"end":{"line":10,"column":5}},"6":{"start":{"line":11,"column":2},"end":{"line":11,"column":36}},"7":{"start":{"line":14,"column":0},"end":{"line":14,"column":22}}},"fnMap":{"0":{"name":"initSentry","decl":{"start":{"line":3,"column":16},"end":{"line":3,"column":26}},"loc":{"start":{"line":3,"column":26},"end":{"line":12,"column":1}}}},"branchMap":{"0":{"loc":{"start":{"line":5,"column":2},"end":{"line":5,"column":19}},"type":"if","locations":[{"start":{"line":5,"column":2},"end":{"line":5,"column":19}}]},"1":{"loc":{"start":{"line":9,"column":33},"end":{"line":9,"column":79}},"type":"binary-expr","locations":[{"start":{"line":9,"column":33},"end":{"line":9,"column":70}},{"start":{"line":9,"column":74},"end":{"line":9,"column":79}}]}},"s":{"0":6,"1":6,"2":0,"3":0,"4":0,"5":0,"6":0,"7":6},"f":{"0":0},"b":{"0":[0],"1":[0,0]}}
,"/workspaces/Leidy-cleaner/backend/src/utils/sql.ts": {"path":"/workspaces/Leidy-cleaner/backend/src/utils/sql.ts","statementMap":{"0":{"start":{"line":3,"column":0},"end":{"line":3,"column":16}},"1":{"start":{"line":7,"column":0},"end":{"line":7,"column":16}},"2":{"start":{"line":12,"column":0},"end":{"line":12,"column":16}},"3":{"start":{"line":1,"column":13},"end":{"line":1,"column":119}},"4":{"start":{"line":4,"column":2},"end":{"line":4,"column":62}},"5":{"start":{"line":8,"column":2},"end":{"line":8,"column":71}},"6":{"start":{"line":8,"column":28},"end":{"line":8,"column":71}},"7":{"start":{"line":9,"column":2},"end":{"line":9,"column":45}},"8":{"start":{"line":13,"column":2},"end":{"line":13,"column":69}},"9":{"start":{"line":13,"column":28},"end":{"line":13,"column":69}},"10":{"start":{"line":14,"column":2},"end":{"line":14,"column":43}}},"fnMap":{"0":{"name":"sqlNow","decl":{"start":{"line":3,"column":16},"end":{"line":3,"column":22}},"loc":{"start":{"line":3,"column":22},"end":{"line":5,"column":1}}},"1":{"name":"sqlAgoHours","decl":{"start":{"line":7,"column":16},"end":{"line":7,"column":27}},"loc":{"start":{"line":7,"column":41},"end":{"line":10,"column":1}}},"2":{"name":"sqlAgoDays","decl":{"start":{"line":12,"column":16},"end":{"line":12,"column":26}},"loc":{"start":{"line":12,"column":39},"end":{"line":15,"column":1}}}},"branchMap":{"0":{"loc":{"start":{"line":1,"column":23},"end":{"line":1,"column":118}},"type":"binary-expr","locations":[{"start":{"line":1,"column":23},"end":{"line":1,"column":42}},{"start":{"line":1,"column":47},"end":{"line":1,"column":117}}]},"1":{"loc":{"start":{"line":1,"column":47},"end":{"line":1,"column":117}},"type":"cond-expr","locations":[{"start":{"line":1,"column":96},"end":{"line":1,"column":104}},{"start":{"line":1,"column":107},"end":{"line":1,"column":117}}]},"2":{"loc":{"start":{"line":4,"column":9},"end":{"line":4,"column":61}},"type":"cond-expr","locations":[{"start":{"line":4,"column":32},"end":{"line":4,"column":51}},{"start":{"line":4,"column":54},"end":{"line":4,"column":61}}]},"3":{"loc":{"start":{"line":8,"column":2},"end":{"line":8,"column":71}},"type":"if","locations":[{"start":{"line":8,"column":2},"end":{"line":8,"column":71}}]},"4":{"loc":{"start":{"line":13,"column":2},"end":{"line":13,"column":69}},"type":"if","locations":[{"start":{"line":13,"column":2},"end":{"line":13,"column":69}}]}},"s":{"0":0,"1":0,"2":0,"3":0,"4":0,"5":0,"6":0,"7":0,"8":0,"9":0,"10":0},"f":{"0":0,"1":0,"2":0},"b":{"0":[0,0],"1":[0,0],"2":[0,0],"3":[0],"4":[0]}}
,"/workspaces/Leidy-cleaner/backend/src/utils/swagger.ts": {"path":"/workspaces/Leidy-cleaner/backend/src/utils/swagger.ts","statementMap":{"0":{"start":{"line":189,"column":0},"end":{"line":189,"column":16}},"1":{"start":{"line":1,"column":0},"end":{"line":1,"column":41}},"2":{"start":{"line":2,"column":0},"end":{"line":2,"column":43}},"3":{"start":{"line":4,"column":16},"end":{"line":185,"column":2}},"4":{"start":{"line":187,"column":20},"end":{"line":187,"column":41}},"5":{"start":{"line":190,"column":2},"end":{"line":194,"column":6}},"6":{"start":{"line":196,"column":2},"end":{"line":199,"column":5}},"7":{"start":{"line":197,"column":4},"end":{"line":197,"column":54}},"8":{"start":{"line":198,"column":4},"end":{"line":198,"column":26}},"9":{"start":{"line":201,"column":2},"end":{"line":201,"column":72}}},"fnMap":{"0":{"name":"setupSwagger","decl":{"start":{"line":189,"column":16},"end":{"line":189,"column":28}},"loc":{"start":{"line":189,"column":37},"end":{"line":202,"column":1}}},"1":{"name":"(anonymous_2)","decl":{"start":{"line":196,"column":31},"end":{"line":196,"column":32}},"loc":{"start":{"line":196,"column":55},"end":{"line":199,"column":3}}}},"branchMap":{},"s":{"0":5,"1":5,"2":5,"3":5,"4":5,"5":5,"6":5,"7":0,"8":0,"9":5},"f":{"0":5,"1":0},"b":{}}
,"/workspaces/Leidy-cleaner/backend/src/utils/transformers.ts": {"path":"/workspaces/Leidy-cleaner/backend/src/utils/transformers.ts","statementMap":{"0":{"start":{"line":13,"column":0},"end":{"line":13,"column":16}},"1":{"start":{"line":49,"column":0},"end":{"line":49,"column":16}},"2":{"start":{"line":14,"column":2},"end":{"line":14,"column":52}},"3":{"start":{"line":14,"column":41},"end":{"line":14,"column":52}},"4":{"start":{"line":15,"column":2},"end":{"line":15,"column":42}},"5":{"start":{"line":15,"column":31},"end":{"line":15,"column":42}},"6":{"start":{"line":17,"column":2},"end":{"line":19,"column":3}},"7":{"start":{"line":18,"column":4},"end":{"line":18,"column":43}},"8":{"start":{"line":18,"column":27},"end":{"line":18,"column":41}},"9":{"start":{"line":21,"column":22},"end":{"line":21,"column":24}},"10":{"start":{"line":22,"column":2},"end":{"line":27,"column":3}},"11":{"start":{"line":23,"column":4},"end":{"line":26,"column":5}},"12":{"start":{"line":24,"column":21},"end":{"line":24,"column":37}},"13":{"start":{"line":25,"column":6},"end":{"line":25,"column":42}},"14":{"start":{"line":28,"column":2},"end":{"line":28,"column":16}},"15":{"start":{"line":38,"column":2},"end":{"line":38,"column":76}},"16":{"start":{"line":38,"column":54},"end":{"line":38,"column":74}},"17":{"start":{"line":50,"column":2},"end":{"line":50,"column":52}},"18":{"start":{"line":50,"column":41},"end":{"line":50,"column":52}},"19":{"start":{"line":51,"column":2},"end":{"line":51,"column":42}},"20":{"start":{"line":51,"column":31},"end":{"line":51,"column":42}},"21":{"start":{"line":53,"column":2},"end":{"line":55,"column":3}},"22":{"start":{"line":54,"column":4},"end":{"line":54,"column":43}},"23":{"start":{"line":54,"column":27},"end":{"line":54,"column":41}},"24":{"start":{"line":57,"column":22},"end":{"line":57,"column":24}},"25":{"start":{"line":58,"column":2},"end":{"line":63,"column":3}},"26":{"start":{"line":59,"column":4},"end":{"line":62,"column":5}},"27":{"start":{"line":60,"column":21},"end":{"line":60,"column":37}},"28":{"start":{"line":61,"column":6},"end":{"line":61,"column":42}},"29":{"start":{"line":64,"column":2},"end":{"line":64,"column":16}},"30":{"start":{"line":74,"column":2},"end":{"line":74,"column":69}},"31":{"start":{"line":74,"column":41},"end":{"line":74,"column":67}}},"fnMap":{"0":{"name":"camelize","decl":{"start":{"line":13,"column":16},"end":{"line":13,"column":24}},"loc":{"start":{"line":13,"column":33},"end":{"line":29,"column":1}}},"1":{"name":"(anonymous_1)","decl":{"start":{"line":18,"column":19},"end":{"line":18,"column":23}},"loc":{"start":{"line":18,"column":27},"end":{"line":18,"column":41}}},"2":{"name":"toCamelCase","decl":{"start":{"line":37,"column":9},"end":{"line":37,"column":20}},"loc":{"start":{"line":37,"column":32},"end":{"line":39,"column":1}}},"3":{"name":"(anonymous_3)","decl":{"start":{"line":38,"column":34},"end":{"line":38,"column":35}},"loc":{"start":{"line":38,"column":54},"end":{"line":38,"column":74}}},"4":{"name":"snakeify","decl":{"start":{"line":49,"column":16},"end":{"line":49,"column":24}},"loc":{"start":{"line":49,"column":33},"end":{"line":65,"column":1}}},"5":{"name":"(anonymous_5)","decl":{"start":{"line":54,"column":19},"end":{"line":54,"column":23}},"loc":{"start":{"line":54,"column":27},"end":{"line":54,"column":41}}},"6":{"name":"toSnakeCase","decl":{"start":{"line":73,"column":9},"end":{"line":73,"column":20}},"loc":{"start":{"line":73,"column":32},"end":{"line":75,"column":1}}},"7":{"name":"(anonymous_7)","decl":{"start":{"line":74,"column":31},"end":{"line":74,"column":37}},"loc":{"start":{"line":74,"column":41},"end":{"line":74,"column":67}}}},"branchMap":{"0":{"loc":{"start":{"line":14,"column":2},"end":{"line":14,"column":52}},"type":"if","locations":[{"start":{"line":14,"column":2},"end":{"line":14,"column":52}}]},"1":{"loc":{"start":{"line":14,"column":6},"end":{"line":14,"column":39}},"type":"binary-expr","locations":[{"start":{"line":14,"column":6},"end":{"line":14,"column":18}},{"start":{"line":14,"column":22},"end":{"line":14,"column":39}}]},"2":{"loc":{"start":{"line":15,"column":2},"end":{"line":15,"column":42}},"type":"if","locations":[{"start":{"line":15,"column":2},"end":{"line":15,"column":42}}]},"3":{"loc":{"start":{"line":17,"column":2},"end":{"line":19,"column":3}},"type":"if","locations":[{"start":{"line":17,"column":2},"end":{"line":19,"column":3}}]},"4":{"loc":{"start":{"line":23,"column":4},"end":{"line":26,"column":5}},"type":"if","locations":[{"start":{"line":23,"column":4},"end":{"line":26,"column":5}}]},"5":{"loc":{"start":{"line":50,"column":2},"end":{"line":50,"column":52}},"type":"if","locations":[{"start":{"line":50,"column":2},"end":{"line":50,"column":52}}]},"6":{"loc":{"start":{"line":50,"column":6},"end":{"line":50,"column":39}},"type":"binary-expr","locations":[{"start":{"line":50,"column":6},"end":{"line":50,"column":18}},{"start":{"line":50,"column":22},"end":{"line":50,"column":39}}]},"7":{"loc":{"start":{"line":51,"column":2},"end":{"line":51,"column":42}},"type":"if","locations":[{"start":{"line":51,"column":2},"end":{"line":51,"column":42}}]},"8":{"loc":{"start":{"line":53,"column":2},"end":{"line":55,"column":3}},"type":"if","locations":[{"start":{"line":53,"column":2},"end":{"line":55,"column":3}}]},"9":{"loc":{"start":{"line":59,"column":4},"end":{"line":62,"column":5}},"type":"if","locations":[{"start":{"line":59,"column":4},"end":{"line":62,"column":5}}]}},"s":{"0":6,"1":6,"2":887,"3":0,"4":887,"5":776,"6":111,"7":14,"8":96,"9":97,"10":97,"11":776,"12":776,"13":776,"14":97,"15":776,"16":388,"17":0,"18":0,"19":0,"20":0,"21":0,"22":0,"23":0,"24":0,"25":0,"26":0,"27":0,"28":0,"29":0,"30":0,"31":0},"f":{"0":887,"1":96,"2":776,"3":388,"4":0,"5":0,"6":0,"7":0},"b":{"0":[0],"1":[887,887],"2":[776],"3":[14],"4":[776],"5":[0],"6":[0,0],"7":[0],"8":[0],"9":[0]}}
}
