TN:
SF:src/app.ts
FN:54,(anonymous_10)
FN:57,(anonymous_11)
FN:71,(anonymous_12)
FN:87,(anonymous_13)
FN:88,(anonymous_14)
FN:89,(anonymous_15)
FN:90,(anonymous_16)
FN:115,(anonymous_17)
FN:191,(anonymous_18)
FN:206,(anonymous_19)
FNF:10
FNH:0
FNDA:0,(anonymous_10)
FNDA:0,(anonymous_11)
FNDA:0,(anonymous_12)
FNDA:0,(anonymous_13)
FNDA:0,(anonymous_14)
FNDA:0,(anonymous_15)
FNDA:0,(anonymous_16)
FNDA:0,(anonymous_17)
FNDA:0,(anonymous_18)
FNDA:0,(anonymous_19)
DA:1,5
DA:2,5
DA:3,5
DA:4,5
DA:5,5
DA:6,5
DA:7,5
DA:8,5
DA:9,5
DA:10,5
DA:11,5
DA:12,5
DA:27,5
DA:29,5
DA:32,5
DA:35,5
DA:53,5
DA:55,0
DA:56,0
DA:57,0
DA:58,0
DA:60,0
DA:67,5
DA:69,5
DA:71,0
DA:76,5
DA:77,5
DA:79,5
DA:80,5
DA:81,5
DA:83,5
DA:85,5
DA:87,5
DA:88,0
DA:89,0
DA:90,0
DA:92,0
DA:112,0
DA:113,0
DA:114,0
DA:115,0
DA:116,0
DA:117,0
DA:118,0
DA:120,0
DA:121,0
DA:122,0
DA:123,0
DA:124,0
DA:128,0
DA:129,0
DA:130,0
DA:131,0
DA:133,0
DA:137,0
DA:138,0
DA:139,0
DA:141,0
DA:145,0
DA:146,0
DA:147,0
DA:148,0
DA:150,0
DA:153,0
DA:154,0
DA:161,0
DA:162,0
DA:163,0
DA:166,0
DA:167,0
DA:174,5
DA:175,5
DA:176,5
DA:177,5
DA:178,5
DA:179,5
DA:180,5
DA:181,5
DA:182,5
DA:183,5
DA:184,5
DA:185,5
DA:187,5
DA:188,5
DA:191,5
DA:192,0
DA:206,5
DA:207,0
DA:215,5
DA:218,5
LF:90
LH:45
BRDA:55,0,0,0
BRDA:57,1,0,0
BRDA:57,2,0,0
BRDA:57,2,1,0
BRDA:96,3,0,0
BRDA:96,3,1,0
BRDA:161,4,0,0
BRDA:166,5,0,0
BRDA:166,5,1,0
BRDA:166,6,0,0
BRDA:166,6,1,0
BRDA:187,7,0,5
BRF:12
BRH:1
end_of_record
TN:
SF:src/config.ts
FNF:0
FNH:0
DA:1,5
DA:4,5
DA:6,5
DA:7,5
DA:8,5
DA:9,5
DA:10,5
LF:7
LH:7
BRDA:6,0,0,5
BRDA:6,0,1,0
BRDA:7,1,0,5
BRDA:7,1,1,0
BRDA:8,2,0,5
BRDA:8,2,1,0
BRDA:9,3,0,5
BRDA:9,3,1,0
BRF:8
BRH:4
end_of_record
TN:
SF:src/main.ts
FN:16,startServer
FN:36,(anonymous_2)
FN:63,(anonymous_3)
FN:64,(anonymous_4)
FN:81,(anonymous_5)
FN:87,stopServer
FN:89,(anonymous_7)
FN:89,(anonymous_8)
FNF:8
FNH:0
FNDA:0,startServer
FNDA:0,(anonymous_2)
FNDA:0,(anonymous_3)
FNDA:0,(anonymous_4)
FNDA:0,(anonymous_5)
FNDA:0,stopServer
FNDA:0,(anonymous_7)
FNDA:0,(anonymous_8)
DA:1,5
DA:2,5
DA:3,5
DA:4,5
DA:5,5
DA:6,5
DA:7,5
DA:8,5
DA:9,5
DA:10,5
DA:11,5
DA:13,5
DA:14,5
DA:19,0
DA:20,0
DA:21,0
DA:23,0
DA:27,0
DA:28,0
DA:29,0
DA:31,0
DA:36,0
DA:39,0
DA:40,0
DA:41,0
DA:42,0
DA:44,0
DA:49,0
DA:52,0
DA:60,0
DA:63,0
DA:64,0
DA:65,0
DA:66,0
DA:69,0
DA:72,0
DA:74,0
DA:79,5
DA:81,0
DA:82,0
DA:83,0
DA:88,0
DA:89,0
DA:93,5
LF:44
LH:15
BRDA:39,0,0,0
BRDA:54,1,0,0
BRDA:54,1,1,0
BRDA:79,2,0,0
BRDA:88,3,0,0
BRF:5
BRH:0
end_of_record
TN:
SF:src/controllers/AIController.ts
FN:10,(anonymous_0)
FN:31,(anonymous_1)
FN:54,(anonymous_2)
FN:75,(anonymous_3)
FNF:4
FNH:0
FNDA:0,(anonymous_0)
FNDA:0,(anonymous_1)
FNDA:0,(anonymous_2)
FNDA:0,(anonymous_3)
DA:2,5
DA:3,5
DA:4,5
DA:6,5
DA:8,5
DA:11,0
DA:12,0
DA:13,0
DA:14,0
DA:17,0
DA:18,0
DA:20,0
DA:25,0
DA:26,0
DA:32,0
DA:33,0
DA:34,0
DA:36,0
DA:43,0
DA:48,0
DA:49,0
DA:55,0
DA:56,0
DA:58,0
DA:59,0
DA:62,0
DA:64,0
DA:69,0
DA:70,0
DA:76,0
DA:78,0
DA:79,0
DA:82,0
DA:84,0
DA:85,0
DA:88,0
DA:93,0
DA:94,0
LF:38
LH:5
BRDA:13,0,0,0
BRDA:17,1,0,0
BRDA:17,1,1,0
BRDA:38,2,0,0
BRDA:38,2,1,0
BRDA:39,3,0,0
BRDA:39,3,1,0
BRDA:40,4,0,0
BRDA:40,4,1,0
BRDA:58,5,0,0
BRDA:58,6,0,0
BRDA:58,6,1,0
BRDA:78,7,0,0
BRDA:84,8,0,0
BRF:14
BRH:0
end_of_record
TN:
SF:src/controllers/AdminController.ts
FN:6,(anonymous_1)
FNF:1
FNH:0
FNDA:0,(anonymous_1)
DA:2,5
DA:3,5
DA:5,5
DA:6,5
DA:7,0
DA:8,0
DA:11,0
DA:12,0
DA:16,5
LF:9
LH:5
BRDA:7,0,0,0
BRF:1
BRH:0
end_of_record
TN:
SF:src/controllers/AnalyticsController.ts
FN:10,(anonymous_0)
FN:32,(anonymous_1)
FN:48,(anonymous_2)
FN:64,(anonymous_3)
FN:87,(anonymous_4)
FN:117,(anonymous_5)
FN:146,(anonymous_6)
FNF:7
FNH:0
FNDA:0,(anonymous_0)
FNDA:0,(anonymous_1)
FNDA:0,(anonymous_2)
FNDA:0,(anonymous_3)
FNDA:0,(anonymous_4)
FNDA:0,(anonymous_5)
FNDA:0,(anonymous_6)
DA:2,5
DA:3,5
DA:4,5
DA:6,5
DA:10,5
DA:11,0
DA:12,0
DA:15,0
DA:16,0
DA:17,0
DA:20,0
DA:21,0
DA:23,0
DA:32,5
DA:33,0
DA:34,0
DA:37,0
DA:39,0
DA:48,5
DA:49,0
DA:50,0
DA:53,0
DA:55,0
DA:64,5
DA:65,0
DA:66,0
DA:69,0
DA:70,0
DA:71,0
DA:74,0
DA:75,0
DA:78,0
DA:79,0
DA:81,0
DA:87,5
DA:88,0
DA:89,0
DA:92,0
DA:93,0
DA:94,0
DA:97,0
DA:98,0
DA:101,0
DA:108,0
DA:117,5
DA:118,0
DA:119,0
DA:122,0
DA:123,0
DA:124,0
DA:127,0
DA:128,0
DA:131,0
DA:137,0
DA:146,5
DA:147,0
DA:148,0
DA:151,0
DA:154,0
DA:160,0
LF:60
LH:11
BRDA:11,0,0,0
BRDA:16,1,0,0
BRDA:33,2,0,0
BRDA:49,3,0,0
BRDA:65,4,0,0
BRDA:70,5,0,0
BRDA:88,6,0,0
BRDA:93,7,0,0
BRDA:118,8,0,0
BRDA:123,9,0,0
BRDA:147,10,0,0
BRF:11
BRH:0
end_of_record
TN:
SF:src/controllers/AuthController.ts
FN:7,(anonymous_0)
FN:42,(anonymous_1)
FN:76,(anonymous_2)
FN:103,(anonymous_3)
FN:129,(anonymous_4)
FN:153,(anonymous_5)
FN:180,(anonymous_6)
FNF:7
FNH:3
FNDA:42,(anonymous_0)
FNDA:7,(anonymous_1)
FNDA:1,(anonymous_2)
FNDA:0,(anonymous_3)
FNDA:0,(anonymous_4)
FNDA:0,(anonymous_5)
FNDA:0,(anonymous_6)
DA:2,6
DA:3,6
DA:4,6
DA:6,6
DA:7,6
DA:8,42
DA:10,42
DA:11,2
DA:14,40
DA:16,40
DA:19,0
DA:20,0
DA:28,0
DA:30,0
DA:42,6
DA:43,7
DA:45,7
DA:46,0
DA:49,7
DA:51,7
DA:53,0
DA:54,0
DA:62,0
DA:64,0
DA:76,6
DA:78,1
DA:80,1
DA:81,1
DA:84,0
DA:86,0
DA:87,0
DA:95,0
DA:97,0
DA:103,6
DA:105,0
DA:107,0
DA:108,0
DA:109,0
DA:116,0
DA:124,0
DA:126,0
DA:129,6
DA:130,0
DA:131,0
DA:134,0
DA:136,0
DA:137,0
DA:141,0
DA:145,0
DA:147,0
DA:153,6
DA:154,0
DA:155,0
DA:158,0
DA:160,0
DA:162,0
DA:163,0
DA:167,0
DA:171,0
DA:173,0
DA:180,6
DA:181,0
DA:182,0
DA:184,0
DA:185,0
DA:186,0
DA:188,0
DA:189,0
LF:68
LH:23
BRDA:10,0,0,2
BRDA:19,1,0,0
BRDA:19,1,1,0
BRDA:22,2,0,0
BRDA:22,2,1,0
BRDA:23,3,0,0
BRDA:23,3,1,0
BRDA:25,4,0,0
BRDA:25,4,1,0
BRDA:26,5,0,0
BRDA:26,5,1,0
BRDA:45,6,0,0
BRDA:53,7,0,0
BRDA:53,7,1,0
BRDA:56,8,0,0
BRDA:56,8,1,0
BRDA:57,9,0,0
BRDA:57,9,1,0
BRDA:59,10,0,0
BRDA:59,10,1,0
BRDA:60,11,0,0
BRDA:60,11,1,0
BRDA:78,12,0,1
BRDA:78,12,1,1
BRDA:78,12,2,1
BRDA:78,12,3,0
BRDA:80,13,0,1
BRDA:86,14,0,0
BRDA:86,14,1,0
BRDA:89,15,0,0
BRDA:89,15,1,0
BRDA:90,16,0,0
BRDA:90,16,1,0
BRDA:92,17,0,0
BRDA:92,17,1,0
BRDA:93,18,0,0
BRDA:93,18,1,0
BRDA:105,19,0,0
BRDA:105,19,1,0
BRDA:105,19,2,0
BRDA:105,19,3,0
BRDA:107,20,0,0
BRDA:118,21,0,0
BRDA:118,21,1,0
BRDA:119,22,0,0
BRDA:119,22,1,0
BRDA:121,23,0,0
BRDA:121,23,1,0
BRDA:122,24,0,0
BRDA:122,24,1,0
BRDA:130,25,0,0
BRDA:136,26,0,0
BRDA:154,27,0,0
BRDA:162,28,0,0
BRDA:181,29,0,0
BRDA:184,30,0,0
BRDA:184,30,1,0
BRDA:185,31,0,0
BRF:58
BRH:5
end_of_record
TN:
SF:src/controllers/BookingController.ts
FN:10,(anonymous_1)
FN:52,(anonymous_2)
FN:87,(anonymous_3)
FN:94,(anonymous_4)
FN:110,(anonymous_5)
FN:123,(anonymous_6)
FN:139,(anonymous_7)
FN:149,(anonymous_8)
FN:165,(anonymous_9)
FNF:9
FNH:0
FNDA:0,(anonymous_1)
FNDA:0,(anonymous_2)
FNDA:0,(anonymous_3)
FNDA:0,(anonymous_4)
FNDA:0,(anonymous_5)
FNDA:0,(anonymous_6)
FNDA:0,(anonymous_7)
FNDA:0,(anonymous_8)
FNDA:0,(anonymous_9)
DA:2,6
DA:3,6
DA:4,6
DA:5,6
DA:6,6
DA:7,6
DA:9,6
DA:10,6
DA:11,0
DA:14,0
DA:15,0
DA:16,0
DA:17,0
DA:20,0
DA:23,0
DA:24,0
DA:25,0
DA:26,0
DA:31,0
DA:32,0
DA:33,0
DA:34,0
DA:38,0
DA:39,0
DA:41,0
DA:52,0
DA:53,0
DA:55,0
DA:67,0
DA:78,0
DA:80,0
DA:84,0
DA:87,6
DA:88,0
DA:90,0
DA:91,0
DA:94,6
DA:95,0
DA:96,0
DA:98,0
DA:101,0
DA:102,0
DA:103,0
DA:106,0
DA:107,0
DA:110,6
DA:111,0
DA:112,0
DA:114,0
DA:115,0
DA:117,0
DA:118,0
DA:120,0
DA:123,6
DA:124,0
DA:126,0
DA:128,0
DA:129,0
DA:130,0
DA:131,0
DA:134,0
DA:135,0
DA:139,6
DA:140,0
DA:141,0
DA:144,0
DA:145,0
DA:149,6
DA:150,0
DA:151,0
DA:153,0
DA:154,0
DA:155,0
DA:157,0
DA:158,0
DA:159,0
DA:160,0
DA:162,0
DA:165,6
DA:166,0
DA:168,0
DA:169,0
DA:171,0
DA:172,0
DA:173,0
DA:177,6
LF:86
LH:16
BRDA:11,0,0,0
BRDA:16,1,0,0
BRDA:23,2,0,0
BRDA:25,3,0,0
BRDA:25,4,0,0
BRDA:25,4,1,0
BRDA:33,5,0,0
BRDA:38,6,0,0
BRDA:38,6,1,0
BRDA:38,6,2,0
BRDA:88,7,0,0
BRDA:98,8,0,0
BRDA:101,9,0,0
BRDA:102,10,0,0
BRDA:102,11,0,0
BRDA:102,11,1,0
BRDA:114,12,0,0
BRDA:115,13,0,0
BRDA:118,14,0,0
BRDA:126,15,0,0
BRDA:129,16,0,0
BRDA:130,17,0,0
BRDA:130,18,0,0
BRDA:130,18,1,0
BRDA:140,19,0,0
BRDA:150,20,0,0
BRDA:155,21,0,0
BRDA:159,22,0,0
BRDA:166,23,0,0
BRDA:168,24,0,0
BRDA:168,25,0,0
BRDA:168,25,1,0
BRF:32
BRH:0
end_of_record
TN:
SF:src/controllers/ChatController.ts
FN:11,(anonymous_9)
FN:15,(anonymous_10)
FN:46,(anonymous_11)
FN:55,(anonymous_12)
FN:102,(anonymous_13)
FN:107,(anonymous_14)
FN:139,(anonymous_15)
FN:143,(anonymous_16)
FN:170,(anonymous_17)
FN:185,(anonymous_18)
FNF:10
FNH:0
FNDA:0,(anonymous_9)
FNDA:0,(anonymous_10)
FNDA:0,(anonymous_11)
FNDA:0,(anonymous_12)
FNDA:0,(anonymous_13)
FNDA:0,(anonymous_14)
FNDA:0,(anonymous_15)
FNDA:0,(anonymous_16)
FNDA:0,(anonymous_17)
FNDA:0,(anonymous_18)
DA:2,6
DA:3,6
DA:4,6
DA:5,6
DA:7,6
DA:11,6
DA:12,0
DA:15,0
DA:16,0
DA:18,0
DA:19,0
DA:23,0
DA:24,0
DA:26,0
DA:29,0
DA:32,0
DA:33,0
DA:34,0
DA:37,0
DA:46,6
DA:47,0
DA:48,0
DA:50,0
DA:51,0
DA:55,0
DA:56,0
DA:58,0
DA:59,0
DA:63,0
DA:64,0
DA:66,0
DA:69,0
DA:73,0
DA:74,0
DA:75,0
DA:76,0
DA:77,0
DA:80,0
DA:89,0
DA:90,0
DA:93,0
DA:102,6
DA:103,0
DA:104,0
DA:107,0
DA:108,0
DA:110,0
DA:111,0
DA:115,0
DA:116,0
DA:118,0
DA:121,0
DA:124,0
DA:130,0
DA:139,6
DA:140,0
DA:143,0
DA:144,0
DA:146,0
DA:147,0
DA:151,0
DA:152,0
DA:154,0
DA:157,0
DA:160,0
DA:162,0
DA:170,6
DA:171,0
DA:172,0
DA:174,0
DA:176,0
DA:185,6
DA:186,0
DA:187,0
DA:190,0
DA:192,0
LF:76
LH:11
BRDA:18,0,0,0
BRDA:26,1,0,0
BRDA:26,2,0,0
BRDA:26,2,1,0
BRDA:26,2,2,0
BRDA:33,3,0,0
BRDA:50,4,0,0
BRDA:58,5,0,0
BRDA:66,6,0,0
BRDA:66,7,0,0
BRDA:66,7,1,0
BRDA:66,7,2,0
BRDA:74,8,0,0
BRDA:74,8,1,0
BRDA:76,9,0,0
BRDA:85,10,0,0
BRDA:85,10,1,0
BRDA:89,11,0,0
BRDA:104,12,0,0
BRDA:104,13,0,0
BRDA:110,14,0,0
BRDA:118,15,0,0
BRDA:118,16,0,0
BRDA:118,16,1,0
BRDA:118,16,2,0
BRDA:146,17,0,0
BRDA:154,18,0,0
BRDA:154,19,0,0
BRDA:154,19,1,0
BRDA:154,19,2,0
BRDA:186,20,0,0
BRF:31
BRH:0
end_of_record
TN:
SF:src/controllers/CompanyController.ts
FN:6,(anonymous_1)
FN:12,(anonymous_2)
FNF:2
FNH:0
FNDA:0,(anonymous_1)
FNDA:0,(anonymous_2)
DA:2,5
DA:3,5
DA:5,5
DA:6,5
DA:7,0
DA:8,0
DA:9,0
DA:12,5
DA:13,0
DA:14,0
DA:15,0
DA:16,0
DA:20,5
LF:13
LH:6
BRDA:8,0,0,0
BRDA:13,1,0,0
BRDA:13,2,0,0
BRDA:13,2,1,0
BRF:4
BRH:0
end_of_record
TN:
SF:src/controllers/PaymentController.ts
FN:7,(anonymous_1)
FN:26,(anonymous_2)
FN:56,(anonymous_3)
FN:79,(anonymous_4)
FN:102,(anonymous_5)
FNF:5
FNH:0
FNDA:0,(anonymous_1)
FNDA:0,(anonymous_2)
FNDA:0,(anonymous_3)
FNDA:0,(anonymous_4)
FNDA:0,(anonymous_5)
DA:2,5
DA:3,5
DA:4,5
DA:6,5
DA:7,5
DA:8,0
DA:10,0
DA:11,0
DA:13,0
DA:14,0
DA:16,0
DA:17,0
DA:20,0
DA:21,0
DA:23,0
DA:26,5
DA:27,0
DA:29,0
DA:30,0
DA:32,0
DA:33,0
DA:35,0
DA:36,0
DA:39,0
DA:40,0
DA:43,0
DA:50,0
DA:56,5
DA:57,0
DA:59,0
DA:60,0
DA:62,0
DA:63,0
DA:65,0
DA:66,0
DA:69,0
DA:70,0
DA:73,0
DA:74,0
DA:76,0
DA:79,5
DA:80,0
DA:82,0
DA:83,0
DA:85,0
DA:86,0
DA:88,0
DA:89,0
DA:93,0
DA:94,0
DA:96,0
DA:102,5
DA:103,0
DA:106,0
DA:107,0
DA:108,0
DA:109,0
DA:110,0
DA:111,0
DA:112,0
DA:113,0
DA:118,0
DA:122,5
LF:63
LH:10
BRDA:8,0,0,0
BRDA:11,1,0,0
BRDA:14,2,0,0
BRDA:16,3,0,0
BRDA:16,4,0,0
BRDA:16,4,1,0
BRDA:16,4,2,0
BRDA:21,5,0,0
BRDA:27,6,0,0
BRDA:30,7,0,0
BRDA:33,8,0,0
BRDA:35,9,0,0
BRDA:35,10,0,0
BRDA:35,10,1,0
BRDA:35,10,2,0
BRDA:39,11,0,0
BRDA:39,12,0,0
BRDA:39,12,1,0
BRDA:39,12,2,0
BRDA:57,13,0,0
BRDA:60,14,0,0
BRDA:63,15,0,0
BRDA:65,16,0,0
BRDA:65,17,0,0
BRDA:65,17,1,0
BRDA:65,17,2,0
BRDA:69,18,0,0
BRDA:74,19,0,0
BRDA:80,20,0,0
BRDA:83,21,0,0
BRDA:86,22,0,0
BRDA:88,23,0,0
BRDA:88,24,0,0
BRDA:88,24,1,0
BRDA:88,24,2,0
BRDA:94,25,0,0
BRDA:106,26,0,0
BRDA:108,27,0,0
BRDA:110,28,0,0
BRF:39
BRH:0
end_of_record
TN:
SF:src/controllers/ReviewController.ts
FN:8,(anonymous_9)
FN:17,(anonymous_10)
FN:38,(anonymous_11)
FN:45,(anonymous_12)
FN:55,(anonymous_13)
FN:61,(anonymous_14)
FN:69,(anonymous_15)
FN:81,(anonymous_16)
FN:99,(anonymous_17)
FN:105,(anonymous_18)
FNF:10
FNH:0
FNDA:0,(anonymous_9)
FNDA:0,(anonymous_10)
FNDA:0,(anonymous_11)
FNDA:0,(anonymous_12)
FNDA:0,(anonymous_13)
FNDA:0,(anonymous_14)
FNDA:0,(anonymous_15)
FNDA:0,(anonymous_16)
FNDA:0,(anonymous_17)
FNDA:0,(anonymous_18)
DA:2,5
DA:3,5
DA:4,5
DA:5,5
DA:7,5
DA:8,5
DA:9,0
DA:10,0
DA:11,0
DA:14,0
DA:17,0
DA:18,0
DA:19,0
DA:20,0
DA:23,0
DA:24,0
DA:27,0
DA:35,0
DA:38,5
DA:39,0
DA:41,0
DA:44,0
DA:45,0
DA:46,0
DA:47,0
DA:48,0
DA:52,0
DA:55,5
DA:56,0
DA:57,0
DA:58,0
DA:61,5
DA:62,0
DA:63,0
DA:65,0
DA:66,0
DA:69,5
DA:70,0
DA:71,0
DA:73,0
DA:74,0
DA:75,0
DA:76,0
DA:78,0
DA:81,5
DA:82,0
DA:83,0
DA:84,0
DA:85,0
DA:88,0
DA:89,0
DA:90,0
DA:94,0
DA:95,0
DA:98,0
DA:99,0
DA:100,0
DA:102,0
DA:105,5
DA:106,0
DA:107,0
DA:108,0
DA:110,0
DA:111,0
LF:64
LH:12
BRDA:10,0,0,0
BRDA:19,1,0,0
BRDA:23,2,0,0
BRDA:23,3,0,0
BRDA:23,3,1,0
BRDA:44,4,0,0
BRDA:47,5,0,0
BRDA:47,6,0,0
BRDA:47,6,1,0
BRDA:62,7,0,0
BRDA:70,8,0,0
BRDA:75,9,0,0
BRDA:84,10,0,0
BRDA:84,11,0,0
BRDA:84,11,1,0
BRDA:89,12,0,0
BRDA:94,13,0,0
BRDA:94,14,0,0
BRDA:94,14,1,0
BRDA:98,15,0,0
BRDA:98,15,1,0
BRDA:107,16,0,0
BRF:22
BRH:0
end_of_record
TN:
SF:src/controllers/ServiceController.ts
FN:10,(anonymous_0)
FN:47,(anonymous_1)
FN:62,(anonymous_2)
FN:92,(anonymous_3)
FN:121,(anonymous_4)
FN:142,(anonymous_5)
FNF:6
FNH:3
FNDA:13,(anonymous_0)
FNDA:2,(anonymous_1)
FNDA:0,(anonymous_2)
FNDA:0,(anonymous_3)
FNDA:0,(anonymous_4)
FNDA:1,(anonymous_5)
DA:2,6
DA:3,6
DA:4,6
DA:5,6
DA:6,6
DA:7,6
DA:9,6
DA:10,6
DA:11,13
DA:14,13
DA:15,13
DA:16,0
DA:22,13
DA:29,13
DA:39,13
DA:41,13
DA:47,6
DA:48,2
DA:50,2
DA:52,2
DA:53,1
DA:56,1
DA:62,6
DA:64,0
DA:66,0
DA:67,0
DA:71,0
DA:72,0
DA:75,0
DA:84,0
DA:86,0
DA:92,6
DA:93,0
DA:96,0
DA:100,0
DA:101,0
DA:105,0
DA:106,0
DA:109,0
DA:111,0
DA:112,0
DA:115,0
DA:121,6
DA:123,0
DA:124,0
DA:127,0
DA:129,0
DA:131,0
DA:132,0
DA:135,0
DA:137,0
DA:142,6
DA:143,1
DA:145,1
LF:54
LH:27
BRDA:15,0,0,0
BRDA:23,1,0,0
BRDA:23,1,1,13
BRDA:24,2,0,0
BRDA:24,2,1,13
BRDA:33,3,0,0
BRDA:33,3,1,13
BRDA:34,4,0,0
BRDA:34,4,1,13
BRDA:52,5,0,1
BRDA:66,6,0,0
BRDA:71,7,0,0
BRDA:100,8,0,0
BRDA:105,9,0,0
BRDA:111,10,0,0
BRDA:123,11,0,0
BRDA:131,12,0,0
BRF:17
BRH:5
end_of_record
TN:
SF:src/controllers/StaffController.ts
FN:8,(anonymous_0)
FN:13,(anonymous_1)
FN:22,(anonymous_2)
FN:39,(anonymous_3)
FN:45,(anonymous_4)
FN:58,(anonymous_5)
FN:64,(anonymous_6)
FNF:7
FNH:2
FNDA:1,(anonymous_0)
FNDA:1,(anonymous_1)
FNDA:0,(anonymous_2)
FNDA:0,(anonymous_3)
FNDA:0,(anonymous_4)
FNDA:0,(anonymous_5)
FNDA:0,(anonymous_6)
DA:2,5
DA:3,5
DA:4,5
DA:5,5
DA:7,5
DA:8,5
DA:9,1
DA:10,1
DA:13,5
DA:14,1
DA:15,1
DA:16,1
DA:17,1
DA:19,0
DA:22,5
DA:23,0
DA:25,0
DA:26,0
DA:28,0
DA:29,0
DA:30,0
DA:32,0
DA:33,0
DA:34,0
DA:36,0
DA:39,5
DA:40,0
DA:41,0
DA:42,0
DA:45,5
DA:46,0
DA:47,0
DA:48,0
DA:50,0
DA:51,0
DA:52,0
DA:54,0
DA:55,0
DA:58,5
DA:59,0
DA:60,0
DA:61,0
DA:64,5
DA:65,0
DA:66,0
DA:67,0
LF:46
LH:18
BRDA:16,0,0,1
BRDA:25,1,0,0
BRDA:25,2,0,0
BRDA:25,2,1,0
BRDA:29,3,0,0
BRDA:33,4,0,0
BRDA:47,5,0,0
BRDA:47,6,0,0
BRDA:47,6,1,0
BRDA:51,7,0,0
BRF:10
BRH:1
end_of_record
TN:
SF:src/controllers/TwoFactorController.ts
FN:11,(anonymous_0)
FN:36,(anonymous_1)
FN:77,(anonymous_2)
FN:98,(anonymous_3)
FN:121,(anonymous_4)
FN:144,(anonymous_5)
FN:167,(anonymous_6)
FN:183,(anonymous_7)
FNF:8
FNH:0
FNDA:0,(anonymous_0)
FNDA:0,(anonymous_1)
FNDA:0,(anonymous_2)
FNDA:0,(anonymous_3)
FNDA:0,(anonymous_4)
FNDA:0,(anonymous_5)
FNDA:0,(anonymous_6)
FNDA:0,(anonymous_7)
DA:2,5
DA:3,5
DA:4,5
DA:5,5
DA:7,5
DA:11,5
DA:12,0
DA:13,0
DA:16,0
DA:17,0
DA:18,0
DA:21,0
DA:23,0
DA:36,5
DA:37,0
DA:38,0
DA:39,0
DA:42,0
DA:43,0
DA:46,0
DA:47,0
DA:48,0
DA:52,0
DA:53,0
DA:54,0
DA:58,0
DA:61,0
DA:62,0
DA:64,0
DA:66,0
DA:77,5
DA:78,0
DA:81,0
DA:82,0
DA:83,0
DA:86,0
DA:88,0
DA:90,0
DA:98,5
DA:99,0
DA:100,0
DA:101,0
DA:104,0
DA:105,0
DA:107,0
DA:109,0
DA:110,0
DA:113,0
DA:121,5
DA:122,0
DA:123,0
DA:124,0
DA:127,0
DA:128,0
DA:130,0
DA:132,0
DA:133,0
DA:136,0
DA:144,5
DA:145,0
DA:148,0
DA:149,0
DA:150,0
DA:153,0
DA:154,0
DA:156,0
DA:167,5
DA:168,0
DA:170,0
DA:172,0
DA:183,5
DA:184,0
DA:185,0
DA:188,0
DA:190,0
LF:75
LH:13
BRDA:17,0,0,0
BRDA:38,1,0,0
BRDA:47,2,0,0
BRDA:53,3,0,0
BRDA:82,4,0,0
BRDA:100,5,0,0
BRDA:109,6,0,0
BRDA:123,7,0,0
BRDA:132,8,0,0
BRDA:149,9,0,0
BRDA:184,10,0,0
BRF:11
BRH:0
end_of_record
TN:
SF:src/db/checkDb.ts
FN:2,check
FNF:1
FNH:0
FNDA:0,check
DA:1,0
DA:3,0
DA:4,0
DA:5,0
DA:6,0
DA:7,0
DA:8,0
DA:9,0
DA:10,0
DA:12,0
DA:13,0
DA:17,0
LF:12
LH:0
BRDA:17,0,0,0
BRF:1
BRH:0
end_of_record
TN:
SF:src/db/runMigrations.ts
FN:6,runMigrations
FN:47,(anonymous_2)
FN:79,(anonymous_3)
FN:80,(anonymous_4)
FN:96,(anonymous_5)
FNF:5
FNH:5
FNDA:5,runMigrations
FNDA:80,(anonymous_2)
FNDA:365,(anonymous_3)
FNDA:365,(anonymous_4)
FNDA:120,(anonymous_5)
DA:1,5
DA:2,5
DA:3,5
DA:4,5
DA:7,5
DA:8,5
DA:9,5
DA:12,5
DA:13,5
DA:14,5
DA:20,0
DA:27,5
DA:28,5
DA:29,5
DA:32,5
DA:33,5
DA:34,5
DA:38,5
DA:41,5
DA:42,0
DA:43,0
DA:46,5
DA:47,80
DA:50,5
DA:51,5
DA:52,0
DA:55,5
DA:56,80
DA:59,80
DA:64,80
DA:65,0
DA:66,0
DA:70,80
DA:71,80
DA:73,80
DA:76,80
DA:77,80
DA:79,365
DA:80,365
DA:82,80
DA:83,285
DA:84,285
DA:85,285
DA:87,60
DA:89,60
DA:90,60
DA:96,120
DA:97,60
DA:98,60
DA:101,0
DA:106,80
DA:111,80
DA:114,5
DA:117,0
DA:118,0
DA:119,0
DA:124,5
DA:125,0
DA:128,5
LF:59
LH:48
BRDA:9,0,0,5
BRDA:9,0,1,0
BRDA:9,1,0,0
BRDA:9,1,1,0
BRDA:13,2,0,5
BRDA:13,2,1,0
BRDA:32,3,0,5
BRDA:38,4,0,5
BRDA:38,4,1,0
BRDA:41,5,0,0
BRDA:51,6,0,0
BRDA:64,7,0,0
BRDA:89,8,0,0
BRDA:89,8,1,60
BRDA:96,9,0,60
BRDA:124,10,0,0
BRF:16
BRH:6
end_of_record
TN:
SF:src/db/seed.ts
FN:5,seedDatabase
FN:22,(anonymous_1)
FN:33,(anonymous_2)
FNF:3
FNH:1
FNDA:5,seedDatabase
FNDA:0,(anonymous_1)
FNDA:0,(anonymous_2)
DA:1,5
DA:2,5
DA:3,5
DA:6,5
DA:7,5
DA:10,5
DA:11,5
DA:12,0
DA:13,0
DA:22,0
DA:23,0
DA:24,0
DA:25,0
DA:26,0
DA:28,0
DA:33,0
DA:37,5
DA:38,5
DA:41,5
DA:42,5
DA:43,0
DA:44,0
DA:56,0
DA:58,5
DA:61,0
DA:65,5
DA:66,5
DA:67,5
DA:68,0
DA:79,0
DA:80,0
DA:86,0
DA:88,5
DA:92,5
DA:93,5
DA:94,5
DA:95,0
DA:113,0
DA:115,5
DA:118,5
DA:120,5
DA:121,0
DA:124,0
DA:126,0
DA:127,0
DA:129,0
DA:134,5
DA:136,5
LF:48
LH:24
BRDA:11,0,0,0
BRDA:11,1,0,5
BRDA:11,1,1,5
BRDA:14,2,0,0
BRDA:14,2,1,0
BRDA:15,3,0,0
BRDA:15,3,1,0
BRDA:16,4,0,0
BRDA:16,4,1,0
BRDA:16,5,0,0
BRDA:16,5,1,0
BRDA:17,6,0,0
BRDA:17,6,1,0
BRDA:18,7,0,0
BRDA:18,7,1,0
BRDA:37,8,0,5
BRDA:37,8,1,0
BRDA:41,9,0,5
BRDA:41,9,1,0
BRDA:42,10,0,0
BRDA:42,10,1,5
BRDA:43,11,0,0
BRDA:43,11,1,0
BRDA:66,12,0,5
BRDA:66,12,1,0
BRDA:67,13,0,0
BRDA:67,13,1,5
BRDA:93,14,0,5
BRDA:93,14,1,0
BRDA:94,15,0,0
BRDA:94,15,1,5
BRDA:99,16,0,0
BRDA:99,16,1,0
BRDA:100,17,0,0
BRDA:100,17,1,0
BRDA:101,18,0,0
BRDA:101,18,1,0
BRDA:102,19,0,0
BRDA:102,19,1,0
BRDA:103,20,0,0
BRDA:103,20,1,0
BRDA:104,21,0,0
BRDA:104,21,1,0
BRDA:105,22,0,0
BRDA:105,22,1,0
BRDA:106,23,0,0
BRDA:106,23,1,0
BRDA:107,24,0,0
BRDA:107,24,1,0
BRDA:108,25,0,0
BRDA:108,25,1,0
BRDA:109,26,0,0
BRDA:109,26,1,0
BRDA:110,27,0,0
BRDA:110,27,1,0
BRDA:120,28,0,0
BRDA:126,29,0,0
BRDA:126,29,1,0
BRDA:134,30,0,0
BRF:59
BRH:9
end_of_record
TN:
SF:src/middleware/auth.ts
FN:6,(anonymous_0)
FN:38,(anonymous_1)
FN:39,(anonymous_2)
FNF:3
FNH:2
FNDA:27,(anonymous_0)
FNDA:5,(anonymous_1)
FNDA:0,(anonymous_2)
DA:2,6
DA:3,6
DA:4,6
DA:6,6
DA:11,27
DA:12,27
DA:13,27
DA:15,27
DA:16,1
DA:19,26
DA:21,0
DA:22,0
DA:24,0
DA:25,0
DA:27,27
DA:28,27
DA:29,27
DA:38,6
DA:39,5
DA:40,0
DA:41,0
DA:44,0
DA:45,0
DA:50,0
DA:54,6
LF:25
LH:16
BRDA:13,0,0,27
BRDA:13,0,1,26
BRDA:15,1,0,1
BRDA:21,2,0,0
BRDA:21,3,0,0
BRDA:21,3,1,0
BRDA:29,4,0,27
BRDA:29,4,1,0
BRDA:31,5,0,27
BRDA:31,5,1,0
BRDA:32,6,0,27
BRDA:32,6,1,0
BRDA:40,7,0,0
BRDA:44,8,0,0
BRF:14
BRH:6
end_of_record
TN:
SF:src/middleware/errorHandler.ts
FN:18,(anonymous_1)
FN:88,(anonymous_2)
FN:91,(anonymous_3)
FN:96,(anonymous_4)
FNF:4
FNH:4
FNDA:52,(anonymous_1)
FNDA:347,(anonymous_2)
FNDA:68,(anonymous_3)
FNDA:39,(anonymous_4)
DA:2,6
DA:3,6
DA:18,6
DA:24,52
DA:25,52
DA:28,52
DA:51,52
DA:53,0
DA:71,52
DA:80,52
DA:81,0
DA:82,0
DA:85,52
DA:88,6
DA:91,347
DA:92,68
DA:96,6
DA:97,39
DA:98,39
DA:99,39
LF:20
LH:17
BRDA:24,0,0,52
BRDA:24,0,1,40
BRDA:25,1,0,52
BRDA:25,1,1,0
BRDA:45,2,0,0
BRDA:45,2,1,52
BRDA:51,3,0,0
BRDA:64,4,0,0
BRDA:64,4,1,0
BRDA:73,5,0,40
BRDA:73,5,1,12
BRDA:80,6,0,0
BRDA:96,7,0,0
BRF:13
BRH:6
end_of_record
TN:
SF:src/middleware/sanitize.ts
FN:3,(anonymous_0)
FN:6,(anonymous_1)
FN:11,(anonymous_2)
FN:24,sanitizeString
FN:35,sanitizeObject
FN:38,(anonymous_5)
FN:42,(anonymous_6)
FNF:7
FNH:0
FNDA:0,(anonymous_0)
FNDA:0,(anonymous_1)
FNDA:0,(anonymous_2)
FNDA:0,sanitizeString
FNDA:0,sanitizeObject
FNDA:0,(anonymous_5)
FNDA:0,(anonymous_6)
DA:3,5
DA:5,0
DA:6,0
DA:7,0
DA:8,0
DA:9,0
DA:10,0
DA:11,0
DA:17,0
DA:18,0
DA:21,0
DA:25,0
DA:27,0
DA:36,0
DA:38,0
DA:39,0
DA:40,0
DA:41,0
DA:42,0
DA:43,0
DA:44,0
DA:45,0
DA:46,0
DA:49,0
DA:50,0
LF:25
LH:1
BRDA:5,0,0,0
BRDA:8,1,0,0
BRDA:8,1,1,0
BRDA:10,2,0,0
BRDA:11,3,0,0
BRDA:11,3,1,0
BRDA:17,4,0,0
BRDA:17,5,0,0
BRDA:17,5,1,0
BRDA:25,6,0,0
BRDA:36,7,0,0
BRDA:36,8,0,0
BRDA:36,8,1,0
BRDA:39,9,0,0
BRDA:39,9,1,0
BRDA:41,10,0,0
BRDA:41,10,1,0
BRDA:43,11,0,0
BRDA:43,11,1,0
BRDA:45,12,0,0
BRDA:49,13,0,0
BRF:21
BRH:0
end_of_record
TN:
SF:src/middleware/userRateLimit.ts
FN:10,initializeStore
FN:20,getStore
FN:23,(anonymous_11)
FN:41,(anonymous_12)
FN:49,(anonymous_13)
FN:61,(anonymous_14)
FN:66,(anonymous_15)
FN:90,(anonymous_16)
FN:104,(anonymous_17)
FN:105,(anonymous_18)
FNF:10
FNH:3
FNDA:5,initializeStore
FNDA:10,getStore
FNDA:5,(anonymous_11)
FNDA:0,(anonymous_12)
FNDA:0,(anonymous_13)
FNDA:0,(anonymous_14)
FNDA:0,(anonymous_15)
FNDA:0,(anonymous_16)
FNDA:0,(anonymous_17)
FNDA:0,(anonymous_18)
DA:1,5
DA:4,5
DA:13,5
DA:18,5
DA:21,10
DA:22,10
DA:23,5
DA:24,5
DA:25,5
DA:28,10
DA:40,5
DA:43,0
DA:44,0
DA:47,0
DA:51,0
DA:52,0
DA:55,0
DA:63,0
DA:64,0
DA:67,0
DA:68,0
DA:72,0
DA:89,5
DA:92,0
DA:93,0
DA:94,0
DA:97,0
DA:104,0
DA:106,0
DA:107,0
DA:111,0
LF:31
LH:12
BRDA:21,0,0,0
BRDA:22,1,0,5
BRDA:43,2,0,0
BRDA:51,3,0,0
BRDA:63,4,0,0
BRDA:68,5,0,0
BRDA:68,5,1,0
BRDA:92,6,0,0
BRDA:92,6,1,0
BRDA:93,7,0,0
BRDA:107,8,0,0
BRDA:107,8,1,0
BRF:12
BRH:1
end_of_record
TN:
SF:src/routes/admin.ts
FNF:0
FNH:0
DA:1,5
DA:2,5
DA:3,5
DA:5,5
DA:8,5
DA:10,5
LF:6
LH:6
BRF:0
BRH:0
end_of_record
TN:
SF:src/routes/ai.ts
FNF:0
FNH:0
DA:1,5
DA:2,5
DA:3,5
DA:5,5
DA:6,5
DA:9,5
DA:12,5
DA:15,5
DA:18,5
DA:20,5
LF:10
LH:10
BRF:0
BRH:0
end_of_record
TN:
SF:src/routes/analytics.ts
FNF:0
FNH:0
DA:1,5
DA:2,5
DA:3,5
DA:5,5
DA:8,5
DA:11,5
DA:12,5
DA:15,5
DA:16,5
DA:17,5
DA:20,5
DA:23,5
DA:25,5
LF:13
LH:13
BRF:0
BRH:0
end_of_record
TN:
SF:src/routes/auth.ts
FNF:0
FNH:0
DA:1,6
DA:2,6
DA:3,6
DA:5,6
DA:8,6
DA:9,6
DA:10,6
DA:11,6
DA:14,6
DA:15,6
DA:18,6
DA:20,6
LF:12
LH:12
BRF:0
BRH:0
end_of_record
TN:
SF:src/routes/bookings.ts
FNF:0
FNH:0
DA:1,6
DA:2,6
DA:3,6
DA:5,6
DA:8,6
DA:11,6
DA:14,6
DA:17,6
DA:20,6
DA:23,6
DA:26,6
DA:29,6
DA:31,6
LF:13
LH:13
BRF:0
BRH:0
end_of_record
TN:
SF:src/routes/chat.ts
FNF:0
FNH:0
DA:1,6
DA:2,6
DA:3,6
DA:5,6
DA:8,6
DA:11,6
DA:14,6
DA:17,6
DA:20,6
DA:23,6
DA:26,6
DA:28,6
LF:12
LH:12
BRF:0
BRH:0
end_of_record
TN:
SF:src/routes/company.ts
FNF:0
FNH:0
DA:1,5
DA:2,5
DA:3,5
DA:5,5
DA:8,5
DA:11,5
DA:13,5
LF:7
LH:7
BRF:0
BRH:0
end_of_record
TN:
SF:src/routes/payments.ts
FNF:0
FNH:0
DA:1,5
DA:2,5
DA:3,5
DA:5,5
DA:7,5
DA:8,5
DA:9,5
DA:10,5
DA:11,5
DA:13,5
LF:10
LH:10
BRF:0
BRH:0
end_of_record
TN:
SF:src/routes/reviews.ts
FN:19,(anonymous_1)
FN:22,(anonymous_2)
FN:33,(anonymous_3)
FNF:3
FNH:0
FNDA:0,(anonymous_1)
FNDA:0,(anonymous_2)
FNDA:0,(anonymous_3)
DA:1,5
DA:2,5
DA:3,5
DA:4,5
DA:5,5
DA:6,5
DA:8,5
DA:11,5
DA:12,5
DA:13,5
DA:18,5
DA:20,0
DA:23,0
DA:24,0
DA:25,0
DA:29,5
DA:30,5
DA:34,0
DA:35,0
DA:40,5
DA:43,5
DA:45,5
DA:46,5
DA:49,5
DA:52,5
DA:53,5
DA:54,5
DA:56,5
LF:28
LH:22
BRDA:24,0,0,0
BRDA:24,0,1,0
BRDA:34,1,0,0
BRDA:34,1,1,0
BRF:4
BRH:0
end_of_record
TN:
SF:src/routes/services.ts
FN:11,(anonymous_0)
FNF:1
FNH:0
FNDA:0,(anonymous_0)
DA:1,6
DA:2,6
DA:3,6
DA:4,6
DA:6,6
DA:9,6
DA:10,6
DA:11,6
DA:13,0
DA:14,0
DA:15,0
DA:24,6
DA:27,6
DA:28,6
DA:29,6
DA:31,6
LF:16
LH:13
BRDA:13,0,0,0
BRDA:13,0,1,0
BRF:2
BRH:0
end_of_record
TN:
SF:src/routes/staff.ts
FNF:0
FNH:0
DA:1,5
DA:2,5
DA:3,5
DA:5,5
DA:8,5
DA:9,5
DA:12,5
DA:13,5
DA:14,5
DA:17,5
DA:18,5
DA:20,5
LF:12
LH:12
BRF:0
BRH:0
end_of_record
TN:
SF:src/routes/test.ts
FN:11,(anonymous_10)
FN:31,(anonymous_11)
FNF:2
FNH:0
FNDA:0,(anonymous_10)
FNDA:0,(anonymous_11)
DA:1,5
DA:2,5
DA:3,5
DA:5,5
DA:11,5
DA:12,0
DA:13,0
DA:16,0
DA:18,0
DA:19,0
DA:20,0
DA:21,0
DA:22,0
DA:30,0
DA:31,0
DA:32,0
DA:33,0
DA:37,0
DA:40,0
DA:42,0
DA:46,5
LF:21
LH:6
BRDA:12,0,0,0
BRF:1
BRH:0
end_of_record
TN:
SF:src/routes/twofactor.ts
FNF:0
FNH:0
DA:1,5
DA:2,5
DA:3,5
DA:5,5
DA:8,5
DA:11,5
DA:12,5
DA:13,5
DA:14,5
DA:17,5
DA:18,5
DA:21,5
DA:24,5
DA:26,5
LF:14
LH:14
BRF:0
BRH:0
end_of_record
TN:
SF:src/services/AIService.ts
FN:23,(anonymous_0)
FN:37,(anonymous_1)
FN:55,(anonymous_2)
FN:66,(anonymous_3)
FN:84,(anonymous_4)
FN:92,(anonymous_5)
FN:111,(anonymous_6)
FN:154,(anonymous_7)
FN:163,(anonymous_8)
FN:192,(anonymous_9)
FN:245,(anonymous_10)
FN:256,(anonymous_11)
FN:260,(anonymous_12)
FNF:13
FNH:0
FNDA:0,(anonymous_0)
FNDA:0,(anonymous_1)
FNDA:0,(anonymous_2)
FNDA:0,(anonymous_3)
FNDA:0,(anonymous_4)
FNDA:0,(anonymous_5)
FNDA:0,(anonymous_6)
FNDA:0,(anonymous_7)
FNDA:0,(anonymous_8)
FNDA:0,(anonymous_9)
FNDA:0,(anonymous_10)
FNDA:0,(anonymous_11)
FNDA:0,(anonymous_12)
DA:1,5
DA:2,5
DA:21,5
DA:24,0
DA:26,0
DA:37,0
DA:38,0
DA:55,0
DA:56,0
DA:57,0
DA:60,0
DA:63,0
DA:66,0
DA:67,0
DA:69,0
DA:70,0
DA:72,0
DA:75,0
DA:84,0
DA:86,0
DA:87,0
DA:98,0
DA:100,0
DA:111,0
DA:112,0
DA:113,0
DA:117,0
DA:120,0
DA:123,0
DA:124,0
DA:130,0
DA:131,0
DA:133,0
DA:134,0
DA:136,0
DA:137,0
DA:140,0
DA:143,0
DA:153,0
DA:154,0
DA:157,0
DA:158,0
DA:164,0
DA:167,0
DA:168,0
DA:171,0
DA:172,0
DA:175,0
DA:176,0
DA:179,0
DA:180,0
DA:183,0
DA:184,0
DA:188,0
DA:193,0
DA:195,0
DA:207,0
DA:221,0
DA:232,0
DA:240,0
DA:241,0
DA:246,0
DA:247,0
DA:248,0
DA:249,0
DA:252,0
DA:253,0
DA:257,0
DA:261,0
DA:263,0
DA:264,0
DA:267,0
DA:268,0
DA:271,0
DA:272,0
DA:275,0
LF:76
LH:3
BRDA:23,0,0,0
BRDA:63,1,0,0
BRDA:63,1,1,0
BRDA:69,2,0,0
BRDA:69,2,1,0
BRDA:96,3,0,0
BRDA:123,4,0,0
BRDA:123,4,1,0
BRDA:123,5,0,0
BRDA:123,5,1,0
BRDA:123,5,2,0
BRDA:123,5,3,0
BRDA:133,6,0,0
BRDA:133,6,1,0
BRDA:167,7,0,0
BRDA:167,8,0,0
BRDA:167,8,1,0
BRDA:167,8,2,0
BRDA:171,9,0,0
BRDA:171,10,0,0
BRDA:171,10,1,0
BRDA:171,10,2,0
BRDA:175,11,0,0
BRDA:175,12,0,0
BRDA:175,12,1,0
BRDA:179,13,0,0
BRDA:179,14,0,0
BRDA:179,14,1,0
BRDA:183,15,0,0
BRDA:183,16,0,0
BRDA:183,16,1,0
BRDA:183,16,2,0
BRDA:263,17,0,0
BRDA:267,18,0,0
BRDA:271,19,0,0
BRF:35
BRH:0
end_of_record
TN:
SF:src/services/AdminService.ts
FN:4,(anonymous_0)
FNF:1
FNH:0
FNDA:0,(anonymous_0)
DA:1,5
DA:3,5
DA:5,0
DA:12,0
DA:21,5
LF:5
LH:3
BRDA:13,0,0,0
BRDA:13,0,1,0
BRDA:14,1,0,0
BRDA:14,1,1,0
BRDA:15,2,0,0
BRDA:15,2,1,0
BRDA:16,3,0,0
BRDA:16,3,1,0
BRF:8
BRH:0
end_of_record
TN:
SF:src/services/AnalyticsService.ts
FN:34,(anonymous_1)
FN:112,(anonymous_2)
FN:126,(anonymous_3)
FN:131,(anonymous_4)
FN:136,(anonymous_5)
FN:154,(anonymous_6)
FN:233,(anonymous_7)
FN:263,(anonymous_8)
FN:283,(anonymous_9)
FN:317,(anonymous_10)
FN:328,(anonymous_11)
FN:338,(anonymous_12)
FN:346,(anonymous_13)
FN:386,(anonymous_14)
FN:399,(anonymous_15)
FNF:15
FNH:0
FNDA:0,(anonymous_1)
FNDA:0,(anonymous_2)
FNDA:0,(anonymous_3)
FNDA:0,(anonymous_4)
FNDA:0,(anonymous_5)
FNDA:0,(anonymous_6)
FNDA:0,(anonymous_7)
FNDA:0,(anonymous_8)
FNDA:0,(anonymous_9)
FNDA:0,(anonymous_10)
FNDA:0,(anonymous_11)
FNDA:0,(anonymous_12)
FNDA:0,(anonymous_13)
FNDA:0,(anonymous_14)
FNDA:0,(anonymous_15)
DA:1,5
DA:2,5
DA:3,5
DA:30,5
DA:38,0
DA:39,0
DA:44,0
DA:45,0
DA:50,0
DA:51,0
DA:52,0
DA:55,0
DA:63,0
DA:73,0
DA:86,0
DA:98,0
DA:105,0
DA:111,0
DA:112,0
DA:113,0
DA:116,0
DA:126,0
DA:131,0
DA:136,0
DA:146,0
DA:147,0
DA:155,0
DA:157,0
DA:164,0
DA:171,0
DA:178,0
DA:185,0
DA:186,0
DA:189,0
DA:195,0
DA:196,0
DA:197,0
DA:201,0
DA:207,0
DA:208,0
DA:209,0
DA:210,0
DA:212,0
DA:216,0
DA:225,0
DA:226,0
DA:242,0
DA:243,0
DA:263,0
DA:273,0
DA:274,0
DA:284,0
DA:285,0
DA:286,0
DA:287,0
DA:289,0
DA:290,0
DA:291,0
DA:294,0
DA:307,0
DA:308,0
DA:310,0
DA:318,0
DA:329,0
DA:339,0
DA:347,0
DA:348,0
DA:352,0
DA:373,0
DA:386,0
DA:399,0
DA:401,0
DA:402,0
LF:73
LH:4
BRDA:39,0,0,0
BRDA:39,0,1,0
BRDA:39,1,0,0
BRDA:39,1,1,0
BRDA:51,2,0,0
BRDA:51,2,1,0
BRDA:52,3,0,0
BRDA:52,3,1,0
BRDA:59,4,0,0
BRDA:59,4,1,0
BRDA:123,5,0,0
BRDA:123,5,1,0
BRDA:142,6,0,0
BRDA:142,6,1,0
BRDA:143,7,0,0
BRDA:143,7,1,0
BRDA:195,8,0,0
BRDA:207,9,0,0
BRDA:209,10,0,0
BRDA:209,10,1,0
BRDA:268,11,0,0
BRDA:268,11,1,0
BRDA:289,12,0,0
BRDA:289,13,0,0
BRDA:289,13,1,0
BRDA:319,14,0,0
BRDA:319,14,1,0
BRDA:321,15,0,0
BRDA:321,15,1,0
BRDA:339,16,0,0
BRDA:339,16,1,0
BRDA:348,17,0,0
BRDA:348,17,1,0
BRDA:348,18,0,0
BRDA:348,18,1,0
BRDA:395,19,0,0
BRDA:395,19,1,0
BRF:37
BRH:0
end_of_record
TN:
SF:src/services/AuthService.ts
FN:11,(anonymous_1)
FN:75,(anonymous_2)
FN:127,(anonymous_3)
FN:156,(anonymous_4)
FN:160,(anonymous_5)
FN:175,(anonymous_6)
FN:180,(anonymous_7)
FN:193,(anonymous_8)
FN:202,(anonymous_9)
FN:240,(anonymous_10)
FNF:10
FNH:2
FNDA:40,(anonymous_1)
FNDA:7,(anonymous_2)
FNDA:0,(anonymous_3)
FNDA:0,(anonymous_4)
FNDA:0,(anonymous_5)
FNDA:0,(anonymous_6)
FNDA:0,(anonymous_7)
FNDA:0,(anonymous_8)
FNDA:0,(anonymous_9)
FNDA:0,(anonymous_10)
DA:1,6
DA:2,6
DA:3,6
DA:4,6
DA:5,6
DA:7,6
DA:8,6
DA:10,6
DA:18,40
DA:23,40
DA:24,0
DA:28,40
DA:29,40
DA:34,40
DA:37,40
DA:44,0
DA:47,0
DA:53,0
DA:56,0
DA:58,0
DA:60,0
DA:80,7
DA:85,7
DA:86,6
DA:89,1
DA:92,1
DA:94,1
DA:95,1
DA:99,0
DA:105,0
DA:107,0
DA:110,0
DA:112,0
DA:132,0
DA:135,0
DA:136,0
DA:137,0
DA:140,0
DA:147,0
DA:148,0
DA:150,0
DA:157,0
DA:161,0
DA:162,0
DA:163,0
DA:164,0
DA:165,0
DA:171,0
DA:176,0
DA:177,0
DA:181,0
DA:182,0
DA:183,0
DA:184,0
DA:185,0
DA:186,0
DA:187,0
DA:188,0
DA:190,0
DA:194,0
DA:199,0
DA:206,0
DA:207,0
DA:208,0
DA:210,0
DA:211,0
DA:212,0
DA:214,0
DA:215,0
DA:216,0
DA:218,0
DA:219,0
DA:220,0
DA:222,0
DA:223,0
DA:224,0
DA:227,0
DA:228,0
DA:231,0
DA:232,0
DA:234,0
DA:236,0
DA:237,0
DA:241,0
DA:245,0
LF:85
LH:21
BRDA:23,0,0,0
BRDA:29,1,0,0
BRDA:29,1,1,40
BRDA:29,2,0,40
BRDA:29,2,1,40
BRDA:41,3,0,40
BRDA:41,3,1,2
BRDA:85,4,0,6
BRDA:94,5,0,1
BRDA:136,6,0,0
BRDA:162,7,0,0
BRDA:162,7,1,0
BRDA:163,8,0,0
BRDA:163,8,1,0
BRDA:163,9,0,0
BRDA:163,9,1,0
BRDA:183,10,0,0
BRDA:183,11,0,0
BRDA:183,11,1,0
BRDA:185,12,0,0
BRDA:186,13,0,0
BRDA:188,14,0,0
BRDA:199,15,0,0
BRDA:199,15,1,0
BRDA:210,16,0,0
BRDA:214,17,0,0
BRDA:218,18,0,0
BRDA:222,19,0,0
BRDA:227,20,0,0
BRDA:237,21,0,0
BRDA:237,21,1,0
BRF:31
BRH:7
end_of_record
TN:
SF:src/services/BookingService.ts
FN:4,(anonymous_0)
FN:22,(anonymous_1)
FN:31,(anonymous_2)
FN:36,(anonymous_3)
FN:44,(anonymous_4)
FN:50,(anonymous_5)
FN:59,(anonymous_6)
FN:68,(anonymous_7)
FNF:8
FNH:0
FNDA:0,(anonymous_0)
FNDA:0,(anonymous_1)
FNDA:0,(anonymous_2)
FNDA:0,(anonymous_3)
FNDA:0,(anonymous_4)
FNDA:0,(anonymous_5)
FNDA:0,(anonymous_6)
FNDA:0,(anonymous_7)
DA:1,6
DA:3,6
DA:13,0
DA:19,0
DA:23,0
DA:28,0
DA:32,0
DA:33,0
DA:37,0
DA:41,0
DA:45,0
DA:46,0
DA:51,0
DA:55,0
DA:60,0
DA:64,0
DA:69,0
DA:76,0
DA:80,6
LF:19
LH:3
BRDA:16,0,0,0
BRDA:16,0,1,0
BRDA:16,1,0,0
BRDA:16,1,1,0
BRDA:16,2,0,0
BRDA:16,2,1,0
BRDA:33,3,0,0
BRDA:33,3,1,0
BRDA:41,4,0,0
BRDA:41,4,1,0
BRDA:55,5,0,0
BRDA:55,5,1,0
BRF:12
BRH:0
end_of_record
TN:
SF:src/services/CacheService.ts
FN:23,(anonymous_0)
FN:43,(anonymous_1)
FN:49,(anonymous_2)
FN:61,(anonymous_3)
FN:66,(anonymous_4)
FN:71,(anonymous_5)
FN:76,(anonymous_6)
FN:77,(anonymous_7)
FN:95,(anonymous_8)
FN:106,(anonymous_9)
FN:113,(anonymous_10)
FN:131,(anonymous_11)
FN:149,(anonymous_12)
FN:162,(anonymous_13)
FN:179,(anonymous_14)
FN:183,(anonymous_15)
FN:187,(anonymous_16)
FN:194,(anonymous_17)
FN:198,(anonymous_18)
FN:202,(anonymous_19)
FN:209,(anonymous_20)
FN:213,(anonymous_21)
FN:217,(anonymous_22)
FN:224,(anonymous_23)
FN:228,(anonymous_24)
FN:232,(anonymous_25)
FN:239,(anonymous_26)
FN:243,(anonymous_27)
FN:247,(anonymous_28)
FN:254,(anonymous_29)
FN:261,(anonymous_30)
FN:268,(anonymous_31)
FN:295,(anonymous_32)
FNF:33
FNH:6
FNDA:6,(anonymous_0)
FNDA:0,(anonymous_1)
FNDA:0,(anonymous_2)
FNDA:0,(anonymous_3)
FNDA:0,(anonymous_4)
FNDA:0,(anonymous_5)
FNDA:0,(anonymous_6)
FNDA:0,(anonymous_7)
FNDA:0,(anonymous_8)
FNDA:26,(anonymous_9)
FNDA:13,(anonymous_10)
FNDA:13,(anonymous_11)
FNDA:0,(anonymous_12)
FNDA:0,(anonymous_13)
FNDA:13,(anonymous_14)
FNDA:13,(anonymous_15)
FNDA:0,(anonymous_16)
FNDA:0,(anonymous_17)
FNDA:0,(anonymous_18)
FNDA:0,(anonymous_19)
FNDA:0,(anonymous_20)
FNDA:0,(anonymous_21)
FNDA:0,(anonymous_22)
FNDA:0,(anonymous_23)
FNDA:0,(anonymous_24)
FNDA:0,(anonymous_25)
FNDA:0,(anonymous_26)
FNDA:0,(anonymous_27)
FNDA:0,(anonymous_28)
FNDA:0,(anonymous_29)
FNDA:0,(anonymous_30)
FNDA:0,(anonymous_31)
FNDA:0,(anonymous_32)
DA:1,6
DA:2,6
DA:18,6
DA:19,6
DA:20,6
DA:24,6
DA:44,0
DA:45,0
DA:50,0
DA:51,0
DA:52,0
DA:54,0
DA:61,0
DA:62,0
DA:63,0
DA:66,0
DA:67,0
DA:71,0
DA:72,0
DA:76,0
DA:77,0
DA:80,0
DA:86,0
DA:87,0
DA:88,0
DA:96,0
DA:97,0
DA:98,0
DA:99,0
DA:107,26
DA:114,13
DA:116,0
DA:117,0
DA:118,0
DA:119,0
DA:121,0
DA:124,0
DA:132,13
DA:134,0
DA:135,0
DA:136,0
DA:137,0
DA:139,0
DA:141,0
DA:142,0
DA:150,0
DA:152,0
DA:153,0
DA:155,0
DA:163,0
DA:165,0
DA:166,0
DA:167,0
DA:168,0
DA:169,0
DA:172,0
DA:180,13
DA:184,13
DA:188,0
DA:195,0
DA:199,0
DA:203,0
DA:210,0
DA:214,0
DA:218,0
DA:225,0
DA:229,0
DA:233,0
DA:240,0
DA:244,0
DA:248,0
DA:255,0
DA:262,0
DA:273,0
DA:274,0
DA:277,0
DA:278,0
DA:279,0
DA:281,0
DA:287,0
DA:288,0
DA:296,0
DA:298,0
DA:299,0
DA:300,0
DA:302,0
DA:308,6
LF:87
LH:12
BRDA:25,0,0,6
BRDA:25,0,1,0
BRDA:26,1,0,6
BRDA:26,1,1,0
BRDA:28,2,0,6
BRDA:28,2,1,3
BRDA:50,3,0,0
BRDA:96,4,0,0
BRDA:107,5,0,26
BRDA:107,5,1,0
BRDA:114,6,0,13
BRDA:118,7,0,0
BRDA:118,7,1,0
BRDA:132,8,0,13
BRDA:136,9,0,0
BRDA:150,10,0,0
BRDA:163,11,0,0
BRDA:167,12,0,0
BRDA:273,13,0,0
BRDA:284,14,0,0
BRDA:284,14,1,0
BRDA:296,15,0,0
BRF:22
BRH:7
end_of_record
TN:
SF:src/services/ChatService.ts
FN:31,(anonymous_0)
FN:72,(anonymous_1)
FN:106,(anonymous_2)
FN:126,(anonymous_3)
FN:148,(anonymous_4)
FN:178,(anonymous_5)
FNF:6
FNH:0
FNDA:0,(anonymous_0)
FNDA:0,(anonymous_1)
FNDA:0,(anonymous_2)
FNDA:0,(anonymous_3)
FNDA:0,(anonymous_4)
FNDA:0,(anonymous_5)
DA:1,6
DA:2,6
DA:27,6
DA:32,0
DA:34,0
DA:42,0
DA:43,0
DA:47,0
DA:52,0
DA:53,0
DA:56,0
DA:62,0
DA:64,0
DA:65,0
DA:80,0
DA:81,0
DA:88,0
DA:96,0
DA:98,0
DA:99,0
DA:107,0
DA:108,0
DA:116,0
DA:118,0
DA:119,0
DA:127,0
DA:128,0
DA:136,0
DA:141,0
DA:149,0
DA:153,0
DA:155,0
DA:156,0
DA:157,0
DA:159,0
DA:160,0
DA:163,0
DA:164,0
DA:167,0
DA:168,0
DA:170,0
DA:171,0
DA:179,0
DA:180,0
DA:181,0
DA:182,0
DA:186,0
DA:192,0
DA:193,0
LF:49
LH:3
BRDA:42,0,0,0
BRDA:52,1,0,0
BRDA:77,2,0,0
BRDA:106,3,0,0
BRDA:106,4,0,0
BRDA:153,5,0,0
BRDA:153,5,1,0
BRDA:157,6,0,0
BRDA:157,6,1,0
BRF:9
BRH:0
end_of_record
TN:
SF:src/services/CompanyService.ts
FN:3,camelize
FN:7,(anonymous_1)
FN:8,(anonymous_2)
FN:17,(anonymous_3)
FN:23,(anonymous_4)
FNF:5
FNH:0
FNDA:0,camelize
FNDA:0,(anonymous_1)
FNDA:0,(anonymous_2)
FNDA:0,(anonymous_3)
FNDA:0,(anonymous_4)
DA:1,5
DA:4,0
DA:5,0
DA:6,0
DA:8,0
DA:9,0
DA:13,0
DA:16,5
DA:18,0
DA:19,0
DA:20,0
DA:25,0
DA:28,0
DA:42,0
DA:43,0
DA:47,5
LF:16
LH:3
BRDA:4,0,0,0
BRDA:5,1,0,0
BRDA:5,2,0,0
BRDA:5,2,1,0
BRDA:19,3,0,0
BRDA:19,4,0,0
BRDA:19,4,1,0
BRDA:30,5,0,0
BRDA:30,5,1,0
BRDA:37,6,0,0
BRDA:37,6,1,0
BRDA:38,7,0,0
BRDA:38,7,1,0
BRF:13
BRH:0
end_of_record
TN:
SF:src/services/EmailService.ts
FN:53,(anonymous_1)
FN:65,(anonymous_2)
FN:86,(anonymous_3)
FN:116,(anonymous_4)
FN:168,(anonymous_5)
FN:223,(anonymous_6)
FN:262,(anonymous_7)
FN:297,(anonymous_8)
FN:334,(anonymous_9)
FNF:9
FNH:0
FNDA:0,(anonymous_1)
FNDA:0,(anonymous_2)
FNDA:0,(anonymous_3)
FNDA:0,(anonymous_4)
FNDA:0,(anonymous_5)
FNDA:0,(anonymous_6)
FNDA:0,(anonymous_7)
FNDA:0,(anonymous_8)
FNDA:0,(anonymous_9)
DA:1,0
DA:2,0
DA:42,0
DA:53,0
DA:54,0
DA:55,0
DA:57,0
DA:61,0
DA:66,0
DA:67,0
DA:75,0
DA:76,0
DA:78,0
DA:79,0
DA:87,0
DA:106,0
DA:126,0
DA:158,0
DA:177,0
DA:213,0
DA:224,0
DA:252,0
DA:263,0
DA:287,0
DA:298,0
DA:300,0
DA:324,0
DA:335,0
DA:362,0
DA:370,0
LF:30
LH:0
BRDA:43,0,0,0
BRDA:43,0,1,0
BRDA:44,1,0,0
BRDA:44,1,1,0
BRDA:54,2,0,0
BRDA:54,2,1,0
BRDA:68,3,0,0
BRDA:68,3,1,0
BRDA:72,4,0,0
BRDA:72,4,1,0
BRDA:137,5,0,0
BRDA:137,5,1,0
BRDA:232,6,0,0
BRDA:232,6,1,0
BRDA:275,7,0,0
BRDA:275,7,1,0
BRF:16
BRH:0
end_of_record
TN:
SF:src/services/GeolocationService.ts
FN:48,(anonymous_1)
FN:78,(anonymous_2)
FN:139,(anonymous_3)
FN:196,(anonymous_4)
FN:227,(anonymous_5)
FN:242,(anonymous_6)
FN:301,(anonymous_7)
FN:320,(anonymous_8)
FN:331,(anonymous_9)
FN:343,(anonymous_10)
FNF:10
FNH:0
FNDA:0,(anonymous_1)
FNDA:0,(anonymous_2)
FNDA:0,(anonymous_3)
FNDA:0,(anonymous_4)
FNDA:0,(anonymous_5)
FNDA:0,(anonymous_6)
FNDA:0,(anonymous_7)
FNDA:0,(anonymous_8)
FNDA:0,(anonymous_9)
FNDA:0,(anonymous_10)
DA:1,0
DA:2,0
DA:41,0
DA:42,0
DA:44,0
DA:49,0
DA:50,0
DA:51,0
DA:52,0
DA:55,0
DA:68,0
DA:70,0
DA:71,0
DA:79,0
DA:80,0
DA:81,0
DA:82,0
DA:85,0
DA:96,0
DA:97,0
DA:100,0
DA:101,0
DA:104,0
DA:105,0
DA:106,0
DA:107,0
DA:109,0
DA:110,0
DA:111,0
DA:113,0
DA:114,0
DA:116,0
DA:117,0
DA:121,0
DA:131,0
DA:132,0
DA:140,0
DA:141,0
DA:142,0
DA:143,0
DA:146,0
DA:156,0
DA:157,0
DA:160,0
DA:161,0
DA:162,0
DA:163,0
DA:164,0
DA:166,0
DA:167,0
DA:168,0
DA:170,0
DA:171,0
DA:173,0
DA:174,0
DA:178,0
DA:188,0
DA:189,0
DA:202,0
DA:204,0
DA:205,0
DA:208,0
DA:214,0
DA:215,0
DA:217,0
DA:229,0
DA:230,0
DA:231,0
DA:233,0
DA:248,0
DA:253,0
DA:279,0
DA:291,0
DA:293,0
DA:294,0
DA:307,0
DA:314,0
DA:321,0
DA:322,0
DA:325,0
DA:332,0
DA:344,0
DA:352,0
LF:83
LH:0
BRDA:42,0,0,0
BRDA:42,0,1,0
BRDA:48,1,0,0
BRDA:50,2,0,0
BRDA:68,3,0,0
BRDA:68,3,1,0
BRDA:80,4,0,0
BRDA:96,5,0,0
BRDA:104,6,0,0
BRDA:104,6,1,0
BRDA:110,7,0,0
BRDA:113,8,0,0
BRDA:114,9,0,0
BRDA:114,9,1,0
BRDA:116,10,0,0
BRDA:141,11,0,0
BRDA:156,12,0,0
BRDA:161,13,0,0
BRDA:161,13,1,0
BRDA:167,14,0,0
BRDA:170,15,0,0
BRDA:171,16,0,0
BRDA:171,16,1,0
BRDA:173,17,0,0
BRDA:227,18,0,0
BRDA:245,19,0,0
BRDA:246,20,0,0
BRDA:305,21,0,0
BRDA:320,22,0,0
BRDA:321,23,0,0
BRDA:333,24,0,0
BRDA:333,24,1,0
BRDA:333,24,2,0
BRDA:333,24,3,0
BRF:34
BRH:0
end_of_record
TN:
SF:src/services/NotificationService.ts
FN:41,(anonymous_10)
FN:54,(anonymous_11)
FN:136,(anonymous_12)
FN:193,(anonymous_13)
FN:252,(anonymous_14)
FN:311,(anonymous_15)
FN:379,(anonymous_16)
FN:398,(anonymous_17)
FN:403,(anonymous_18)
FN:408,(anonymous_19)
FN:413,(anonymous_20)
FN:418,(anonymous_21)
FN:424,(anonymous_22)
FN:436,(anonymous_23)
FN:441,(anonymous_24)
FN:446,(anonymous_25)
FN:451,(anonymous_26)
FNF:17
FNH:1
FNDA:6,(anonymous_10)
FNDA:0,(anonymous_11)
FNDA:0,(anonymous_12)
FNDA:0,(anonymous_13)
FNDA:0,(anonymous_14)
FNDA:0,(anonymous_15)
FNDA:0,(anonymous_16)
FNDA:0,(anonymous_17)
FNDA:0,(anonymous_18)
FNDA:0,(anonymous_19)
FNDA:0,(anonymous_20)
FNDA:0,(anonymous_21)
FNDA:0,(anonymous_22)
FNDA:0,(anonymous_23)
FNDA:0,(anonymous_24)
FNDA:0,(anonymous_25)
FNDA:0,(anonymous_26)
DA:1,6
DA:2,6
DA:38,6
DA:42,6
DA:55,0
DA:64,0
DA:137,0
DA:139,0
DA:194,0
DA:253,0
DA:312,0
DA:380,0
DA:381,0
DA:389,0
DA:390,0
DA:392,0
DA:393,0
DA:399,0
DA:400,0
DA:404,0
DA:405,0
DA:409,0
DA:410,0
DA:414,0
DA:415,0
DA:419,0
DA:420,0
DA:425,0
DA:426,0
DA:427,0
DA:428,0
DA:430,0
DA:431,0
DA:437,0
DA:438,0
DA:443,0
DA:447,0
DA:449,0
DA:451,0
DA:452,0
DA:454,0
DA:455,0
DA:456,0
DA:467,0
DA:471,0
DA:472,0
DA:473,0
DA:474,0
DA:475,0
DA:484,0
DA:488,0
DA:494,6
DA:495,6
LF:53
LH:6
BRDA:43,0,0,6
BRDA:43,0,1,2
BRDA:44,1,0,6
BRDA:44,1,1,2
BRDA:84,2,0,0
BRDA:84,2,1,0
BRDA:85,3,0,0
BRDA:85,3,1,0
BRDA:122,4,0,0
BRDA:122,4,1,0
BRDA:123,5,0,0
BRDA:123,5,1,0
BRDA:137,6,0,0
BRDA:137,6,1,0
BRDA:158,7,0,0
BRDA:158,7,1,0
BRDA:182,8,0,0
BRDA:182,8,1,0
BRDA:332,9,0,0
BRDA:332,9,1,0
BRDA:363,10,0,0
BRDA:363,10,1,0
BRDA:454,11,0,0
BRDA:460,12,0,0
BRDA:460,12,1,0
BRDA:462,13,0,0
BRDA:462,13,1,0
BRDA:471,14,0,0
BRDA:473,15,0,0
BRDA:478,16,0,0
BRDA:478,16,1,0
BRDA:479,17,0,0
BRDA:479,17,1,0
BRF:33
BRH:4
end_of_record
TN:
SF:src/services/PIXService.ts
FN:35,(anonymous_9)
FN:73,(anonymous_10)
FN:96,(anonymous_11)
FN:103,(anonymous_12)
FN:121,(anonymous_13)
FN:140,(anonymous_14)
FN:157,(anonymous_15)
FN:191,(anonymous_16)
FNF:8
FNH:0
FNDA:0,(anonymous_9)
FNDA:0,(anonymous_10)
FNDA:0,(anonymous_11)
FNDA:0,(anonymous_12)
FNDA:0,(anonymous_13)
FNDA:0,(anonymous_14)
FNDA:0,(anonymous_15)
FNDA:0,(anonymous_16)
DA:1,0
DA:2,0
DA:3,0
DA:29,0
DA:31,0
DA:39,0
DA:40,0
DA:41,0
DA:44,0
DA:47,0
DA:49,0
DA:60,0
DA:61,0
DA:62,0
DA:64,0
DA:65,0
DA:74,0
DA:75,0
DA:76,0
DA:79,0
DA:97,0
DA:104,0
DA:105,0
DA:107,0
DA:108,0
DA:109,0
DA:110,0
DA:113,0
DA:114,0
DA:115,0
DA:122,0
DA:123,0
DA:125,0
DA:126,0
DA:127,0
DA:128,0
DA:132,0
DA:133,0
DA:141,0
DA:142,0
DA:144,0
DA:145,0
DA:146,0
DA:147,0
DA:148,0
DA:150,0
DA:151,0
DA:152,0
DA:153,0
DA:154,0
DA:158,0
DA:159,0
DA:161,0
DA:162,0
DA:163,0
DA:164,0
DA:166,0
DA:167,0
DA:168,0
DA:169,0
DA:172,0
DA:173,0
DA:175,0
DA:176,0
DA:177,0
DA:179,0
DA:180,0
DA:181,0
DA:182,0
DA:185,0
DA:186,0
DA:191,0
DA:193,0
LF:73
LH:0
BRDA:105,0,0,0
BRDA:107,1,0,0
BRDA:108,2,0,0
BRDA:126,3,0,0
BRDA:126,4,0,0
BRDA:126,4,1,0
BRDA:132,5,0,0
BRDA:142,6,0,0
BRDA:142,7,0,0
BRDA:142,7,1,0
BRDA:147,8,0,0
BRDA:148,9,0,0
BRDA:153,10,0,0
BRDA:159,11,0,0
BRDA:159,12,0,0
BRDA:159,12,1,0
BRDA:169,13,0,0
BRDA:172,14,0,0
BRDA:172,14,1,0
BRDA:173,15,0,0
BRDA:182,16,0,0
BRDA:185,17,0,0
BRDA:185,17,1,0
BRF:23
BRH:0
end_of_record
TN:
SF:src/services/PaymentService.ts
FN:5,(anonymous_0)
FNF:1
FNH:0
FNDA:0,(anonymous_0)
DA:1,5
DA:3,5
DA:6,0
DA:10,0
DA:14,5
LF:5
LH:3
BRDA:10,0,0,0
BRDA:10,0,1,0
BRF:2
BRH:0
end_of_record
TN:
SF:src/services/ReminderService.ts
FN:24,(anonymous_0)
FN:35,(anonymous_1)
FN:50,(anonymous_2)
FN:68,(anonymous_3)
FN:78,(anonymous_4)
FN:85,(anonymous_5)
FN:104,(anonymous_6)
FN:154,(anonymous_7)
FN:163,(anonymous_8)
FN:191,(anonymous_9)
FNF:10
FNH:0
FNDA:0,(anonymous_0)
FNDA:0,(anonymous_1)
FNDA:0,(anonymous_2)
FNDA:0,(anonymous_3)
FNDA:0,(anonymous_4)
FNDA:0,(anonymous_5)
FNDA:0,(anonymous_6)
FNDA:0,(anonymous_7)
FNDA:0,(anonymous_8)
FNDA:0,(anonymous_9)
DA:1,6
DA:2,6
DA:3,6
DA:16,6
DA:17,6
DA:25,0
DA:26,0
DA:27,0
DA:30,0
DA:33,0
DA:34,0
DA:35,0
DA:36,0
DA:37,0
DA:38,0
DA:40,0
DA:44,0
DA:48,0
DA:49,0
DA:50,0
DA:51,0
DA:52,0
DA:53,0
DA:55,0
DA:59,0
DA:62,0
DA:69,0
DA:71,0
DA:72,0
DA:73,0
DA:74,0
DA:78,0
DA:79,0
DA:86,0
DA:97,0
DA:105,0
DA:106,0
DA:109,0
DA:128,0
DA:130,0
DA:131,0
DA:142,0
DA:145,0
DA:147,0
DA:155,0
DA:156,0
DA:157,0
DA:160,0
DA:162,0
DA:163,0
DA:164,0
DA:165,0
DA:176,0
DA:177,0
DA:179,0
DA:183,0
DA:184,0
DA:192,0
LF:58
LH:5
BRDA:34,0,0,0
BRDA:49,1,0,0
BRDA:72,2,0,0
BRDA:162,3,0,0
BRF:4
BRH:0
end_of_record
TN:
SF:src/services/ReviewService.ts
FN:4,(anonymous_0)
FN:20,(anonymous_1)
FN:31,(anonymous_2)
FN:47,(anonymous_3)
FN:57,(anonymous_4)
FN:65,(anonymous_5)
FN:70,(anonymous_6)
FN:75,(anonymous_7)
FNF:8
FNH:0
FNDA:0,(anonymous_0)
FNDA:0,(anonymous_1)
FNDA:0,(anonymous_2)
FNDA:0,(anonymous_3)
FNDA:0,(anonymous_4)
FNDA:0,(anonymous_5)
FNDA:0,(anonymous_6)
FNDA:0,(anonymous_7)
DA:1,5
DA:3,5
DA:11,0
DA:17,0
DA:21,0
DA:28,0
DA:32,0
DA:36,0
DA:37,0
DA:38,0
DA:39,0
DA:41,0
DA:42,0
DA:43,0
DA:48,0
DA:54,0
DA:58,0
DA:62,0
DA:66,0
DA:67,0
DA:71,0
DA:72,0
DA:77,0
DA:81,0
DA:85,5
LF:25
LH:3
BRDA:14,0,0,0
BRDA:14,0,1,0
BRDA:14,1,0,0
BRDA:14,1,1,0
BRDA:37,2,0,0
BRDA:62,3,0,0
BRDA:62,3,1,0
BRDA:72,4,0,0
BRDA:72,4,1,0
BRDA:81,5,0,0
BRDA:81,5,1,0
BRF:11
BRH:0
end_of_record
TN:
SF:src/services/ServiceService.ts
FN:7,(anonymous_0)
FN:56,(anonymous_1)
FN:61,(anonymous_2)
FN:78,(anonymous_3)
FN:90,(anonymous_4)
FN:94,(anonymous_5)
FN:118,(anonymous_6)
FN:160,(anonymous_7)
FN:165,(anonymous_8)
FN:170,(anonymous_9)
FN:174,(anonymous_10)
FNF:11
FNH:7
FNDA:13,(anonymous_0)
FNDA:8,(anonymous_1)
FNDA:8,(anonymous_2)
FNDA:2,(anonymous_3)
FNDA:9,(anonymous_4)
FNDA:0,(anonymous_5)
FNDA:0,(anonymous_6)
FNDA:0,(anonymous_7)
FNDA:1,(anonymous_8)
FNDA:3,(anonymous_9)
FNDA:0,(anonymous_10)
DA:1,6
DA:2,6
DA:4,6
DA:6,6
DA:13,13
DA:14,13
DA:15,13
DA:17,13
DA:18,1
DA:19,1
DA:22,13
DA:23,1
DA:24,1
DA:25,1
DA:29,13
DA:35,12
DA:36,12
DA:38,12
DA:46,0
DA:52,13
DA:53,13
DA:55,13
DA:56,8
DA:59,13
DA:60,1
DA:61,1
DA:62,8
DA:67,13
DA:68,13
DA:69,13
DA:71,13
DA:79,2
DA:80,2
DA:86,0
DA:89,2
DA:90,9
DA:101,0
DA:114,0
DA:115,0
DA:122,0
DA:123,0
DA:124,0
DA:126,0
DA:127,0
DA:128,0
DA:130,0
DA:131,0
DA:132,0
DA:134,0
DA:135,0
DA:136,0
DA:138,0
DA:139,0
DA:140,0
DA:142,0
DA:143,0
DA:144,0
DA:147,0
DA:148,0
DA:151,0
DA:152,0
DA:154,0
DA:156,0
DA:157,0
DA:161,0
DA:162,0
DA:166,1
DA:167,1
DA:170,3
DA:173,0
DA:174,0
DA:175,0
LF:72
LH:37
BRDA:17,0,0,1
BRDA:22,1,0,1
BRDA:35,2,0,12
BRDA:35,2,1,0
BRDA:36,3,0,12
BRDA:36,3,1,12
BRDA:55,4,0,1
BRDA:59,5,0,1
BRDA:62,6,0,8
BRDA:62,6,1,0
BRDA:67,7,0,13
BRDA:67,7,1,0
BRDA:68,8,0,13
BRDA:68,8,1,13
BRDA:86,9,0,0
BRDA:86,9,1,0
BRDA:90,10,0,2
BRDA:90,10,1,1
BRDA:107,11,0,0
BRDA:107,11,1,0
BRDA:126,12,0,0
BRDA:130,13,0,0
BRDA:134,14,0,0
BRDA:138,15,0,0
BRDA:142,16,0,0
BRDA:147,17,0,0
BRDA:157,18,0,0
BRDA:157,18,1,0
BRF:28
BRH:13
end_of_record
TN:
SF:src/services/StaffService.ts
FN:5,(anonymous_0)
FN:12,(anonymous_1)
FN:21,(anonymous_2)
FN:27,(anonymous_3)
FN:36,(anonymous_4)
FN:48,(anonymous_5)
FN:60,(anonymous_6)
FN:79,(anonymous_7)
FN:106,(anonymous_8)
FN:134,(anonymous_9)
FN:162,(anonymous_10)
FN:183,(anonymous_11)
FN:197,(anonymous_12)
FN:215,(anonymous_13)
FN:235,(anonymous_14)
FN:247,(anonymous_15)
FNF:16
FNH:2
FNDA:1,(anonymous_0)
FNDA:1,(anonymous_1)
FNDA:0,(anonymous_2)
FNDA:0,(anonymous_3)
FNDA:0,(anonymous_4)
FNDA:0,(anonymous_5)
FNDA:0,(anonymous_6)
FNDA:0,(anonymous_7)
FNDA:0,(anonymous_8)
FNDA:0,(anonymous_9)
FNDA:0,(anonymous_10)
FNDA:0,(anonymous_11)
FNDA:0,(anonymous_12)
FNDA:0,(anonymous_13)
FNDA:0,(anonymous_14)
FNDA:0,(anonymous_15)
DA:1,5
DA:4,5
DA:6,1
DA:9,1
DA:13,1
DA:18,1
DA:23,0
DA:24,0
DA:28,0
DA:33,0
DA:37,0
DA:45,0
DA:49,0
DA:56,0
DA:57,0
DA:62,0
DA:63,0
DA:64,0
DA:65,0
DA:66,0
DA:67,0
DA:68,0
DA:69,0
DA:71,0
DA:72,0
DA:73,0
DA:80,0
DA:92,0
DA:94,0
DA:95,0
DA:96,0
DA:99,0
DA:100,0
DA:111,0
DA:118,0
DA:126,0
DA:128,0
DA:135,0
DA:149,0
DA:163,0
DA:164,0
DA:167,0
DA:168,0
DA:170,0
DA:177,0
DA:184,0
DA:191,0
DA:201,0
DA:209,0
DA:222,0
DA:229,0
DA:236,0
DA:248,0
DA:266,5
LF:54
LH:7
BRDA:18,0,0,0
BRDA:18,0,1,1
BRDA:57,1,0,0
BRDA:57,1,1,0
BRDA:57,2,0,0
BRDA:57,2,1,0
BRDA:63,3,0,0
BRDA:94,4,0,0
BRDA:149,5,0,0
BRDA:149,5,1,0
BRDA:177,6,0,0
BRDA:177,6,1,0
BRDA:204,7,0,0
BRDA:204,7,1,0
BRDA:247,8,0,0
BRF:15
BRH:1
end_of_record
TN:
SF:src/services/StripeService.ts
FN:35,(anonymous_1)
FN:86,(anonymous_2)
FN:100,(anonymous_3)
FN:125,(anonymous_4)
FN:147,(anonymous_5)
FN:168,(anonymous_6)
FN:182,(anonymous_7)
FN:189,(anonymous_8)
FN:206,(anonymous_9)
FN:211,(anonymous_10)
FN:219,(anonymous_11)
FN:220,(anonymous_12)
FNF:12
FNH:0
FNDA:0,(anonymous_1)
FNDA:0,(anonymous_2)
FNDA:0,(anonymous_3)
FNDA:0,(anonymous_4)
FNDA:0,(anonymous_5)
FNDA:0,(anonymous_6)
FNDA:0,(anonymous_7)
FNDA:0,(anonymous_8)
FNDA:0,(anonymous_9)
FNDA:0,(anonymous_10)
FNDA:0,(anonymous_11)
FNDA:0,(anonymous_12)
DA:1,0
DA:2,0
DA:9,0
DA:31,0
DA:44,0
DA:45,0
DA:71,0
DA:72,0
DA:78,0
DA:79,0
DA:87,0
DA:88,0
DA:89,0
DA:90,0
DA:92,0
DA:93,0
DA:101,0
DA:102,0
DA:104,0
DA:105,0
DA:106,0
DA:115,0
DA:117,0
DA:118,0
DA:126,0
DA:127,0
DA:132,0
DA:133,0
DA:139,0
DA:140,0
DA:148,0
DA:149,0
DA:157,0
DA:158,0
DA:160,0
DA:161,0
DA:169,0
DA:170,0
DA:171,0
DA:172,0
DA:174,0
DA:175,0
DA:183,0
DA:184,0
DA:189,0
DA:198,0
DA:199,0
DA:207,0
DA:208,0
DA:209,0
DA:211,0
DA:212,0
DA:213,0
DA:216,0
DA:219,0
DA:220,0
DA:223,0
DA:224,0
DA:229,0
LF:59
LH:0
BRDA:9,0,0,0
BRDA:9,0,1,0
BRDA:88,1,0,0
BRDA:88,1,1,0
BRDA:104,2,0,0
BRDA:109,3,0,0
BRDA:109,3,1,0
BRDA:125,4,0,0
BRDA:182,5,0,0
BRDA:212,6,0,0
BRF:10
BRH:0
end_of_record
TN:
SF:src/services/TwoFactorService.ts
FN:21,(anonymous_1)
FN:52,(anonymous_2)
FN:69,(anonymous_3)
FN:86,(anonymous_4)
FN:103,(anonymous_5)
FN:120,(anonymous_6)
FN:137,(anonymous_7)
FN:186,(anonymous_8)
FN:197,(anonymous_9)
FN:199,(anonymous_10)
FN:214,(anonymous_11)
FN:244,(anonymous_12)
FNF:12
FNH:0
FNDA:0,(anonymous_1)
FNDA:0,(anonymous_2)
FNDA:0,(anonymous_3)
FNDA:0,(anonymous_4)
FNDA:0,(anonymous_5)
FNDA:0,(anonymous_6)
FNDA:0,(anonymous_7)
FNDA:0,(anonymous_8)
FNDA:0,(anonymous_9)
FNDA:0,(anonymous_10)
FNDA:0,(anonymous_11)
FNDA:0,(anonymous_12)
DA:1,5
DA:2,5
DA:3,5
DA:4,5
DA:17,5
DA:22,0
DA:23,0
DA:29,0
DA:36,0
DA:38,0
DA:44,0
DA:45,0
DA:53,0
DA:54,0
DA:61,0
DA:62,0
DA:70,0
DA:71,0
DA:76,0
DA:78,0
DA:79,0
DA:87,0
DA:88,0
DA:93,0
DA:95,0
DA:96,0
DA:104,0
DA:105,0
DA:110,0
DA:112,0
DA:113,0
DA:121,0
DA:122,0
DA:127,0
DA:129,0
DA:130,0
DA:138,0
DA:139,0
DA:141,0
DA:142,0
DA:148,0
DA:150,0
DA:152,0
DA:158,0
DA:164,0
DA:169,0
DA:175,0
DA:176,0
DA:187,0
DA:188,0
DA:189,0
DA:191,0
DA:198,0
DA:199,0
DA:201,0
DA:206,0
DA:207,0
DA:215,0
DA:216,0
DA:218,0
DA:219,0
DA:222,0
DA:223,0
DA:225,0
DA:226,0
DA:227,0
DA:231,0
DA:232,0
DA:234,0
DA:236,0
DA:237,0
DA:249,0
DA:250,0
DA:251,0
DA:252,0
DA:256,0
DA:262,0
DA:263,0
LF:78
LH:5
BRDA:110,0,0,0
BRDA:110,0,1,0
BRDA:127,1,0,0
BRDA:127,1,1,0
BRDA:141,2,0,0
BRDA:150,3,0,0
BRDA:150,3,1,0
BRDA:218,4,0,0
BRDA:218,5,0,0
BRDA:218,5,1,0
BRDA:226,6,0,0
BRF:11
BRH:0
end_of_record
TN:
SF:src/socket/chat.ts
FN:24,setupSocketHandlers
FN:25,(anonymous_1)
FN:29,(anonymous_2)
FN:55,(anonymous_3)
FN:80,(anonymous_4)
FN:92,(anonymous_5)
FN:98,(anonymous_6)
FN:104,(anonymous_7)
FN:110,(anonymous_8)
FN:117,(anonymous_9)
FN:125,(anonymous_10)
FN:130,(anonymous_11)
FN:154,(anonymous_12)
FN:180,generateMessageId
FNF:14
FNH:0
FNDA:0,setupSocketHandlers
FNDA:0,(anonymous_1)
FNDA:0,(anonymous_2)
FNDA:0,(anonymous_3)
FNDA:0,(anonymous_4)
FNDA:0,(anonymous_5)
FNDA:0,(anonymous_6)
FNDA:0,(anonymous_7)
FNDA:0,(anonymous_8)
FNDA:0,(anonymous_9)
FNDA:0,(anonymous_10)
FNDA:0,(anonymous_11)
FNDA:0,(anonymous_12)
FNDA:0,generateMessageId
DA:2,5
DA:21,5
DA:22,5
DA:24,5
DA:25,0
DA:26,0
DA:29,0
DA:30,0
DA:33,0
DA:40,0
DA:41,0
DA:43,0
DA:45,0
DA:48,0
DA:51,0
DA:55,0
DA:60,0
DA:61,0
DA:62,0
DA:63,0
DA:66,0
DA:77,0
DA:78,0
DA:80,0
DA:81,0
DA:86,0
DA:88,0
DA:92,0
DA:93,0
DA:94,0
DA:96,0
DA:97,0
DA:98,0
DA:99,0
DA:104,0
DA:105,0
DA:106,0
DA:108,0
DA:109,0
DA:110,0
DA:111,0
DA:117,0
DA:118,0
DA:119,0
DA:121,0
DA:122,0
DA:125,0
DA:126,0
DA:130,0
DA:134,0
DA:135,0
DA:137,0
DA:148,0
DA:150,0
DA:154,0
DA:155,0
DA:156,0
DA:158,0
DA:161,0
DA:162,0
DA:163,0
DA:164,0
DA:165,0
DA:167,0
DA:168,0
DA:170,0
DA:174,0
DA:181,0
LF:68
LH:4
BRDA:40,0,0,0
BRDA:61,1,0,0
BRDA:78,2,0,0
BRDA:78,3,0,0
BRDA:78,3,1,0
BRDA:94,4,0,0
BRDA:97,5,0,0
BRDA:106,6,0,0
BRDA:109,7,0,0
BRDA:119,8,0,0
BRDA:135,9,0,0
BRDA:156,10,0,0
BRDA:162,11,0,0
BRDA:164,12,0,0
BRDA:167,13,0,0
BRF:15
BRH:0
end_of_record
TN:
SF:src/types/cookie-parser.d.ts
FNF:0
FNH:0
LF:0
LH:0
BRF:0
BRH:0
end_of_record
TN:
SF:src/utils/cache.ts
FN:6,(anonymous_0)
FN:11,(anonymous_1)
FN:16,(anonymous_2)
FN:28,(anonymous_3)
FN:32,(anonymous_4)
FN:37,(anonymous_5)
FN:47,(anonymous_6)
FN:48,(anonymous_7)
FN:52,(anonymous_8)
FNF:9
FNH:3
FNDA:5,(anonymous_0)
FNDA:0,(anonymous_1)
FNDA:0,(anonymous_2)
FNDA:0,(anonymous_3)
FNDA:0,(anonymous_4)
FNDA:0,(anonymous_5)
FNDA:5,(anonymous_6)
FNDA:0,(anonymous_7)
FNDA:5,(anonymous_8)
DA:7,5
DA:8,5
DA:9,5
DA:12,0
DA:13,0
DA:17,0
DA:18,0
DA:20,0
DA:21,0
DA:22,0
DA:25,0
DA:29,0
DA:33,0
DA:38,0
DA:39,0
DA:40,0
DA:41,0
DA:48,5
DA:53,5
DA:54,5
DA:55,5
DA:60,5
DA:61,5
LF:23
LH:9
BRDA:12,0,0,0
BRDA:12,0,1,0
BRDA:18,1,0,0
BRDA:20,2,0,0
BRDA:40,3,0,0
BRDA:53,4,0,5
BRF:6
BRH:1
end_of_record
TN:
SF:src/utils/constants.ts
FN:8,(anonymous_0)
FN:17,(anonymous_1)
FN:28,(anonymous_2)
FN:38,(anonymous_3)
FN:48,(anonymous_4)
FN:58,(anonymous_5)
FN:67,(anonymous_6)
FN:116,getEnumLabel
FN:118,(anonymous_8)
FN:125,isValidRole
FN:132,isValidBookingStatus
FNF:11
FNH:7
FNDA:6,(anonymous_0)
FNDA:6,(anonymous_1)
FNDA:6,(anonymous_2)
FNDA:6,(anonymous_3)
FNDA:6,(anonymous_4)
FNDA:6,(anonymous_5)
FNDA:6,(anonymous_6)
FNDA:0,getEnumLabel
FNDA:0,(anonymous_8)
FNDA:0,isValidRole
FNDA:0,isValidBookingStatus
DA:8,6
DA:9,6
DA:10,6
DA:11,6
DA:17,6
DA:18,6
DA:19,6
DA:20,6
DA:21,6
DA:22,6
DA:28,6
DA:29,6
DA:30,6
DA:31,6
DA:32,6
DA:38,6
DA:39,6
DA:40,6
DA:41,6
DA:42,6
DA:48,6
DA:49,6
DA:50,6
DA:51,6
DA:52,6
DA:58,6
DA:59,6
DA:60,6
DA:61,6
DA:67,6
DA:68,6
DA:69,6
DA:70,6
DA:71,6
DA:72,6
DA:73,6
DA:74,6
DA:80,6
DA:116,6
DA:117,0
DA:118,0
DA:119,0
DA:125,6
DA:126,0
DA:132,6
DA:133,0
LF:46
LH:41
BRDA:8,0,0,6
BRDA:8,0,1,6
BRDA:17,1,0,6
BRDA:17,1,1,6
BRDA:28,2,0,6
BRDA:28,2,1,6
BRDA:38,3,0,6
BRDA:38,3,1,6
BRDA:48,4,0,6
BRDA:48,4,1,6
BRDA:58,5,0,6
BRDA:58,5,1,6
BRDA:67,6,0,6
BRDA:67,6,1,6
BRDA:119,7,0,0
BRDA:119,7,1,0
BRF:16
BRH:14
end_of_record
TN:
SF:src/utils/database.ts
FN:15,(anonymous_1)
FN:48,(anonymous_2)
FN:52,(anonymous_3)
FN:60,(anonymous_4)
FN:64,(anonymous_5)
FN:65,(anonymous_6)
FN:75,(anonymous_7)
FN:77,(anonymous_8)
FN:82,(anonymous_9)
FN:88,(anonymous_10)
FN:95,(anonymous_11)
FN:103,(anonymous_12)
FN:115,(anonymous_13)
FN:120,waitForDatabase
FN:134,(anonymous_15)
FN:143,(anonymous_16)
FNF:16
FNH:5
FNDA:5,(anonymous_1)
FNDA:0,(anonymous_2)
FNDA:0,(anonymous_3)
FNDA:627,(anonymous_4)
FNDA:627,(anonymous_5)
FNDA:627,(anonymous_6)
FNDA:0,(anonymous_7)
FNDA:0,(anonymous_8)
FNDA:0,(anonymous_9)
FNDA:0,(anonymous_10)
FNDA:0,(anonymous_11)
FNDA:0,(anonymous_12)
FNDA:0,(anonymous_13)
FNDA:0,waitForDatabase
FNDA:0,(anonymous_15)
FNDA:5,(anonymous_16)
DA:1,6
DA:2,6
DA:4,6
DA:7,6
DA:8,6
DA:11,6
DA:12,6
DA:15,6
DA:16,5
DA:17,5
DA:18,5
DA:19,5
DA:20,5
DA:21,5
DA:23,5
DA:25,5
DA:28,0
DA:29,0
DA:31,0
DA:41,0
DA:48,0
DA:49,0
DA:52,0
DA:53,0
DA:56,0
DA:60,6
DA:62,627
DA:63,627
DA:64,627
DA:65,627
DA:66,627
DA:67,512
DA:71,0
DA:72,0
DA:75,0
DA:77,0
DA:78,0
DA:82,0
DA:83,0
DA:84,0
DA:88,0
DA:89,0
DA:90,0
DA:93,0
DA:94,0
DA:95,0
DA:98,0
DA:103,6
DA:104,0
DA:105,0
DA:107,0
DA:108,0
DA:110,0
DA:115,6
DA:116,0
DA:120,6
DA:121,0
DA:123,0
DA:125,0
DA:126,0
DA:127,0
DA:128,0
DA:129,0
DA:130,0
DA:131,0
DA:134,0
DA:135,0
DA:138,0
DA:141,6
DA:143,6
DA:144,5
DA:145,5
DA:146,0
DA:147,0
DA:148,0
DA:151,0
DA:155,6
DA:156,6
DA:159,6
LF:79
LH:33
BRDA:7,0,0,6
BRDA:7,0,1,0
BRDA:7,1,0,0
BRDA:7,1,1,0
BRDA:16,2,0,5
BRDA:18,3,0,5
BRDA:20,4,0,5
BRDA:20,4,1,5
BRDA:29,5,0,0
BRDA:31,6,0,0
BRDA:31,6,1,0
BRDA:34,7,0,0
BRDA:34,7,1,0
BRDA:35,8,0,0
BRDA:35,8,1,0
BRDA:36,9,0,0
BRDA:36,9,1,0
BRDA:36,10,0,0
BRDA:36,10,1,0
BRDA:37,11,0,0
BRDA:37,11,1,0
BRDA:38,12,0,0
BRDA:38,12,1,0
BRDA:56,13,0,0
BRDA:56,13,1,0
BRDA:62,14,0,627
BRDA:63,15,0,5
BRDA:65,16,0,627
BRDA:65,16,1,352
BRDA:66,17,0,115
BRDA:71,18,0,0
BRDA:93,19,0,0
BRDA:93,19,1,0
BRDA:104,20,0,0
BRDA:107,21,0,0
BRDA:107,21,1,0
BRDA:116,22,0,0
BRDA:116,22,1,0
BRDA:121,23,0,0
BRDA:125,24,0,0
BRDA:125,24,1,0
BRDA:126,25,0,0
BRDA:126,25,1,0
BRDA:145,26,0,0
BRF:44
BRH:10
end_of_record
TN:
SF:src/utils/jwt.ts
FN:11,(anonymous_1)
FN:28,(anonymous_2)
FN:37,(anonymous_3)
FN:46,(anonymous_4)
FNF:4
FNH:1
FNDA:0,(anonymous_1)
FNDA:26,(anonymous_2)
FNDA:0,(anonymous_3)
FNDA:0,(anonymous_4)
DA:1,6
DA:3,6
DA:4,6
DA:6,6
DA:7,6
DA:8,6
DA:9,6
DA:11,6
DA:12,0
DA:13,0
DA:17,0
DA:21,0
DA:23,0
DA:24,0
DA:28,6
DA:29,26
DA:30,26
DA:32,26
DA:33,26
DA:37,6
DA:38,0
DA:39,0
DA:41,0
DA:42,0
DA:46,6
DA:47,0
DA:48,0
DA:50,0
DA:51,0
LF:29
LH:15
BRDA:6,0,0,6
BRDA:6,0,1,6
BRDA:7,1,0,6
BRDA:7,1,1,6
BRDA:8,2,0,6
BRDA:8,2,1,6
BRDA:9,3,0,6
BRDA:9,3,1,6
BRF:8
BRH:8
end_of_record
TN:
SF:src/utils/logger-advanced.ts
FN:26,(anonymous_1)
FNF:1
FNH:0
FNDA:0,(anonymous_1)
DA:1,7
DA:2,7
DA:5,7
DA:6,7
DA:7,7
DA:8,0
DA:12,7
DA:27,0
DA:53,7
LF:9
LH:7
BRDA:7,0,0,0
BRDA:13,1,0,7
BRDA:13,1,1,5
BRF:3
BRH:2
end_of_record
TN:
SF:src/utils/logger.ts
FN:24,(anonymous_1)
FNF:1
FNH:1
FNDA:751,(anonymous_1)
DA:1,6
DA:3,6
DA:11,6
DA:19,6
DA:21,6
DA:24,751
DA:27,6
DA:38,6
LF:8
LH:8
BRDA:39,0,0,6
BRDA:39,0,1,6
BRF:2
BRH:2
end_of_record
TN:
SF:src/utils/mockData.ts
FNF:0
FNH:0
DA:2,6
DA:85,6
DA:97,6
LF:3
LH:3
BRF:0
BRH:0
end_of_record
TN:
SF:src/utils/password.ts
FN:6,(anonymous_1)
FN:15,(anonymous_2)
FNF:2
FNH:2
FNDA:40,(anonymous_1)
FNDA:1,(anonymous_2)
DA:1,6
DA:2,6
DA:4,6
DA:6,6
DA:7,40
DA:8,40
DA:10,0
DA:11,0
DA:15,6
DA:16,1
DA:17,1
DA:19,0
DA:20,0
LF:13
LH:9
BRF:0
BRH:0
end_of_record
TN:
SF:src/utils/priceCalculator.ts
FN:2,calculateServicePrice
FN:28,calculatePriceBreakdown
FNF:2
FNH:0
FNDA:0,calculateServicePrice
FNDA:0,calculatePriceBreakdown
DA:2,6
DA:7,0
DA:10,0
DA:13,0
DA:14,0
DA:15,0
DA:16,0
DA:17,0
DA:22,0
DA:23,0
DA:25,0
DA:28,6
DA:37,0
DA:40,0
DA:43,0
DA:44,0
DA:45,0
DA:46,0
DA:47,0
DA:52,0
DA:53,0
DA:55,0
LF:22
LH:2
BRDA:4,0,0,0
BRDA:7,1,0,0
BRDA:7,1,1,0
BRDA:14,2,0,0
BRDA:16,3,0,0
BRDA:30,4,0,0
BRDA:37,5,0,0
BRDA:37,5,1,0
BRDA:44,6,0,0
BRDA:46,7,0,0
BRF:10
BRH:0
end_of_record
TN:
SF:src/utils/schemas.ts
FNF:0
FNH:0
DA:1,6
DA:4,6
DA:11,6
DA:16,6
DA:21,6
DA:30,6
DA:39,6
DA:41,6
DA:55,6
DA:63,6
DA:69,6
DA:77,6
DA:83,6
DA:86,6
DA:93,6
DA:98,6
DA:102,6
DA:107,6
LF:18
LH:18
BRF:0
BRH:0
end_of_record
TN:
SF:src/utils/sentry.ts
FN:3,initSentry
FNF:1
FNH:0
FNDA:0,initSentry
DA:1,6
DA:3,6
DA:4,0
DA:5,0
DA:7,0
DA:11,0
DA:14,6
LF:7
LH:3
BRDA:5,0,0,0
BRDA:9,1,0,0
BRDA:9,1,1,0
BRF:3
BRH:0
end_of_record
TN:
SF:src/utils/sql.ts
FN:3,sqlNow
FN:7,sqlAgoHours
FN:12,sqlAgoDays
FNF:3
FNH:0
FNDA:0,sqlNow
FNDA:0,sqlAgoHours
FNDA:0,sqlAgoDays
DA:1,0
DA:3,0
DA:4,0
DA:7,0
DA:8,0
DA:9,0
DA:12,0
DA:13,0
DA:14,0
LF:9
LH:0
BRDA:1,0,0,0
BRDA:1,0,1,0
BRDA:1,1,0,0
BRDA:1,1,1,0
BRDA:4,2,0,0
BRDA:4,2,1,0
BRDA:8,3,0,0
BRDA:13,4,0,0
BRF:8
BRH:0
end_of_record
TN:
SF:src/utils/swagger.ts
FN:189,setupSwagger
FN:196,(anonymous_2)
FNF:2
FNH:1
FNDA:5,setupSwagger
FNDA:0,(anonymous_2)
DA:1,5
DA:2,5
DA:4,5
DA:187,5
DA:189,5
DA:190,5
DA:196,5
DA:197,0
DA:198,0
DA:201,5
LF:10
LH:8
BRF:0
BRH:0
end_of_record
TN:
SF:src/utils/transformers.ts
FN:13,camelize
FN:18,(anonymous_1)
FN:37,toCamelCase
FN:38,(anonymous_3)
FN:49,snakeify
FN:54,(anonymous_5)
FN:73,toSnakeCase
FN:74,(anonymous_7)
FNF:8
FNH:4
FNDA:887,camelize
FNDA:96,(anonymous_1)
FNDA:776,toCamelCase
FNDA:388,(anonymous_3)
FNDA:0,snakeify
FNDA:0,(anonymous_5)
FNDA:0,toSnakeCase
FNDA:0,(anonymous_7)
DA:13,6
DA:14,887
DA:15,887
DA:17,111
DA:18,96
DA:21,97
DA:22,97
DA:23,776
DA:24,776
DA:25,776
DA:28,97
DA:38,776
DA:49,6
DA:50,0
DA:51,0
DA:53,0
DA:54,0
DA:57,0
DA:58,0
DA:59,0
DA:60,0
DA:61,0
DA:64,0
DA:74,0
LF:24
LH:13
BRDA:14,0,0,0
BRDA:14,1,0,887
BRDA:14,1,1,887
BRDA:15,2,0,776
BRDA:17,3,0,14
BRDA:23,4,0,776
BRDA:50,5,0,0
BRDA:50,6,0,0
BRDA:50,6,1,0
BRDA:51,7,0,0
BRDA:53,8,0,0
BRDA:59,9,0,0
BRF:12
BRH:5
end_of_record
